[ 2014-12-07T19:48:19+08:00 ] 127.0.0.1 /sdcn/index.php/Home/User/login
INFO: [ app_init ] --START--
INFO: Run Behavior\BuildLiteBehavior [ RunTime:0.000052s ]
INFO: [ app_init ] --END-- [ RunTime:0.013197s ]
INFO: [ app_begin ] --START--
INFO: Run Behavior\ReadHtmlCacheBehavior [ RunTime:0.004598s ]
INFO: [ app_begin ] --END-- [ RunTime:0.004999s ]
INFO: [ view_parse ] --START--
INFO: [ template_filter ] --START--
INFO: Run Behavior\ContentReplaceBehavior [ RunTime:0.000129s ]
INFO: [ template_filter ] --END-- [ RunTime:0.000354s ]
NOTIC: [8] Undefined variable: errmsg D:\wamp\www\sdcn\Application\Runtime\Cache\Home\5c9ee6d19cd41add49f97afe3aef0b25.php 第 42 行.
INFO: Run Behavior\ParseTemplateBehavior [ RunTime:0.045010s ]
INFO: [ view_parse ] --END-- [ RunTime:0.045387s ]
INFO: [ view_filter ] --START--
INFO: Run Behavior\WriteHtmlCacheBehavior [ RunTime:0.012115s ]
INFO: [ view_filter ] --END-- [ RunTime:0.012413s ]
INFO: [ app_end ] --START--
INFO: Run Behavior\ShowPageTraceBehavior [ RunTime:0.003922s ]
INFO: [ app_end ] --END-- [ RunTime:0.004206s ]

[ 2014-12-07T19:48:29+08:00 ] 127.0.0.1 /sdcn/index.php/Home/User/login
INFO: [ app_init ] --START--
INFO: Run Behavior\BuildLiteBehavior [ RunTime:0.000049s ]
INFO: [ app_init ] --END-- [ RunTime:0.001774s ]
INFO: [ app_begin ] --START--
INFO: Run Behavior\ReadHtmlCacheBehavior [ RunTime:0.002417s ]
INFO: [ app_begin ] --END-- [ RunTime:0.002989s ]
SQL: SHOW COLUMNS FROM `think_user` [ RunTime:0.143544s ]
SQL: SELECT * FROM `think_user` WHERE ( name = 'shengsr' ) LIMIT 1   [ RunTime:0.060146s ]
SQL: SELECT * FROM `think_user` WHERE ( password = '3dcfd63e84d210efffb16514dbeae58d' ) LIMIT 1   [ RunTime:0.000795s ]

[ 2014-12-07T19:48:29+08:00 ] 127.0.0.1 /sdcn/index.php/Home/Index/index.html
INFO: [ app_init ] --START--
INFO: Run Behavior\BuildLiteBehavior [ RunTime:0.000069s ]
INFO: [ app_init ] --END-- [ RunTime:0.001683s ]
INFO: [ app_begin ] --START--
INFO: Run Behavior\ReadHtmlCacheBehavior [ RunTime:0.001990s ]
INFO: [ app_begin ] --END-- [ RunTime:0.002332s ]
SQL: select ip,port,node_type,cache_used_rate,status,description from sdcn_controller.store_node  t1 left join 								      syslog.cnode  t2  on t1.ip = t2.cnode_ip [ RunTime:0.001725s ]
INFO: [ view_parse ] --START--
INFO: [ template_filter ] --START--
INFO: Run Behavior\ContentReplaceBehavior [ RunTime:0.000145s ]
INFO: [ template_filter ] --END-- [ RunTime:0.000382s ]
INFO: Run Behavior\ParseTemplateBehavior [ RunTime:0.131964s ]
INFO: [ view_parse ] --END-- [ RunTime:0.132351s ]
INFO: [ view_filter ] --START--
INFO: Run Behavior\WriteHtmlCacheBehavior [ RunTime:0.001844s ]
INFO: [ view_filter ] --END-- [ RunTime:0.002191s ]
INFO: [ app_end ] --START--
INFO: Run Behavior\ShowPageTraceBehavior [ RunTime:0.002763s ]
INFO: [ app_end ] --END-- [ RunTime:0.003122s ]

[ 2014-12-07T19:48:35+08:00 ] 127.0.0.1 /sdcn/index.php/Home/Node/contentdistribution?ip=192.168.64.223
INFO: [ app_init ] --START--
INFO: Run Behavior\BuildLiteBehavior [ RunTime:0.000044s ]
INFO: [ app_init ] --END-- [ RunTime:0.001181s ]
INFO: [ app_begin ] --START--
INFO: Run Behavior\ReadHtmlCacheBehavior [ RunTime:0.001281s ]
INFO: [ app_begin ] --END-- [ RunTime:0.001484s ]
SQL: SHOW COLUMNS FROM syslog .cnode_content [ RunTime:0.002620s ]
SQL: SELECT `content_size` FROM syslog .cnode_content WHERE ( cnode_ip = '192.168.64.223' AND content_type = '0' )  [ RunTime:0.001036s ]
SQL: SELECT `content_size` FROM syslog .cnode_content WHERE ( cnode_ip = '192.168.64.223' AND content_type = '1' )  [ RunTime:0.000912s ]
SQL: SELECT `content_size` FROM syslog .cnode_content WHERE ( cnode_ip = '192.168.64.223' AND content_type = '2' )  [ RunTime:0.000890s ]

