[ 2014-12-30T08:39:51+08:00 ] 127.0.0.1 /sdcn/index.php/home/user/login
INFO: [ app_init ] --START--
INFO: Run Behavior\BuildLiteBehavior [ RunTime:0.000049s ]
INFO: [ app_init ] --END-- [ RunTime:0.029986s ]
INFO: [ app_begin ] --START--
INFO: Run Behavior\ReadHtmlCacheBehavior [ RunTime:0.003368s ]
INFO: [ app_begin ] --END-- [ RunTime:0.003623s ]
INFO: [ view_parse ] --START--
INFO: [ template_filter ] --START--
INFO: Run Behavior\ContentReplaceBehavior [ RunTime:0.000128s ]
INFO: [ template_filter ] --END-- [ RunTime:0.000384s ]
NOTIC: [8] Undefined variable: errmsg D:\wamp\www\sdcn\Application\Runtime\Cache\Home\5c9ee6d19cd41add49f97afe3aef0b25.php 第 42 行.
INFO: Run Behavior\ParseTemplateBehavior [ RunTime:0.026353s ]
INFO: [ view_parse ] --END-- [ RunTime:0.026581s ]
INFO: [ view_filter ] --START--
INFO: Run Behavior\WriteHtmlCacheBehavior [ RunTime:0.002939s ]
INFO: [ view_filter ] --END-- [ RunTime:0.003184s ]
INFO: [ app_end ] --START--
INFO: Run Behavior\ShowPageTraceBehavior [ RunTime:0.002148s ]
INFO: [ app_end ] --END-- [ RunTime:0.002378s ]

[ 2014-12-30T08:39:59+08:00 ] 127.0.0.1 /sdcn/index.php/Home/User/login
INFO: [ app_init ] --START--
INFO: Run Behavior\BuildLiteBehavior [ RunTime:0.000045s ]
INFO: [ app_init ] --END-- [ RunTime:0.000823s ]
INFO: [ app_begin ] --START--
INFO: Run Behavior\ReadHtmlCacheBehavior [ RunTime:0.000944s ]
INFO: [ app_begin ] --END-- [ RunTime:0.001190s ]
SQL: SHOW COLUMNS FROM `think_user` [ RunTime:0.027294s ]
SQL: SELECT * FROM `think_user` WHERE ( name = 'shengsr' ) LIMIT 1   [ RunTime:0.001901s ]
SQL: SELECT * FROM `think_user` WHERE ( password = '3dcfd63e84d210efffb16514dbeae58d' ) LIMIT 1   [ RunTime:0.000683s ]

[ 2014-12-30T08:39:59+08:00 ] 127.0.0.1 /sdcn/index.php/Home/Index/index.html
INFO: [ app_init ] --START--
INFO: Run Behavior\BuildLiteBehavior [ RunTime:0.000051s ]
INFO: [ app_init ] --END-- [ RunTime:0.000988s ]
INFO: [ app_begin ] --START--
INFO: Run Behavior\ReadHtmlCacheBehavior [ RunTime:0.001130s ]
INFO: [ app_begin ] --END-- [ RunTime:0.001427s ]
SQL: select ip,node_type,total_cache_num,cache_used_rate,total_cache_size,status from sdcn_controller.store_node  t1 left join 	syslog.cnode  t2  on t1.ip = t2.cnode_ip [ RunTime:0.001427s ]
INFO: [ view_parse ] --START--
INFO: [ template_filter ] --START--
INFO: Run Behavior\ContentReplaceBehavior [ RunTime:0.000166s ]
INFO: [ template_filter ] --END-- [ RunTime:0.000377s ]
INFO: Run Behavior\ParseTemplateBehavior [ RunTime:0.051664s ]
INFO: [ view_parse ] --END-- [ RunTime:0.051931s ]
INFO: [ view_filter ] --START--
INFO: Run Behavior\WriteHtmlCacheBehavior [ RunTime:0.000544s ]
INFO: [ view_filter ] --END-- [ RunTime:0.000732s ]
INFO: [ app_end ] --START--
INFO: Run Behavior\ShowPageTraceBehavior [ RunTime:0.001005s ]
INFO: [ app_end ] --END-- [ RunTime:0.001189s ]

[ 2014-12-30T09:11:52+08:00 ] 127.0.0.1 /sdcn/index.php/Home/Node/contentdistribution?ip=192.168.64.223
INFO: [ app_init ] --START--
INFO: Run Behavior\BuildLiteBehavior [ RunTime:0.000046s ]
INFO: [ app_init ] --END-- [ RunTime:0.000993s ]
INFO: [ app_begin ] --START--
INFO: Run Behavior\ReadHtmlCacheBehavior [ RunTime:0.001183s ]
INFO: [ app_begin ] --END-- [ RunTime:0.001390s ]
INFO: [ view_parse ] --START--
INFO: [ template_filter ] --START--
INFO: Run Behavior\ContentReplaceBehavior [ RunTime:0.000177s ]
INFO: [ template_filter ] --END-- [ RunTime:0.000453s ]
INFO: Run Behavior\ParseTemplateBehavior [ RunTime:0.022644s ]
INFO: [ view_parse ] --END-- [ RunTime:0.022881s ]
INFO: [ view_filter ] --START--
INFO: Run Behavior\WriteHtmlCacheBehavior [ RunTime:0.000913s ]
INFO: [ view_filter ] --END-- [ RunTime:0.001102s ]
INFO: [ app_end ] --START--
INFO: Run Behavior\ShowPageTraceBehavior [ RunTime:0.001486s ]
INFO: [ app_end ] --END-- [ RunTime:0.001677s ]

[ 2014-12-30T09:11:55+08:00 ] 127.0.0.1 /sdcn/index.php/Home/Node/contentdistribution.html?ip=192.168.64.223
INFO: [ app_init ] --START--
INFO: Run Behavior\BuildLiteBehavior [ RunTime:0.000048s ]
INFO: [ app_init ] --END-- [ RunTime:0.000887s ]
INFO: [ app_begin ] --START--
INFO: Run Behavior\ReadHtmlCacheBehavior [ RunTime:0.001352s ]
INFO: [ app_begin ] --END-- [ RunTime:0.001579s ]
INFO: [ view_parse ] --START--
INFO: [ template_filter ] --START--
INFO: Run Behavior\ContentReplaceBehavior [ RunTime:0.000152s ]
INFO: [ template_filter ] --END-- [ RunTime:0.000380s ]
INFO: Run Behavior\ParseTemplateBehavior [ RunTime:0.020342s ]
INFO: [ view_parse ] --END-- [ RunTime:0.020573s ]
INFO: [ view_filter ] --START--
INFO: Run Behavior\WriteHtmlCacheBehavior [ RunTime:0.000931s ]
INFO: [ view_filter ] --END-- [ RunTime:0.001119s ]
INFO: [ app_end ] --START--
INFO: Run Behavior\ShowPageTraceBehavior [ RunTime:0.001449s ]
INFO: [ app_end ] --END-- [ RunTime:0.001633s ]

[ 2014-12-30T09:11:57+08:00 ] 127.0.0.1 /sdcn/index.php/Home/Node/cacherequest.html?ip=192.168.64.223
INFO: [ app_init ] --START--
INFO: Run Behavior\BuildLiteBehavior [ RunTime:0.000048s ]
INFO: [ app_init ] --END-- [ RunTime:0.000980s ]
INFO: [ app_begin ] --START--
INFO: Run Behavior\ReadHtmlCacheBehavior [ RunTime:0.001161s ]
INFO: [ app_begin ] --END-- [ RunTime:0.001375s ]
SQL: select t1.client_ip,start_time,approach from client_status 
		group by start_time [ RunTime:0.032741s ]
ERR: 1054:Unknown column 't1.client_ip' in 'field list'
 [ SQL语句 ] : select t1.client_ip,start_time,approach from client_status 
		group by start_time
INFO: [ view_parse ] --START--
INFO: [ template_filter ] --START--
INFO: Run Behavior\ContentReplaceBehavior [ RunTime:0.000141s ]
INFO: [ template_filter ] --END-- [ RunTime:0.000375s ]
INFO: Run Behavior\ParseTemplateBehavior [ RunTime:0.019801s ]
INFO: [ view_parse ] --END-- [ RunTime:0.020017s ]
INFO: [ view_filter ] --START--
INFO: Run Behavior\WriteHtmlCacheBehavior [ RunTime:0.000925s ]
INFO: [ view_filter ] --END-- [ RunTime:0.001114s ]
INFO: [ app_end ] --START--
INFO: Run Behavior\ShowPageTraceBehavior [ RunTime:0.001390s ]
INFO: [ app_end ] --END-- [ RunTime:0.001587s ]

[ 2014-12-30T09:12:29+08:00 ] 127.0.0.1 /sdcn/index.php/Home/Node/cacherequest.html?ip=192.168.64.223
INFO: [ app_init ] --START--
INFO: Run Behavior\BuildLiteBehavior [ RunTime:0.000048s ]
INFO: [ app_init ] --END-- [ RunTime:0.000975s ]
INFO: [ app_begin ] --START--
INFO: Run Behavior\ReadHtmlCacheBehavior [ RunTime:0.001141s ]
INFO: [ app_begin ] --END-- [ RunTime:0.001364s ]
SQL: select t1.client_ip,start_time,approach from client_status 
		group by start_time [ RunTime:0.000425s ]
ERR: 1054:Unknown column 't1.client_ip' in 'field list'
 [ SQL语句 ] : select t1.client_ip,start_time,approach from client_status 
		group by start_time
INFO: [ view_parse ] --START--
INFO: [ template_filter ] --START--
INFO: Run Behavior\ContentReplaceBehavior [ RunTime:0.000141s ]
INFO: [ template_filter ] --END-- [ RunTime:0.000376s ]
INFO: Run Behavior\ParseTemplateBehavior [ RunTime:0.019778s ]
INFO: [ view_parse ] --END-- [ RunTime:0.020001s ]
INFO: [ view_filter ] --START--
INFO: Run Behavior\WriteHtmlCacheBehavior [ RunTime:0.000898s ]
INFO: [ view_filter ] --END-- [ RunTime:0.001087s ]
INFO: [ app_end ] --START--
INFO: Run Behavior\ShowPageTraceBehavior [ RunTime:0.001354s ]
INFO: [ app_end ] --END-- [ RunTime:0.001553s ]

[ 2014-12-30T09:13:38+08:00 ] 127.0.0.1 /sdcn/index.php/Home/Node/cacherequest.html?ip=192.168.64.223
INFO: [ app_init ] --START--
INFO: Run Behavior\BuildLiteBehavior [ RunTime:0.000047s ]
INFO: [ app_init ] --END-- [ RunTime:0.000949s ]
INFO: [ app_begin ] --START--
INFO: Run Behavior\ReadHtmlCacheBehavior [ RunTime:0.001177s ]
INFO: [ app_begin ] --END-- [ RunTime:0.001435s ]
SQL: select client_ip,start_time,approach from client_status group by start_time [ RunTime:0.000857s ]
INFO: [ view_parse ] --START--
INFO: [ template_filter ] --START--
INFO: Run Behavior\ContentReplaceBehavior [ RunTime:0.000144s ]
INFO: [ template_filter ] --END-- [ RunTime:0.000389s ]
INFO: Run Behavior\ParseTemplateBehavior [ RunTime:0.020028s ]
INFO: [ view_parse ] --END-- [ RunTime:0.020251s ]
INFO: [ view_filter ] --START--
INFO: Run Behavior\WriteHtmlCacheBehavior [ RunTime:0.000910s ]
INFO: [ view_filter ] --END-- [ RunTime:0.001098s ]
INFO: [ app_end ] --START--
INFO: Run Behavior\ShowPageTraceBehavior [ RunTime:0.001324s ]
INFO: [ app_end ] --END-- [ RunTime:0.001524s ]

[ 2014-12-30T09:14:24+08:00 ] 127.0.0.1 /sdcn/index.php/Home/Node/cacherequest.html?ip=192.168.64.223
INFO: [ app_init ] --START--
INFO: Run Behavior\BuildLiteBehavior [ RunTime:0.000051s ]
INFO: [ app_init ] --END-- [ RunTime:0.001088s ]
INFO: [ app_begin ] --START--
INFO: Run Behavior\ReadHtmlCacheBehavior [ RunTime:0.001884s ]
INFO: [ app_begin ] --END-- [ RunTime:0.002195s ]
SQL: select client_ip,start_time,approach from client_status group by start_time [ RunTime:0.000456s ]
INFO: [ view_parse ] --START--
INFO: [ template_filter ] --START--
INFO: Run Behavior\ContentReplaceBehavior [ RunTime:0.000142s ]
INFO: [ template_filter ] --END-- [ RunTime:0.000399s ]
INFO: Run Behavior\ParseTemplateBehavior [ RunTime:0.020852s ]
INFO: [ view_parse ] --END-- [ RunTime:0.021105s ]
INFO: [ view_filter ] --START--
INFO: Run Behavior\WriteHtmlCacheBehavior [ RunTime:0.001255s ]
INFO: [ view_filter ] --END-- [ RunTime:0.001474s ]
INFO: [ app_end ] --START--
INFO: Run Behavior\ShowPageTraceBehavior [ RunTime:0.001573s ]
INFO: [ app_end ] --END-- [ RunTime:0.001791s ]

[ 2014-12-30T10:54:52+08:00 ] 127.0.0.1 /sdcn/index.php/home/user/login
INFO: [ app_init ] --START--
INFO: Run Behavior\BuildLiteBehavior [ RunTime:0.000049s ]
INFO: [ app_init ] --END-- [ RunTime:0.029942s ]
INFO: [ app_begin ] --START--
INFO: Run Behavior\ReadHtmlCacheBehavior [ RunTime:0.038564s ]
INFO: [ app_begin ] --END-- [ RunTime:0.038825s ]
INFO: [ view_parse ] --START--
INFO: [ template_filter ] --START--
INFO: Run Behavior\ContentReplaceBehavior [ RunTime:0.000127s ]
INFO: [ template_filter ] --END-- [ RunTime:0.000406s ]
NOTIC: [8] Undefined variable: errmsg D:\wamp\www\sdcn\Application\Runtime\Cache\Home\5c9ee6d19cd41add49f97afe3aef0b25.php 第 42 行.
INFO: Run Behavior\ParseTemplateBehavior [ RunTime:0.055045s ]
INFO: [ view_parse ] --END-- [ RunTime:0.055273s ]
INFO: [ view_filter ] --START--
INFO: Run Behavior\WriteHtmlCacheBehavior [ RunTime:0.007677s ]
INFO: [ view_filter ] --END-- [ RunTime:0.007902s ]
INFO: [ app_end ] --START--
INFO: Run Behavior\ShowPageTraceBehavior [ RunTime:0.003785s ]
INFO: [ app_end ] --END-- [ RunTime:0.004005s ]

[ 2014-12-30T10:55:00+08:00 ] 127.0.0.1 /sdcn/index.php/Home/User/login
INFO: [ app_init ] --START--
INFO: Run Behavior\BuildLiteBehavior [ RunTime:0.000046s ]
INFO: [ app_init ] --END-- [ RunTime:0.001063s ]
INFO: [ app_begin ] --START--
INFO: Run Behavior\ReadHtmlCacheBehavior [ RunTime:0.001096s ]
INFO: [ app_begin ] --END-- [ RunTime:0.001413s ]
SQL: SHOW COLUMNS FROM `think_user` [ RunTime:0.048286s ]
SQL: SELECT * FROM `think_user` WHERE ( name = 'shengsr' ) LIMIT 1   [ RunTime:0.001743s ]
SQL: SELECT * FROM `think_user` WHERE ( password = '3dcfd63e84d210efffb16514dbeae58d' ) LIMIT 1   [ RunTime:0.000733s ]

[ 2014-12-30T10:55:00+08:00 ] 127.0.0.1 /sdcn/index.php/Home/Index/index.html
INFO: [ app_init ] --START--
INFO: Run Behavior\BuildLiteBehavior [ RunTime:0.000044s ]
INFO: [ app_init ] --END-- [ RunTime:0.000772s ]
INFO: [ app_begin ] --START--
INFO: Run Behavior\ReadHtmlCacheBehavior [ RunTime:0.000937s ]
INFO: [ app_begin ] --END-- [ RunTime:0.001141s ]
SQL: select ip,node_type,total_cache_num,cache_used_rate,total_cache_size,status from sdcn_controller.store_node  t1 left join 	syslog.cnode  t2  on t1.ip = t2.cnode_ip [ RunTime:0.001434s ]
INFO: [ view_parse ] --START--
INFO: [ template_filter ] --START--
INFO: Run Behavior\ContentReplaceBehavior [ RunTime:0.000147s ]
INFO: [ template_filter ] --END-- [ RunTime:0.000371s ]
INFO: Run Behavior\ParseTemplateBehavior [ RunTime:0.051681s ]
INFO: [ view_parse ] --END-- [ RunTime:0.051949s ]
INFO: [ view_filter ] --START--
INFO: Run Behavior\WriteHtmlCacheBehavior [ RunTime:0.000600s ]
INFO: [ view_filter ] --END-- [ RunTime:0.000801s ]
INFO: [ app_end ] --START--
INFO: Run Behavior\ShowPageTraceBehavior [ RunTime:0.000985s ]
INFO: [ app_end ] --END-- [ RunTime:0.001185s ]

[ 2014-12-30T14:01:04+08:00 ] 127.0.0.1 /sdcn/index.php/Home/Index/index_form
INFO: [ app_init ] --START--
INFO: Run Behavior\BuildLiteBehavior [ RunTime:0.000045s ]
INFO: [ app_init ] --END-- [ RunTime:0.000897s ]
INFO: [ app_begin ] --START--
INFO: Run Behavior\ReadHtmlCacheBehavior [ RunTime:0.001829s ]
INFO: [ app_begin ] --END-- [ RunTime:0.002320s ]
SQL: select * from sdcn_controller.content where url='http://preview.v.cntv.cn/mkv/flash/mp4video32/TMS/2014/02/01/a21b6ead579f461ba887dd82e5557bd0_h264200000nero_aac16-3.mp4?type=mp4' [ RunTime:0.001608s ]
SQL: select url,node_id,t2.add_time,t2.last_time,t2.status,ip from sdcn_controller.content t1 left join sdcn_controller.content_location t2 on t1.id=t2.content_id left join sdcn_controller.store_node t3 on node_id=t3.id  where url='http://preview.v.cntv.cn/mkv/flash/mp4video32/TMS/2014/02/01/a21b6ead579f461ba887dd82e5557bd0_h264200000nero_aac16-3.mp4?type=mp4' [ RunTime:0.001432s ]
INFO: [ view_parse ] --START--
INFO: [ template_filter ] --START--
INFO: Run Behavior\ContentReplaceBehavior [ RunTime:0.000126s ]
INFO: [ template_filter ] --END-- [ RunTime:0.000342s ]
INFO: Run Behavior\ParseTemplateBehavior [ RunTime:0.044217s ]
INFO: [ view_parse ] --END-- [ RunTime:0.044432s ]
INFO: [ view_filter ] --START--
INFO: Run Behavior\WriteHtmlCacheBehavior [ RunTime:0.001027s ]
INFO: [ view_filter ] --END-- [ RunTime:0.001217s ]
INFO: [ app_end ] --START--
INFO: Run Behavior\ShowPageTraceBehavior [ RunTime:0.001152s ]
INFO: [ app_end ] --END-- [ RunTime:0.001385s ]

[ 2014-12-30T14:01:11+08:00 ] 127.0.0.1 /sdcn/index.php/Home/Node/contentdistribution?ip=192.168.64.223
INFO: [ app_init ] --START--
INFO: Run Behavior\BuildLiteBehavior [ RunTime:0.000045s ]
INFO: [ app_init ] --END-- [ RunTime:0.001479s ]
INFO: [ app_begin ] --START--
INFO: Run Behavior\ReadHtmlCacheBehavior [ RunTime:0.000991s ]
INFO: [ app_begin ] --END-- [ RunTime:0.001222s ]
INFO: [ view_parse ] --START--
INFO: [ template_filter ] --START--
INFO: Run Behavior\ContentReplaceBehavior [ RunTime:0.000145s ]
INFO: [ template_filter ] --END-- [ RunTime:0.000356s ]
INFO: Run Behavior\ParseTemplateBehavior [ RunTime:0.016236s ]
INFO: [ view_parse ] --END-- [ RunTime:0.016454s ]
INFO: [ view_filter ] --START--
INFO: Run Behavior\WriteHtmlCacheBehavior [ RunTime:0.000507s ]
INFO: [ view_filter ] --END-- [ RunTime:0.000694s ]
INFO: [ app_end ] --START--
INFO: Run Behavior\ShowPageTraceBehavior [ RunTime:0.001069s ]
INFO: [ app_end ] --END-- [ RunTime:0.001260s ]

[ 2014-12-30T14:08:05+08:00 ] 127.0.0.1 /sdcn/index.php/home/user/login
INFO: [ app_init ] --START--
INFO: Run Behavior\BuildLiteBehavior [ RunTime:0.000081s ]
INFO: [ app_init ] --END-- [ RunTime:0.001671s ]
INFO: [ app_begin ] --START--
INFO: Run Behavior\ReadHtmlCacheBehavior [ RunTime:0.001491s ]
INFO: [ app_begin ] --END-- [ RunTime:0.001784s ]
INFO: [ view_parse ] --START--
INFO: [ template_filter ] --START--
INFO: Run Behavior\ContentReplaceBehavior [ RunTime:0.000130s ]
INFO: [ template_filter ] --END-- [ RunTime:0.000367s ]
NOTIC: [8] Undefined variable: errmsg D:\wamp\www\sdcn\Application\Runtime\Cache\Home\5c9ee6d19cd41add49f97afe3aef0b25.php 第 42 行.
INFO: Run Behavior\ParseTemplateBehavior [ RunTime:0.017048s ]
INFO: [ view_parse ] --END-- [ RunTime:0.017243s ]
INFO: [ view_filter ] --START--
INFO: Run Behavior\WriteHtmlCacheBehavior [ RunTime:0.000842s ]
INFO: [ view_filter ] --END-- [ RunTime:0.001116s ]
INFO: [ app_end ] --START--
INFO: Run Behavior\ShowPageTraceBehavior [ RunTime:0.001331s ]
INFO: [ app_end ] --END-- [ RunTime:0.001520s ]

[ 2014-12-30T14:08:18+08:00 ] 127.0.0.1 /sdcn/index.php/Home/User/login
INFO: [ app_init ] --START--
INFO: Run Behavior\BuildLiteBehavior [ RunTime:0.000073s ]
INFO: [ app_init ] --END-- [ RunTime:0.001551s ]
INFO: [ app_begin ] --START--
INFO: Run Behavior\ReadHtmlCacheBehavior [ RunTime:0.002136s ]
INFO: [ app_begin ] --END-- [ RunTime:0.002560s ]
SQL: SHOW COLUMNS FROM `think_user` [ RunTime:0.041916s ]
SQL: SELECT * FROM `think_user` WHERE ( name = 'shengsr' ) LIMIT 1   [ RunTime:0.000390s ]
SQL: SELECT * FROM `think_user` WHERE ( password = '3dcfd63e84d210efffb16514dbeae58d' ) LIMIT 1   [ RunTime:0.000432s ]

[ 2014-12-30T14:08:19+08:00 ] 127.0.0.1 /sdcn/index.php/Home/Index/index.html
INFO: [ app_init ] --START--
INFO: Run Behavior\BuildLiteBehavior [ RunTime:0.000048s ]
INFO: [ app_init ] --END-- [ RunTime:0.000983s ]
INFO: [ app_begin ] --START--
INFO: Run Behavior\ReadHtmlCacheBehavior [ RunTime:0.001353s ]
INFO: [ app_begin ] --END-- [ RunTime:0.001611s ]
SQL: select ip,node_type,total_cache_num,cache_used_rate,total_cache_size,status from sdcn_controller.store_node  t1 left join 	syslog.cnode  t2  on t1.ip = t2.cnode_ip [ RunTime:0.001138s ]
INFO: [ view_parse ] --START--
INFO: [ template_filter ] --START--
INFO: Run Behavior\ContentReplaceBehavior [ RunTime:0.000150s ]
INFO: [ template_filter ] --END-- [ RunTime:0.000383s ]
INFO: Run Behavior\ParseTemplateBehavior [ RunTime:0.021760s ]
INFO: [ view_parse ] --END-- [ RunTime:0.021989s ]
INFO: [ view_filter ] --START--
INFO: Run Behavior\WriteHtmlCacheBehavior [ RunTime:0.000850s ]
INFO: [ view_filter ] --END-- [ RunTime:0.001079s ]
INFO: [ app_end ] --START--
INFO: Run Behavior\ShowPageTraceBehavior [ RunTime:0.001312s ]
INFO: [ app_end ] --END-- [ RunTime:0.001520s ]

[ 2014-12-30T14:08:21+08:00 ] 127.0.0.1 /sdcn/index.php/Home/Node/contentdistribution?ip=192.168.64.223
INFO: [ app_init ] --START--
INFO: Run Behavior\BuildLiteBehavior [ RunTime:0.000052s ]
INFO: [ app_init ] --END-- [ RunTime:0.001394s ]
INFO: [ app_begin ] --START--
INFO: Run Behavior\ReadHtmlCacheBehavior [ RunTime:0.001767s ]
INFO: [ app_begin ] --END-- [ RunTime:0.002007s ]
INFO: [ view_parse ] --START--
INFO: [ template_filter ] --START--
INFO: Run Behavior\ContentReplaceBehavior [ RunTime:0.000150s ]
INFO: [ template_filter ] --END-- [ RunTime:0.000375s ]
INFO: Run Behavior\ParseTemplateBehavior [ RunTime:0.021200s ]
INFO: [ view_parse ] --END-- [ RunTime:0.021453s ]
INFO: [ view_filter ] --START--
INFO: Run Behavior\WriteHtmlCacheBehavior [ RunTime:0.000851s ]
INFO: [ view_filter ] --END-- [ RunTime:0.001045s ]
INFO: [ app_end ] --START--
INFO: Run Behavior\ShowPageTraceBehavior [ RunTime:0.001344s ]
INFO: [ app_end ] --END-- [ RunTime:0.001555s ]

[ 2014-12-30T14:16:57+08:00 ] 127.0.0.1 /sdcn/index.php/Home/Node/contentdistribution?ip=192.168.64.223
INFO: [ app_init ] --START--
INFO: Run Behavior\BuildLiteBehavior [ RunTime:0.000050s ]
INFO: [ app_init ] --END-- [ RunTime:0.000992s ]
INFO: [ app_begin ] --START--
INFO: Run Behavior\ReadHtmlCacheBehavior [ RunTime:0.001382s ]
INFO: [ app_begin ] --END-- [ RunTime:0.001600s ]
INFO: [ view_parse ] --START--
INFO: [ template_filter ] --START--
INFO: Run Behavior\ContentReplaceBehavior [ RunTime:0.000152s ]
INFO: [ template_filter ] --END-- [ RunTime:0.000375s ]
INFO: Run Behavior\ParseTemplateBehavior [ RunTime:0.020740s ]
INFO: [ view_parse ] --END-- [ RunTime:0.021057s ]
INFO: [ view_filter ] --START--
INFO: Run Behavior\WriteHtmlCacheBehavior [ RunTime:0.000839s ]
INFO: [ view_filter ] --END-- [ RunTime:0.001035s ]
INFO: [ app_end ] --START--
INFO: Run Behavior\ShowPageTraceBehavior [ RunTime:0.001398s ]
INFO: [ app_end ] --END-- [ RunTime:0.001601s ]

[ 2014-12-30T14:16:59+08:00 ] 127.0.0.1 /sdcn/index.php/Home/Node/cacherequest.html?ip=192.168.64.223
INFO: [ app_init ] --START--
INFO: Run Behavior\BuildLiteBehavior [ RunTime:0.000050s ]
INFO: [ app_init ] --END-- [ RunTime:0.000885s ]
INFO: [ app_begin ] --START--
INFO: Run Behavior\ReadHtmlCacheBehavior [ RunTime:0.002413s ]
INFO: [ app_begin ] --END-- [ RunTime:0.002952s ]
SQL: select client_ip,start_time,approach from client_status group by start_time [ RunTime:0.080283s ]
INFO: [ view_parse ] --START--
INFO: [ template_filter ] --START--
INFO: Run Behavior\ContentReplaceBehavior [ RunTime:0.000221s ]
INFO: [ template_filter ] --END-- [ RunTime:0.000586s ]
INFO: Run Behavior\ParseTemplateBehavior [ RunTime:0.035475s ]
INFO: [ view_parse ] --END-- [ RunTime:0.035791s ]
INFO: [ view_filter ] --START--
INFO: Run Behavior\WriteHtmlCacheBehavior [ RunTime:0.000886s ]
INFO: [ view_filter ] --END-- [ RunTime:0.001076s ]
INFO: [ app_end ] --START--
INFO: Run Behavior\ShowPageTraceBehavior [ RunTime:0.001399s ]
INFO: [ app_end ] --END-- [ RunTime:0.001600s ]

[ 2014-12-30T16:45:57+08:00 ] 127.0.0.1 /sdcn/index.php/Home/Node/cachehit.html?ip=192.168.64.223
INFO: [ app_init ] --START--
INFO: Run Behavior\BuildLiteBehavior [ RunTime:0.000053s ]
INFO: [ app_init ] --END-- [ RunTime:0.001111s ]
INFO: [ app_begin ] --START--
INFO: Run Behavior\ReadHtmlCacheBehavior [ RunTime:0.001537s ]
INFO: [ app_begin ] --END-- [ RunTime:0.001779s ]
SQL: select client_ip,start_time,approach from client_status group by start_time [ RunTime:0.000436s ]
NOTIC: [8] Use of undefined constant i - assumed 'i' D:\wamp\www\sdcn\Application\Home\Controller\NodeController.class.php 第 97 行.
NOTIC: [8] Undefined index: i D:\wamp\www\sdcn\Application\Home\Controller\NodeController.class.php 第 97 行.
NOTIC: [8] Use of undefined constant i - assumed 'i' D:\wamp\www\sdcn\Application\Home\Controller\NodeController.class.php 第 102 行.
NOTIC: [8] Undefined index: i D:\wamp\www\sdcn\Application\Home\Controller\NodeController.class.php 第 102 行.
NOTIC: [8] Use of undefined constant i - assumed 'i' D:\wamp\www\sdcn\Application\Home\Controller\NodeController.class.php 第 102 行.
NOTIC: [8] Undefined index: i D:\wamp\www\sdcn\Application\Home\Controller\NodeController.class.php 第 102 行.
NOTIC: [8] Use of undefined constant i - assumed 'i' D:\wamp\www\sdcn\Application\Home\Controller\NodeController.class.php 第 110 行.
NOTIC: [8] Undefined index: i D:\wamp\www\sdcn\Application\Home\Controller\NodeController.class.php 第 110 行.
NOTIC: [8] Use of undefined constant i - assumed 'i' D:\wamp\www\sdcn\Application\Home\Controller\NodeController.class.php 第 102 行.
NOTIC: [8] Undefined index: i D:\wamp\www\sdcn\Application\Home\Controller\NodeController.class.php 第 102 行.
NOTIC: [8] Use of undefined constant i - assumed 'i' D:\wamp\www\sdcn\Application\Home\Controller\NodeController.class.php 第 102 行.
NOTIC: [8] Undefined index: i D:\wamp\www\sdcn\Application\Home\Controller\NodeController.class.php 第 102 行.
NOTIC: [8] Use of undefined constant i - assumed 'i' D:\wamp\www\sdcn\Application\Home\Controller\NodeController.class.php 第 110 行.
NOTIC: [8] Undefined index: i D:\wamp\www\sdcn\Application\Home\Controller\NodeController.class.php 第 110 行.
NOTIC: [8] Use of undefined constant i - assumed 'i' D:\wamp\www\sdcn\Application\Home\Controller\NodeController.class.php 第 102 行.
NOTIC: [8] Undefined index: i D:\wamp\www\sdcn\Application\Home\Controller\NodeController.class.php 第 102 行.
NOTIC: [8] Use of undefined constant i - assumed 'i' D:\wamp\www\sdcn\Application\Home\Controller\NodeController.class.php 第 102 行.
NOTIC: [8] Undefined index: i D:\wamp\www\sdcn\Application\Home\Controller\NodeController.class.php 第 102 行.
NOTIC: [8] Use of undefined constant i - assumed 'i' D:\wamp\www\sdcn\Application\Home\Controller\NodeController.class.php 第 102 行.
NOTIC: [8] Undefined index: i D:\wamp\www\sdcn\Application\Home\Controller\NodeController.class.php 第 102 行.
NOTIC: [8] Use of undefined constant i - assumed 'i' D:\wamp\www\sdcn\Application\Home\Controller\NodeController.class.php 第 102 行.
NOTIC: [8] Undefined index: i D:\wamp\www\sdcn\Application\Home\Controller\NodeController.class.php 第 102 行.
NOTIC: [8] Use of undefined constant i - assumed 'i' D:\wamp\www\sdcn\Application\Home\Controller\NodeController.class.php 第 110 行.
NOTIC: [8] Undefined index: i D:\wamp\www\sdcn\Application\Home\Controller\NodeController.class.php 第 110 行.
NOTIC: [8] Use of undefined constant i - assumed 'i' D:\wamp\www\sdcn\Application\Home\Controller\NodeController.class.php 第 102 行.
NOTIC: [8] Undefined index: i D:\wamp\www\sdcn\Application\Home\Controller\NodeController.class.php 第 102 行.
NOTIC: [8] Use of undefined constant i - assumed 'i' D:\wamp\www\sdcn\Application\Home\Controller\NodeController.class.php 第 102 行.
NOTIC: [8] Undefined index: i D:\wamp\www\sdcn\Application\Home\Controller\NodeController.class.php 第 102 行.
NOTIC: [8] Use of undefined constant i - assumed 'i' D:\wamp\www\sdcn\Application\Home\Controller\NodeController.class.php 第 102 行.
NOTIC: [8] Undefined index: i D:\wamp\www\sdcn\Application\Home\Controller\NodeController.class.php 第 102 行.
NOTIC: [8] Use of undefined constant i - assumed 'i' D:\wamp\www\sdcn\Application\Home\Controller\NodeController.class.php 第 110 行.
NOTIC: [8] Undefined index: i D:\wamp\www\sdcn\Application\Home\Controller\NodeController.class.php 第 110 行.
NOTIC: [8] Use of undefined constant i - assumed 'i' D:\wamp\www\sdcn\Application\Home\Controller\NodeController.class.php 第 102 行.
NOTIC: [8] Undefined index: i D:\wamp\www\sdcn\Application\Home\Controller\NodeController.class.php 第 102 行.
NOTIC: [8] Use of undefined constant i - assumed 'i' D:\wamp\www\sdcn\Application\Home\Controller\NodeController.class.php 第 110 行.
NOTIC: [8] Undefined index: i D:\wamp\www\sdcn\Application\Home\Controller\NodeController.class.php 第 110 行.
NOTIC: [8] Use of undefined constant i - assumed 'i' D:\wamp\www\sdcn\Application\Home\Controller\NodeController.class.php 第 102 行.
NOTIC: [8] Undefined index: i D:\wamp\www\sdcn\Application\Home\Controller\NodeController.class.php 第 102 行.
NOTIC: [8] Use of undefined constant i - assumed 'i' D:\wamp\www\sdcn\Application\Home\Controller\NodeController.class.php 第 102 行.
NOTIC: [8] Undefined index: i D:\wamp\www\sdcn\Application\Home\Controller\NodeController.class.php 第 102 行.
INFO: [ view_parse ] --START--
INFO: [ template_filter ] --START--
INFO: Run Behavior\ContentReplaceBehavior [ RunTime:0.000146s ]
INFO: [ template_filter ] --END-- [ RunTime:0.000408s ]
INFO: Run Behavior\ParseTemplateBehavior [ RunTime:0.038754s ]
INFO: [ view_parse ] --END-- [ RunTime:0.039008s ]
INFO: [ view_filter ] --START--
INFO: Run Behavior\WriteHtmlCacheBehavior [ RunTime:0.009700s ]
INFO: [ view_filter ] --END-- [ RunTime:0.009933s ]
INFO: [ view_parse ] --START--
INFO: [ template_filter ] --START--
INFO: Run Behavior\ContentReplaceBehavior [ RunTime:0.000143s ]
INFO: [ template_filter ] --END-- [ RunTime:-0.022990s ]
INFO: Run Behavior\ParseTemplateBehavior [ RunTime:0.011978s ]
INFO: [ view_parse ] --END-- [ RunTime:-0.010903s ]
INFO: [ view_filter ] --START--
INFO: Run Behavior\WriteHtmlCacheBehavior [ RunTime:0.000057s ]
INFO: [ view_filter ] --END-- [ RunTime:-0.013198s ]
INFO: [ app_end ] --START--
INFO: Run Behavior\ShowPageTraceBehavior [ RunTime:0.001451s ]
INFO: [ app_end ] --END-- [ RunTime:0.001704s ]

[ 2014-12-30T16:46:40+08:00 ] 127.0.0.1 /sdcn/index.php/Home/Node/contentdistribution.html?ip=192.168.64.223
INFO: [ app_init ] --START--
INFO: Run Behavior\BuildLiteBehavior [ RunTime:0.000049s ]
INFO: [ app_init ] --END-- [ RunTime:0.000923s ]
INFO: [ app_begin ] --START--
INFO: Run Behavior\ReadHtmlCacheBehavior [ RunTime:0.001309s ]
INFO: [ app_begin ] --END-- [ RunTime:0.001531s ]
INFO: [ view_parse ] --START--
INFO: [ template_filter ] --START--
INFO: Run Behavior\ContentReplaceBehavior [ RunTime:0.000161s ]
INFO: [ template_filter ] --END-- [ RunTime:0.000388s ]
INFO: Run Behavior\ParseTemplateBehavior [ RunTime:0.021487s ]
INFO: [ view_parse ] --END-- [ RunTime:0.022031s ]
INFO: [ view_filter ] --START--
INFO: Run Behavior\WriteHtmlCacheBehavior [ RunTime:0.001021s ]
INFO: [ view_filter ] --END-- [ RunTime:0.001217s ]
INFO: [ app_end ] --START--
INFO: Run Behavior\ShowPageTraceBehavior [ RunTime:0.001650s ]
INFO: [ app_end ] --END-- [ RunTime:0.001946s ]

[ 2014-12-30T16:46:42+08:00 ] 127.0.0.1 /sdcn/index.php/Home/Node/cacherequest.html?ip=192.168.64.223
INFO: [ app_init ] --START--
INFO: Run Behavior\BuildLiteBehavior [ RunTime:0.000080s ]
INFO: [ app_init ] --END-- [ RunTime:0.001428s ]
INFO: [ app_begin ] --START--
INFO: Run Behavior\ReadHtmlCacheBehavior [ RunTime:0.002212s ]
INFO: [ app_begin ] --END-- [ RunTime:0.002529s ]
SQL: select client_ip,start_time,approach from client_status group by start_time [ RunTime:0.000422s ]
INFO: [ view_parse ] --START--
INFO: [ template_filter ] --START--
INFO: Run Behavior\ContentReplaceBehavior [ RunTime:0.000274s ]
INFO: [ template_filter ] --END-- [ RunTime:0.000651s ]
INFO: Run Behavior\ParseTemplateBehavior [ RunTime:0.026251s ]
INFO: [ view_parse ] --END-- [ RunTime:0.026611s ]
INFO: [ view_filter ] --START--
INFO: Run Behavior\WriteHtmlCacheBehavior [ RunTime:0.001003s ]
INFO: [ view_filter ] --END-- [ RunTime:0.001262s ]
INFO: [ app_end ] --START--
INFO: Run Behavior\ShowPageTraceBehavior [ RunTime:0.001316s ]
INFO: [ app_end ] --END-- [ RunTime:0.001551s ]

[ 2014-12-30T16:46:44+08:00 ] 127.0.0.1 /sdcn/index.php/Home/Node/cachehit.html?ip=192.168.64.223
INFO: [ app_init ] --START--
INFO: Run Behavior\BuildLiteBehavior [ RunTime:0.000051s ]
INFO: [ app_init ] --END-- [ RunTime:0.001226s ]
INFO: [ app_begin ] --START--
INFO: Run Behavior\ReadHtmlCacheBehavior [ RunTime:0.001413s ]
INFO: [ app_begin ] --END-- [ RunTime:0.001868s ]
SQL: select client_ip,start_time,approach from client_status group by start_time [ RunTime:0.000559s ]
NOTIC: [8] Use of undefined constant i - assumed 'i' D:\wamp\www\sdcn\Application\Home\Controller\NodeController.class.php 第 97 行.
NOTIC: [8] Undefined index: i D:\wamp\www\sdcn\Application\Home\Controller\NodeController.class.php 第 97 行.
NOTIC: [8] Use of undefined constant i - assumed 'i' D:\wamp\www\sdcn\Application\Home\Controller\NodeController.class.php 第 102 行.
NOTIC: [8] Undefined index: i D:\wamp\www\sdcn\Application\Home\Controller\NodeController.class.php 第 102 行.
NOTIC: [8] Use of undefined constant i - assumed 'i' D:\wamp\www\sdcn\Application\Home\Controller\NodeController.class.php 第 102 行.
NOTIC: [8] Undefined index: i D:\wamp\www\sdcn\Application\Home\Controller\NodeController.class.php 第 102 行.
NOTIC: [8] Use of undefined constant i - assumed 'i' D:\wamp\www\sdcn\Application\Home\Controller\NodeController.class.php 第 110 行.
NOTIC: [8] Undefined index: i D:\wamp\www\sdcn\Application\Home\Controller\NodeController.class.php 第 110 行.
NOTIC: [8] Use of undefined constant i - assumed 'i' D:\wamp\www\sdcn\Application\Home\Controller\NodeController.class.php 第 102 行.
NOTIC: [8] Undefined index: i D:\wamp\www\sdcn\Application\Home\Controller\NodeController.class.php 第 102 行.
NOTIC: [8] Use of undefined constant i - assumed 'i' D:\wamp\www\sdcn\Application\Home\Controller\NodeController.class.php 第 102 行.
NOTIC: [8] Undefined index: i D:\wamp\www\sdcn\Application\Home\Controller\NodeController.class.php 第 102 行.
NOTIC: [8] Use of undefined constant i - assumed 'i' D:\wamp\www\sdcn\Application\Home\Controller\NodeController.class.php 第 110 行.
NOTIC: [8] Undefined index: i D:\wamp\www\sdcn\Application\Home\Controller\NodeController.class.php 第 110 行.
NOTIC: [8] Use of undefined constant i - assumed 'i' D:\wamp\www\sdcn\Application\Home\Controller\NodeController.class.php 第 102 行.
NOTIC: [8] Undefined index: i D:\wamp\www\sdcn\Application\Home\Controller\NodeController.class.php 第 102 行.
NOTIC: [8] Use of undefined constant i - assumed 'i' D:\wamp\www\sdcn\Application\Home\Controller\NodeController.class.php 第 102 行.
NOTIC: [8] Undefined index: i D:\wamp\www\sdcn\Application\Home\Controller\NodeController.class.php 第 102 行.
NOTIC: [8] Use of undefined constant i - assumed 'i' D:\wamp\www\sdcn\Application\Home\Controller\NodeController.class.php 第 102 行.
NOTIC: [8] Undefined index: i D:\wamp\www\sdcn\Application\Home\Controller\NodeController.class.php 第 102 行.
NOTIC: [8] Use of undefined constant i - assumed 'i' D:\wamp\www\sdcn\Application\Home\Controller\NodeController.class.php 第 102 行.
NOTIC: [8] Undefined index: i D:\wamp\www\sdcn\Application\Home\Controller\NodeController.class.php 第 102 行.
NOTIC: [8] Use of undefined constant i - assumed 'i' D:\wamp\www\sdcn\Application\Home\Controller\NodeController.class.php 第 110 行.
NOTIC: [8] Undefined index: i D:\wamp\www\sdcn\Application\Home\Controller\NodeController.class.php 第 110 行.
NOTIC: [8] Use of undefined constant i - assumed 'i' D:\wamp\www\sdcn\Application\Home\Controller\NodeController.class.php 第 102 行.
NOTIC: [8] Undefined index: i D:\wamp\www\sdcn\Application\Home\Controller\NodeController.class.php 第 102 行.
NOTIC: [8] Use of undefined constant i - assumed 'i' D:\wamp\www\sdcn\Application\Home\Controller\NodeController.class.php 第 102 行.
NOTIC: [8] Undefined index: i D:\wamp\www\sdcn\Application\Home\Controller\NodeController.class.php 第 102 行.
NOTIC: [8] Use of undefined constant i - assumed 'i' D:\wamp\www\sdcn\Application\Home\Controller\NodeController.class.php 第 102 行.
NOTIC: [8] Undefined index: i D:\wamp\www\sdcn\Application\Home\Controller\NodeController.class.php 第 102 行.
NOTIC: [8] Use of undefined constant i - assumed 'i' D:\wamp\www\sdcn\Application\Home\Controller\NodeController.class.php 第 110 行.
NOTIC: [8] Undefined index: i D:\wamp\www\sdcn\Application\Home\Controller\NodeController.class.php 第 110 行.
NOTIC: [8] Use of undefined constant i - assumed 'i' D:\wamp\www\sdcn\Application\Home\Controller\NodeController.class.php 第 102 行.
NOTIC: [8] Undefined index: i D:\wamp\www\sdcn\Application\Home\Controller\NodeController.class.php 第 102 行.
NOTIC: [8] Use of undefined constant i - assumed 'i' D:\wamp\www\sdcn\Application\Home\Controller\NodeController.class.php 第 110 行.
NOTIC: [8] Undefined index: i D:\wamp\www\sdcn\Application\Home\Controller\NodeController.class.php 第 110 行.
NOTIC: [8] Use of undefined constant i - assumed 'i' D:\wamp\www\sdcn\Application\Home\Controller\NodeController.class.php 第 102 行.
NOTIC: [8] Undefined index: i D:\wamp\www\sdcn\Application\Home\Controller\NodeController.class.php 第 102 行.
NOTIC: [8] Use of undefined constant i - assumed 'i' D:\wamp\www\sdcn\Application\Home\Controller\NodeController.class.php 第 102 行.
NOTIC: [8] Undefined index: i D:\wamp\www\sdcn\Application\Home\Controller\NodeController.class.php 第 102 行.
INFO: [ view_parse ] --START--
INFO: [ template_filter ] --START--
INFO: Run Behavior\ContentReplaceBehavior [ RunTime:0.000147s ]
INFO: [ template_filter ] --END-- [ RunTime:0.000388s ]
INFO: Run Behavior\ParseTemplateBehavior [ RunTime:0.020853s ]
INFO: [ view_parse ] --END-- [ RunTime:0.021097s ]
INFO: [ view_filter ] --START--
INFO: Run Behavior\WriteHtmlCacheBehavior [ RunTime:0.000886s ]
INFO: [ view_filter ] --END-- [ RunTime:0.001075s ]
INFO: [ view_parse ] --START--
INFO: [ template_filter ] --START--
INFO: Run Behavior\ContentReplaceBehavior [ RunTime:0.000169s ]
INFO: [ template_filter ] --END-- [ RunTime:-0.015071s ]
INFO: Run Behavior\ParseTemplateBehavior [ RunTime:0.013461s ]
INFO: [ view_parse ] --END-- [ RunTime:-0.001953s ]
INFO: [ view_filter ] --START--
INFO: Run Behavior\WriteHtmlCacheBehavior [ RunTime:0.000056s ]
INFO: [ view_filter ] --END-- [ RunTime:-0.014580s ]
INFO: [ app_end ] --START--
INFO: Run Behavior\ShowPageTraceBehavior [ RunTime:0.002976s ]
INFO: [ app_end ] --END-- [ RunTime:0.003216s ]

[ 2014-12-30T16:47:37+08:00 ] 127.0.0.1 /sdcn/index.php/Home/Node/cachehit.html?ip=192.168.64.223
INFO: [ app_init ] --START--
INFO: Run Behavior\BuildLiteBehavior [ RunTime:0.000082s ]
INFO: [ app_init ] --END-- [ RunTime:0.002398s ]
INFO: [ app_begin ] --START--
INFO: Run Behavior\ReadHtmlCacheBehavior [ RunTime:0.001511s ]
INFO: [ app_begin ] --END-- [ RunTime:0.001767s ]
SQL: select client_ip,start_time,approach from client_status group by start_time [ RunTime:0.000506s ]
NOTIC: [8] Use of undefined constant i - assumed 'i' D:\wamp\www\sdcn\Application\Home\Controller\NodeController.class.php 第 97 行.
NOTIC: [8] Undefined index: i D:\wamp\www\sdcn\Application\Home\Controller\NodeController.class.php 第 97 行.
NOTIC: [8] Use of undefined constant i - assumed 'i' D:\wamp\www\sdcn\Application\Home\Controller\NodeController.class.php 第 102 行.
NOTIC: [8] Undefined index: i D:\wamp\www\sdcn\Application\Home\Controller\NodeController.class.php 第 102 行.
NOTIC: [8] Use of undefined constant i - assumed 'i' D:\wamp\www\sdcn\Application\Home\Controller\NodeController.class.php 第 102 行.
NOTIC: [8] Undefined index: i D:\wamp\www\sdcn\Application\Home\Controller\NodeController.class.php 第 102 行.
NOTIC: [8] Use of undefined constant i - assumed 'i' D:\wamp\www\sdcn\Application\Home\Controller\NodeController.class.php 第 110 行.
NOTIC: [8] Undefined index: i D:\wamp\www\sdcn\Application\Home\Controller\NodeController.class.php 第 110 行.
NOTIC: [8] Use of undefined constant i - assumed 'i' D:\wamp\www\sdcn\Application\Home\Controller\NodeController.class.php 第 102 行.
NOTIC: [8] Undefined index: i D:\wamp\www\sdcn\Application\Home\Controller\NodeController.class.php 第 102 行.
NOTIC: [8] Use of undefined constant i - assumed 'i' D:\wamp\www\sdcn\Application\Home\Controller\NodeController.class.php 第 102 行.
NOTIC: [8] Undefined index: i D:\wamp\www\sdcn\Application\Home\Controller\NodeController.class.php 第 102 行.
NOTIC: [8] Use of undefined constant i - assumed 'i' D:\wamp\www\sdcn\Application\Home\Controller\NodeController.class.php 第 110 行.
NOTIC: [8] Undefined index: i D:\wamp\www\sdcn\Application\Home\Controller\NodeController.class.php 第 110 行.
NOTIC: [8] Use of undefined constant i - assumed 'i' D:\wamp\www\sdcn\Application\Home\Controller\NodeController.class.php 第 102 行.
NOTIC: [8] Undefined index: i D:\wamp\www\sdcn\Application\Home\Controller\NodeController.class.php 第 102 行.
NOTIC: [8] Use of undefined constant i - assumed 'i' D:\wamp\www\sdcn\Application\Home\Controller\NodeController.class.php 第 102 行.
NOTIC: [8] Undefined index: i D:\wamp\www\sdcn\Application\Home\Controller\NodeController.class.php 第 102 行.
NOTIC: [8] Use of undefined constant i - assumed 'i' D:\wamp\www\sdcn\Application\Home\Controller\NodeController.class.php 第 102 行.
NOTIC: [8] Undefined index: i D:\wamp\www\sdcn\Application\Home\Controller\NodeController.class.php 第 102 行.
NOTIC: [8] Use of undefined constant i - assumed 'i' D:\wamp\www\sdcn\Application\Home\Controller\NodeController.class.php 第 102 行.
NOTIC: [8] Undefined index: i D:\wamp\www\sdcn\Application\Home\Controller\NodeController.class.php 第 102 行.
NOTIC: [8] Use of undefined constant i - assumed 'i' D:\wamp\www\sdcn\Application\Home\Controller\NodeController.class.php 第 110 行.
NOTIC: [8] Undefined index: i D:\wamp\www\sdcn\Application\Home\Controller\NodeController.class.php 第 110 行.
NOTIC: [8] Use of undefined constant i - assumed 'i' D:\wamp\www\sdcn\Application\Home\Controller\NodeController.class.php 第 102 行.
NOTIC: [8] Undefined index: i D:\wamp\www\sdcn\Application\Home\Controller\NodeController.class.php 第 102 行.
NOTIC: [8] Use of undefined constant i - assumed 'i' D:\wamp\www\sdcn\Application\Home\Controller\NodeController.class.php 第 102 行.
NOTIC: [8] Undefined index: i D:\wamp\www\sdcn\Application\Home\Controller\NodeController.class.php 第 102 行.
NOTIC: [8] Use of undefined constant i - assumed 'i' D:\wamp\www\sdcn\Application\Home\Controller\NodeController.class.php 第 102 行.
NOTIC: [8] Undefined index: i D:\wamp\www\sdcn\Application\Home\Controller\NodeController.class.php 第 102 行.
NOTIC: [8] Use of undefined constant i - assumed 'i' D:\wamp\www\sdcn\Application\Home\Controller\NodeController.class.php 第 110 行.
NOTIC: [8] Undefined index: i D:\wamp\www\sdcn\Application\Home\Controller\NodeController.class.php 第 110 行.
NOTIC: [8] Use of undefined constant i - assumed 'i' D:\wamp\www\sdcn\Application\Home\Controller\NodeController.class.php 第 102 行.
NOTIC: [8] Undefined index: i D:\wamp\www\sdcn\Application\Home\Controller\NodeController.class.php 第 102 行.
NOTIC: [8] Use of undefined constant i - assumed 'i' D:\wamp\www\sdcn\Application\Home\Controller\NodeController.class.php 第 110 行.
NOTIC: [8] Undefined index: i D:\wamp\www\sdcn\Application\Home\Controller\NodeController.class.php 第 110 行.
NOTIC: [8] Use of undefined constant i - assumed 'i' D:\wamp\www\sdcn\Application\Home\Controller\NodeController.class.php 第 102 行.
NOTIC: [8] Undefined index: i D:\wamp\www\sdcn\Application\Home\Controller\NodeController.class.php 第 102 行.
NOTIC: [8] Use of undefined constant i - assumed 'i' D:\wamp\www\sdcn\Application\Home\Controller\NodeController.class.php 第 102 行.
NOTIC: [8] Undefined index: i D:\wamp\www\sdcn\Application\Home\Controller\NodeController.class.php 第 102 行.
INFO: [ view_parse ] --START--
INFO: [ template_filter ] --START--
INFO: Run Behavior\ContentReplaceBehavior [ RunTime:0.000144s ]
INFO: [ template_filter ] --END-- [ RunTime:0.000380s ]
INFO: Run Behavior\ParseTemplateBehavior [ RunTime:0.025035s ]
INFO: [ view_parse ] --END-- [ RunTime:0.025370s ]
INFO: [ view_filter ] --START--
INFO: Run Behavior\WriteHtmlCacheBehavior [ RunTime:0.001316s ]
INFO: [ view_filter ] --END-- [ RunTime:0.001631s ]
INFO: [ app_end ] --START--
INFO: Run Behavior\ShowPageTraceBehavior [ RunTime:0.001990s ]
INFO: [ app_end ] --END-- [ RunTime:0.002275s ]

[ 2014-12-30T17:02:16+08:00 ] 127.0.0.1 /sdcn/index.php/Home/Node/cachehit.html?ip=192.168.64.223
INFO: [ app_init ] --START--
INFO: Run Behavior\BuildLiteBehavior [ RunTime:0.000051s ]
INFO: [ app_init ] --END-- [ RunTime:0.001059s ]
INFO: [ app_begin ] --START--
INFO: Run Behavior\ReadHtmlCacheBehavior [ RunTime:0.001246s ]
INFO: [ app_begin ] --END-- [ RunTime:0.001507s ]
SQL: select client_ip,start_time,approach from client_status group by start_time [ RunTime:0.000556s ]
NOTIC: [8] Use of undefined constant i - assumed 'i' D:\wamp\www\sdcn\Application\Home\Controller\NodeController.class.php 第 97 行.
NOTIC: [8] Undefined index: i D:\wamp\www\sdcn\Application\Home\Controller\NodeController.class.php 第 97 行.
NOTIC: [8] Use of undefined constant i - assumed 'i' D:\wamp\www\sdcn\Application\Home\Controller\NodeController.class.php 第 102 行.
NOTIC: [8] Undefined index: i D:\wamp\www\sdcn\Application\Home\Controller\NodeController.class.php 第 102 行.
NOTIC: [8] Use of undefined constant i - assumed 'i' D:\wamp\www\sdcn\Application\Home\Controller\NodeController.class.php 第 102 行.
NOTIC: [8] Undefined index: i D:\wamp\www\sdcn\Application\Home\Controller\NodeController.class.php 第 102 行.
NOTIC: [8] Use of undefined constant i - assumed 'i' D:\wamp\www\sdcn\Application\Home\Controller\NodeController.class.php 第 110 行.
NOTIC: [8] Undefined index: i D:\wamp\www\sdcn\Application\Home\Controller\NodeController.class.php 第 110 行.
NOTIC: [8] Use of undefined constant i - assumed 'i' D:\wamp\www\sdcn\Application\Home\Controller\NodeController.class.php 第 102 行.
NOTIC: [8] Undefined index: i D:\wamp\www\sdcn\Application\Home\Controller\NodeController.class.php 第 102 行.
NOTIC: [8] Use of undefined constant i - assumed 'i' D:\wamp\www\sdcn\Application\Home\Controller\NodeController.class.php 第 102 行.
NOTIC: [8] Undefined index: i D:\wamp\www\sdcn\Application\Home\Controller\NodeController.class.php 第 102 行.
NOTIC: [8] Use of undefined constant i - assumed 'i' D:\wamp\www\sdcn\Application\Home\Controller\NodeController.class.php 第 110 行.
NOTIC: [8] Undefined index: i D:\wamp\www\sdcn\Application\Home\Controller\NodeController.class.php 第 110 行.
NOTIC: [8] Use of undefined constant i - assumed 'i' D:\wamp\www\sdcn\Application\Home\Controller\NodeController.class.php 第 102 行.
NOTIC: [8] Undefined index: i D:\wamp\www\sdcn\Application\Home\Controller\NodeController.class.php 第 102 行.
NOTIC: [8] Use of undefined constant i - assumed 'i' D:\wamp\www\sdcn\Application\Home\Controller\NodeController.class.php 第 102 行.
NOTIC: [8] Undefined index: i D:\wamp\www\sdcn\Application\Home\Controller\NodeController.class.php 第 102 行.
NOTIC: [8] Use of undefined constant i - assumed 'i' D:\wamp\www\sdcn\Application\Home\Controller\NodeController.class.php 第 102 行.
NOTIC: [8] Undefined index: i D:\wamp\www\sdcn\Application\Home\Controller\NodeController.class.php 第 102 行.
NOTIC: [8] Use of undefined constant i - assumed 'i' D:\wamp\www\sdcn\Application\Home\Controller\NodeController.class.php 第 102 行.
NOTIC: [8] Undefined index: i D:\wamp\www\sdcn\Application\Home\Controller\NodeController.class.php 第 102 行.
NOTIC: [8] Use of undefined constant i - assumed 'i' D:\wamp\www\sdcn\Application\Home\Controller\NodeController.class.php 第 110 行.
NOTIC: [8] Undefined index: i D:\wamp\www\sdcn\Application\Home\Controller\NodeController.class.php 第 110 行.
NOTIC: [8] Use of undefined constant i - assumed 'i' D:\wamp\www\sdcn\Application\Home\Controller\NodeController.class.php 第 102 行.
NOTIC: [8] Undefined index: i D:\wamp\www\sdcn\Application\Home\Controller\NodeController.class.php 第 102 行.
NOTIC: [8] Use of undefined constant i - assumed 'i' D:\wamp\www\sdcn\Application\Home\Controller\NodeController.class.php 第 102 行.
NOTIC: [8] Undefined index: i D:\wamp\www\sdcn\Application\Home\Controller\NodeController.class.php 第 102 行.
NOTIC: [8] Use of undefined constant i - assumed 'i' D:\wamp\www\sdcn\Application\Home\Controller\NodeController.class.php 第 102 行.
NOTIC: [8] Undefined index: i D:\wamp\www\sdcn\Application\Home\Controller\NodeController.class.php 第 102 行.
NOTIC: [8] Use of undefined constant i - assumed 'i' D:\wamp\www\sdcn\Application\Home\Controller\NodeController.class.php 第 110 行.
NOTIC: [8] Undefined index: i D:\wamp\www\sdcn\Application\Home\Controller\NodeController.class.php 第 110 行.
NOTIC: [8] Use of undefined constant i - assumed 'i' D:\wamp\www\sdcn\Application\Home\Controller\NodeController.class.php 第 102 行.
NOTIC: [8] Undefined index: i D:\wamp\www\sdcn\Application\Home\Controller\NodeController.class.php 第 102 行.
NOTIC: [8] Use of undefined constant i - assumed 'i' D:\wamp\www\sdcn\Application\Home\Controller\NodeController.class.php 第 110 行.
NOTIC: [8] Undefined index: i D:\wamp\www\sdcn\Application\Home\Controller\NodeController.class.php 第 110 行.
NOTIC: [8] Use of undefined constant i - assumed 'i' D:\wamp\www\sdcn\Application\Home\Controller\NodeController.class.php 第 102 行.
NOTIC: [8] Undefined index: i D:\wamp\www\sdcn\Application\Home\Controller\NodeController.class.php 第 102 行.
NOTIC: [8] Use of undefined constant i - assumed 'i' D:\wamp\www\sdcn\Application\Home\Controller\NodeController.class.php 第 102 行.
NOTIC: [8] Undefined index: i D:\wamp\www\sdcn\Application\Home\Controller\NodeController.class.php 第 102 行.
INFO: [ view_parse ] --START--
INFO: [ template_filter ] --START--
INFO: Run Behavior\ContentReplaceBehavior [ RunTime:0.000159s ]
INFO: [ template_filter ] --END-- [ RunTime:0.000397s ]
INFO: Run Behavior\ParseTemplateBehavior [ RunTime:0.025166s ]
INFO: [ view_parse ] --END-- [ RunTime:0.025475s ]
INFO: [ view_filter ] --START--
INFO: Run Behavior\WriteHtmlCacheBehavior [ RunTime:0.001858s ]
INFO: [ view_filter ] --END-- [ RunTime:0.002101s ]
INFO: [ app_end ] --START--
INFO: Run Behavior\ShowPageTraceBehavior [ RunTime:0.001595s ]
INFO: [ app_end ] --END-- [ RunTime:0.001813s ]

[ 2014-12-30T17:06:27+08:00 ] 127.0.0.1 /sdcn/index.php/Home/Node/cachehit.html?ip=192.168.64.223
INFO: [ app_init ] --START--
INFO: Run Behavior\BuildLiteBehavior [ RunTime:0.000056s ]
INFO: [ app_init ] --END-- [ RunTime:0.001123s ]
INFO: [ app_begin ] --START--
INFO: Run Behavior\ReadHtmlCacheBehavior [ RunTime:0.002288s ]
INFO: [ app_begin ] --END-- [ RunTime:0.002859s ]
SQL: select client_ip,start_time,approach from client_status group by start_time [ RunTime:0.000421s ]
NOTIC: [8] Use of undefined constant i - assumed 'i' D:\wamp\www\sdcn\Application\Home\Controller\NodeController.class.php 第 97 行.
NOTIC: [8] Undefined index: i D:\wamp\www\sdcn\Application\Home\Controller\NodeController.class.php 第 97 行.
NOTIC: [8] Use of undefined constant i - assumed 'i' D:\wamp\www\sdcn\Application\Home\Controller\NodeController.class.php 第 116 行.
NOTIC: [8] Undefined index: i D:\wamp\www\sdcn\Application\Home\Controller\NodeController.class.php 第 116 行.
NOTIC: [8] Use of undefined constant i - assumed 'i' D:\wamp\www\sdcn\Application\Home\Controller\NodeController.class.php 第 102 行.
NOTIC: [8] Undefined index: i D:\wamp\www\sdcn\Application\Home\Controller\NodeController.class.php 第 102 行.
NOTIC: [8] Use of undefined constant i - assumed 'i' D:\wamp\www\sdcn\Application\Home\Controller\NodeController.class.php 第 116 行.
NOTIC: [8] Undefined index: i D:\wamp\www\sdcn\Application\Home\Controller\NodeController.class.php 第 116 行.
NOTIC: [8] Use of undefined constant i - assumed 'i' D:\wamp\www\sdcn\Application\Home\Controller\NodeController.class.php 第 102 行.
NOTIC: [8] Undefined index: i D:\wamp\www\sdcn\Application\Home\Controller\NodeController.class.php 第 102 行.
NOTIC: [8] Use of undefined constant i - assumed 'i' D:\wamp\www\sdcn\Application\Home\Controller\NodeController.class.php 第 116 行.
NOTIC: [8] Undefined index: i D:\wamp\www\sdcn\Application\Home\Controller\NodeController.class.php 第 116 行.
NOTIC: [8] Use of undefined constant i - assumed 'i' D:\wamp\www\sdcn\Application\Home\Controller\NodeController.class.php 第 110 行.
NOTIC: [8] Undefined index: i D:\wamp\www\sdcn\Application\Home\Controller\NodeController.class.php 第 110 行.
NOTIC: [8] Use of undefined constant i - assumed 'i' D:\wamp\www\sdcn\Application\Home\Controller\NodeController.class.php 第 116 行.
NOTIC: [8] Undefined index: i D:\wamp\www\sdcn\Application\Home\Controller\NodeController.class.php 第 116 行.
NOTIC: [8] Use of undefined constant i - assumed 'i' D:\wamp\www\sdcn\Application\Home\Controller\NodeController.class.php 第 102 行.
NOTIC: [8] Undefined index: i D:\wamp\www\sdcn\Application\Home\Controller\NodeController.class.php 第 102 行.
NOTIC: [8] Use of undefined constant i - assumed 'i' D:\wamp\www\sdcn\Application\Home\Controller\NodeController.class.php 第 116 行.
NOTIC: [8] Undefined index: i D:\wamp\www\sdcn\Application\Home\Controller\NodeController.class.php 第 116 行.
NOTIC: [8] Use of undefined constant i - assumed 'i' D:\wamp\www\sdcn\Application\Home\Controller\NodeController.class.php 第 102 行.
NOTIC: [8] Undefined index: i D:\wamp\www\sdcn\Application\Home\Controller\NodeController.class.php 第 102 行.
NOTIC: [8] Use of undefined constant i - assumed 'i' D:\wamp\www\sdcn\Application\Home\Controller\NodeController.class.php 第 116 行.
NOTIC: [8] Undefined index: i D:\wamp\www\sdcn\Application\Home\Controller\NodeController.class.php 第 116 行.
NOTIC: [8] Use of undefined constant i - assumed 'i' D:\wamp\www\sdcn\Application\Home\Controller\NodeController.class.php 第 110 行.
NOTIC: [8] Undefined index: i D:\wamp\www\sdcn\Application\Home\Controller\NodeController.class.php 第 110 行.
NOTIC: [8] Use of undefined constant i - assumed 'i' D:\wamp\www\sdcn\Application\Home\Controller\NodeController.class.php 第 116 行.
NOTIC: [8] Undefined index: i D:\wamp\www\sdcn\Application\Home\Controller\NodeController.class.php 第 116 行.
NOTIC: [8] Use of undefined constant i - assumed 'i' D:\wamp\www\sdcn\Application\Home\Controller\NodeController.class.php 第 102 行.
NOTIC: [8] Undefined index: i D:\wamp\www\sdcn\Application\Home\Controller\NodeController.class.php 第 102 行.
NOTIC: [8] Use of undefined constant i - assumed 'i' D:\wamp\www\sdcn\Application\Home\Controller\NodeController.class.php 第 116 行.
NOTIC: [8] Undefined index: i D:\wamp\www\sdcn\Application\Home\Controller\NodeController.class.php 第 116 行.
NOTIC: [8] Use of undefined constant i - assumed 'i' D:\wamp\www\sdcn\Application\Home\Controller\NodeController.class.php 第 102 行.
NOTIC: [8] Undefined index: i D:\wamp\www\sdcn\Application\Home\Controller\NodeController.class.php 第 102 行.
NOTIC: [8] Use of undefined constant i - assumed 'i' D:\wamp\www\sdcn\Application\Home\Controller\NodeController.class.php 第 116 行.
NOTIC: [8] Undefined index: i D:\wamp\www\sdcn\Application\Home\Controller\NodeController.class.php 第 116 行.
NOTIC: [8] Use of undefined constant i - assumed 'i' D:\wamp\www\sdcn\Application\Home\Controller\NodeController.class.php 第 102 行.
NOTIC: [8] Undefined index: i D:\wamp\www\sdcn\Application\Home\Controller\NodeController.class.php 第 102 行.
NOTIC: [8] Use of undefined constant i - assumed 'i' D:\wamp\www\sdcn\Application\Home\Controller\NodeController.class.php 第 116 行.
NOTIC: [8] Undefined index: i D:\wamp\www\sdcn\Application\Home\Controller\NodeController.class.php 第 116 行.
NOTIC: [8] Use of undefined constant i - assumed 'i' D:\wamp\www\sdcn\Application\Home\Controller\NodeController.class.php 第 102 行.
NOTIC: [8] Undefined index: i D:\wamp\www\sdcn\Application\Home\Controller\NodeController.class.php 第 102 行.
NOTIC: [8] Use of undefined constant i - assumed 'i' D:\wamp\www\sdcn\Application\Home\Controller\NodeController.class.php 第 116 行.
NOTIC: [8] Undefined index: i D:\wamp\www\sdcn\Application\Home\Controller\NodeController.class.php 第 116 行.
NOTIC: [8] Use of undefined constant i - assumed 'i' D:\wamp\www\sdcn\Application\Home\Controller\NodeController.class.php 第 110 行.
NOTIC: [8] Undefined index: i D:\wamp\www\sdcn\Application\Home\Controller\NodeController.class.php 第 110 行.
NOTIC: [8] Use of undefined constant i - assumed 'i' D:\wamp\www\sdcn\Application\Home\Controller\NodeController.class.php 第 116 行.
NOTIC: [8] Undefined index: i D:\wamp\www\sdcn\Application\Home\Controller\NodeController.class.php 第 116 行.
NOTIC: [8] Use of undefined constant i - assumed 'i' D:\wamp\www\sdcn\Application\Home\Controller\NodeController.class.php 第 102 行.
NOTIC: [8] Undefined index: i D:\wamp\www\sdcn\Application\Home\Controller\NodeController.class.php 第 102 行.
NOTIC: [8] Use of undefined constant i - assumed 'i' D:\wamp\www\sdcn\Application\Home\Controller\NodeController.class.php 第 116 行.
NOTIC: [8] Undefined index: i D:\wamp\www\sdcn\Application\Home\Controller\NodeController.class.php 第 116 行.
NOTIC: [8] Use of undefined constant i - assumed 'i' D:\wamp\www\sdcn\Application\Home\Controller\NodeController.class.php 第 102 行.
NOTIC: [8] Undefined index: i D:\wamp\www\sdcn\Application\Home\Controller\NodeController.class.php 第 102 行.
NOTIC: [8] Use of undefined constant i - assumed 'i' D:\wamp\www\sdcn\Application\Home\Controller\NodeController.class.php 第 116 行.
NOTIC: [8] Undefined index: i D:\wamp\www\sdcn\Application\Home\Controller\NodeController.class.php 第 116 行.
NOTIC: [8] Use of undefined constant i - assumed 'i' D:\wamp\www\sdcn\Application\Home\Controller\NodeController.class.php 第 102 行.
NOTIC: [8] Undefined index: i D:\wamp\www\sdcn\Application\Home\Controller\NodeController.class.php 第 102 行.
NOTIC: [8] Use of undefined constant i - assumed 'i' D:\wamp\www\sdcn\Application\Home\Controller\NodeController.class.php 第 116 行.
NOTIC: [8] Undefined index: i D:\wamp\www\sdcn\Application\Home\Controller\NodeController.class.php 第 116 行.
NOTIC: [8] Use of undefined constant i - assumed 'i' D:\wamp\www\sdcn\Application\Home\Controller\NodeController.class.php 第 110 行.
NOTIC: [8] Undefined index: i D:\wamp\www\sdcn\Application\Home\Controller\NodeController.class.php 第 110 行.
NOTIC: [8] Use of undefined constant i - assumed 'i' D:\wamp\www\sdcn\Application\Home\Controller\NodeController.class.php 第 116 行.
NOTIC: [8] Undefined index: i D:\wamp\www\sdcn\Application\Home\Controller\NodeController.class.php 第 116 行.
NOTIC: [8] Use of undefined constant i - assumed 'i' D:\wamp\www\sdcn\Application\Home\Controller\NodeController.class.php 第 102 行.
NOTIC: [8] Undefined index: i D:\wamp\www\sdcn\Application\Home\Controller\NodeController.class.php 第 102 行.
NOTIC: [8] Use of undefined constant i - assumed 'i' D:\wamp\www\sdcn\Application\Home\Controller\NodeController.class.php 第 116 行.
NOTIC: [8] Undefined index: i D:\wamp\www\sdcn\Application\Home\Controller\NodeController.class.php 第 116 行.
NOTIC: [8] Use of undefined constant i - assumed 'i' D:\wamp\www\sdcn\Application\Home\Controller\NodeController.class.php 第 110 行.
NOTIC: [8] Undefined index: i D:\wamp\www\sdcn\Application\Home\Controller\NodeController.class.php 第 110 行.
NOTIC: [8] Use of undefined constant i - assumed 'i' D:\wamp\www\sdcn\Application\Home\Controller\NodeController.class.php 第 116 行.
NOTIC: [8] Undefined index: i D:\wamp\www\sdcn\Application\Home\Controller\NodeController.class.php 第 116 行.
NOTIC: [8] Use of undefined constant i - assumed 'i' D:\wamp\www\sdcn\Application\Home\Controller\NodeController.class.php 第 102 行.
NOTIC: [8] Undefined index: i D:\wamp\www\sdcn\Application\Home\Controller\NodeController.class.php 第 102 行.
NOTIC: [8] Use of undefined constant i - assumed 'i' D:\wamp\www\sdcn\Application\Home\Controller\NodeController.class.php 第 116 行.
NOTIC: [8] Undefined index: i D:\wamp\www\sdcn\Application\Home\Controller\NodeController.class.php 第 116 行.
NOTIC: [8] Use of undefined constant i - assumed 'i' D:\wamp\www\sdcn\Application\Home\Controller\NodeController.class.php 第 102 行.
NOTIC: [8] Undefined index: i D:\wamp\www\sdcn\Application\Home\Controller\NodeController.class.php 第 102 行.
NOTIC: [8] Use of undefined constant i - assumed 'i' D:\wamp\www\sdcn\Application\Home\Controller\NodeController.class.php 第 116 行.
NOTIC: [8] Undefined index: i D:\wamp\www\sdcn\Application\Home\Controller\NodeController.class.php 第 116 行.
INFO: [ view_parse ] --START--
INFO: [ template_filter ] --START--
INFO: Run Behavior\ContentReplaceBehavior [ RunTime:0.000140s ]
INFO: [ template_filter ] --END-- [ RunTime:0.000377s ]
INFO: Run Behavior\ParseTemplateBehavior [ RunTime:0.028853s ]
INFO: [ view_parse ] --END-- [ RunTime:0.029080s ]
INFO: [ view_filter ] --START--
INFO: Run Behavior\WriteHtmlCacheBehavior [ RunTime:0.000972s ]
INFO: [ view_filter ] --END-- [ RunTime:0.001158s ]
INFO: [ app_end ] --START--
INFO: Run Behavior\ShowPageTraceBehavior [ RunTime:0.001385s ]
INFO: [ app_end ] --END-- [ RunTime:0.001585s ]

[ 2014-12-30T17:07:23+08:00 ] 127.0.0.1 /sdcn/index.php/Home/Node/cachehit.html?ip=192.168.64.223
INFO: [ app_init ] --START--
INFO: Run Behavior\BuildLiteBehavior [ RunTime:0.000076s ]
INFO: [ app_init ] --END-- [ RunTime:0.001545s ]
INFO: [ app_begin ] --START--
INFO: Run Behavior\ReadHtmlCacheBehavior [ RunTime:0.001982s ]
INFO: [ app_begin ] --END-- [ RunTime:0.002229s ]
SQL: select client_ip,start_time,approach from client_status group by start_time [ RunTime:0.000342s ]
NOTIC: [8] Use of undefined constant i - assumed 'i' D:\wamp\www\sdcn\Application\Home\Controller\NodeController.class.php 第 98 行.
NOTIC: [8] Undefined index: i D:\wamp\www\sdcn\Application\Home\Controller\NodeController.class.php 第 98 行.
NOTIC: [8] Use of undefined constant i - assumed 'i' D:\wamp\www\sdcn\Application\Home\Controller\NodeController.class.php 第 103 行.
NOTIC: [8] Undefined index: i D:\wamp\www\sdcn\Application\Home\Controller\NodeController.class.php 第 103 行.
NOTIC: [8] Use of undefined constant i - assumed 'i' D:\wamp\www\sdcn\Application\Home\Controller\NodeController.class.php 第 103 行.
NOTIC: [8] Undefined index: i D:\wamp\www\sdcn\Application\Home\Controller\NodeController.class.php 第 103 行.
NOTIC: [8] Use of undefined constant i - assumed 'i' D:\wamp\www\sdcn\Application\Home\Controller\NodeController.class.php 第 111 行.
NOTIC: [8] Undefined index: i D:\wamp\www\sdcn\Application\Home\Controller\NodeController.class.php 第 111 行.
NOTIC: [8] Use of undefined constant i - assumed 'i' D:\wamp\www\sdcn\Application\Home\Controller\NodeController.class.php 第 103 行.
NOTIC: [8] Undefined index: i D:\wamp\www\sdcn\Application\Home\Controller\NodeController.class.php 第 103 行.
NOTIC: [8] Use of undefined constant i - assumed 'i' D:\wamp\www\sdcn\Application\Home\Controller\NodeController.class.php 第 103 行.
NOTIC: [8] Undefined index: i D:\wamp\www\sdcn\Application\Home\Controller\NodeController.class.php 第 103 行.
NOTIC: [8] Use of undefined constant i - assumed 'i' D:\wamp\www\sdcn\Application\Home\Controller\NodeController.class.php 第 111 行.
NOTIC: [8] Undefined index: i D:\wamp\www\sdcn\Application\Home\Controller\NodeController.class.php 第 111 行.
NOTIC: [8] Use of undefined constant i - assumed 'i' D:\wamp\www\sdcn\Application\Home\Controller\NodeController.class.php 第 103 行.
NOTIC: [8] Undefined index: i D:\wamp\www\sdcn\Application\Home\Controller\NodeController.class.php 第 103 行.
NOTIC: [8] Use of undefined constant i - assumed 'i' D:\wamp\www\sdcn\Application\Home\Controller\NodeController.class.php 第 103 行.
NOTIC: [8] Undefined index: i D:\wamp\www\sdcn\Application\Home\Controller\NodeController.class.php 第 103 行.
NOTIC: [8] Use of undefined constant i - assumed 'i' D:\wamp\www\sdcn\Application\Home\Controller\NodeController.class.php 第 103 行.
NOTIC: [8] Undefined index: i D:\wamp\www\sdcn\Application\Home\Controller\NodeController.class.php 第 103 行.
NOTIC: [8] Use of undefined constant i - assumed 'i' D:\wamp\www\sdcn\Application\Home\Controller\NodeController.class.php 第 103 行.
NOTIC: [8] Undefined index: i D:\wamp\www\sdcn\Application\Home\Controller\NodeController.class.php 第 103 行.
NOTIC: [8] Use of undefined constant i - assumed 'i' D:\wamp\www\sdcn\Application\Home\Controller\NodeController.class.php 第 111 行.
NOTIC: [8] Undefined index: i D:\wamp\www\sdcn\Application\Home\Controller\NodeController.class.php 第 111 行.
NOTIC: [8] Use of undefined constant i - assumed 'i' D:\wamp\www\sdcn\Application\Home\Controller\NodeController.class.php 第 103 行.
NOTIC: [8] Undefined index: i D:\wamp\www\sdcn\Application\Home\Controller\NodeController.class.php 第 103 行.
NOTIC: [8] Use of undefined constant i - assumed 'i' D:\wamp\www\sdcn\Application\Home\Controller\NodeController.class.php 第 103 行.
NOTIC: [8] Undefined index: i D:\wamp\www\sdcn\Application\Home\Controller\NodeController.class.php 第 103 行.
NOTIC: [8] Use of undefined constant i - assumed 'i' D:\wamp\www\sdcn\Application\Home\Controller\NodeController.class.php 第 103 行.
NOTIC: [8] Undefined index: i D:\wamp\www\sdcn\Application\Home\Controller\NodeController.class.php 第 103 行.
NOTIC: [8] Use of undefined constant i - assumed 'i' D:\wamp\www\sdcn\Application\Home\Controller\NodeController.class.php 第 111 行.
NOTIC: [8] Undefined index: i D:\wamp\www\sdcn\Application\Home\Controller\NodeController.class.php 第 111 行.
NOTIC: [8] Use of undefined constant i - assumed 'i' D:\wamp\www\sdcn\Application\Home\Controller\NodeController.class.php 第 103 行.
NOTIC: [8] Undefined index: i D:\wamp\www\sdcn\Application\Home\Controller\NodeController.class.php 第 103 行.
NOTIC: [8] Use of undefined constant i - assumed 'i' D:\wamp\www\sdcn\Application\Home\Controller\NodeController.class.php 第 111 行.
NOTIC: [8] Undefined index: i D:\wamp\www\sdcn\Application\Home\Controller\NodeController.class.php 第 111 行.
NOTIC: [8] Use of undefined constant i - assumed 'i' D:\wamp\www\sdcn\Application\Home\Controller\NodeController.class.php 第 103 行.
NOTIC: [8] Undefined index: i D:\wamp\www\sdcn\Application\Home\Controller\NodeController.class.php 第 103 行.
NOTIC: [8] Use of undefined constant i - assumed 'i' D:\wamp\www\sdcn\Application\Home\Controller\NodeController.class.php 第 103 行.
NOTIC: [8] Undefined index: i D:\wamp\www\sdcn\Application\Home\Controller\NodeController.class.php 第 103 行.
INFO: [ view_parse ] --START--
INFO: [ template_filter ] --START--
INFO: Run Behavior\ContentReplaceBehavior [ RunTime:0.000136s ]
INFO: [ template_filter ] --END-- [ RunTime:0.000357s ]
INFO: Run Behavior\ParseTemplateBehavior [ RunTime:0.022808s ]
INFO: [ view_parse ] --END-- [ RunTime:0.023017s ]
INFO: [ view_filter ] --START--
INFO: Run Behavior\WriteHtmlCacheBehavior [ RunTime:0.001184s ]
INFO: [ view_filter ] --END-- [ RunTime:0.001364s ]
INFO: [ app_end ] --START--
INFO: Run Behavior\ShowPageTraceBehavior [ RunTime:0.001585s ]
INFO: [ app_end ] --END-- [ RunTime:0.001780s ]

[ 2014-12-30T17:08:04+08:00 ] 127.0.0.1 /sdcn/index.php/Home/Node/cachehit.html?ip=192.168.64.223
INFO: [ app_init ] --START--
INFO: Run Behavior\BuildLiteBehavior [ RunTime:0.000069s ]
INFO: [ app_init ] --END-- [ RunTime:0.001354s ]
INFO: [ app_begin ] --START--
INFO: Run Behavior\ReadHtmlCacheBehavior [ RunTime:0.001618s ]
INFO: [ app_begin ] --END-- [ RunTime:0.001903s ]
SQL: select client_ip,start_time,approach from client_status group by start_time [ RunTime:0.000349s ]
NOTIC: [8] Use of undefined constant i - assumed 'i' D:\wamp\www\sdcn\Application\Home\Controller\NodeController.class.php 第 98 行.
NOTIC: [8] Undefined index: i D:\wamp\www\sdcn\Application\Home\Controller\NodeController.class.php 第 98 行.
NOTIC: [8] Use of undefined constant i - assumed 'i' D:\wamp\www\sdcn\Application\Home\Controller\NodeController.class.php 第 103 行.
NOTIC: [8] Undefined index: i D:\wamp\www\sdcn\Application\Home\Controller\NodeController.class.php 第 103 行.
NOTIC: [8] Use of undefined constant i - assumed 'i' D:\wamp\www\sdcn\Application\Home\Controller\NodeController.class.php 第 103 行.
NOTIC: [8] Undefined index: i D:\wamp\www\sdcn\Application\Home\Controller\NodeController.class.php 第 103 行.
NOTIC: [8] Use of undefined constant i - assumed 'i' D:\wamp\www\sdcn\Application\Home\Controller\NodeController.class.php 第 111 行.
NOTIC: [8] Undefined index: i D:\wamp\www\sdcn\Application\Home\Controller\NodeController.class.php 第 111 行.
NOTIC: [8] Use of undefined constant i - assumed 'i' D:\wamp\www\sdcn\Application\Home\Controller\NodeController.class.php 第 103 行.
NOTIC: [8] Undefined index: i D:\wamp\www\sdcn\Application\Home\Controller\NodeController.class.php 第 103 行.
NOTIC: [8] Use of undefined constant i - assumed 'i' D:\wamp\www\sdcn\Application\Home\Controller\NodeController.class.php 第 103 行.
NOTIC: [8] Undefined index: i D:\wamp\www\sdcn\Application\Home\Controller\NodeController.class.php 第 103 行.
NOTIC: [8] Use of undefined constant i - assumed 'i' D:\wamp\www\sdcn\Application\Home\Controller\NodeController.class.php 第 111 行.
NOTIC: [8] Undefined index: i D:\wamp\www\sdcn\Application\Home\Controller\NodeController.class.php 第 111 行.
NOTIC: [8] Use of undefined constant i - assumed 'i' D:\wamp\www\sdcn\Application\Home\Controller\NodeController.class.php 第 103 行.
NOTIC: [8] Undefined index: i D:\wamp\www\sdcn\Application\Home\Controller\NodeController.class.php 第 103 行.
NOTIC: [8] Use of undefined constant i - assumed 'i' D:\wamp\www\sdcn\Application\Home\Controller\NodeController.class.php 第 103 行.
NOTIC: [8] Undefined index: i D:\wamp\www\sdcn\Application\Home\Controller\NodeController.class.php 第 103 行.
NOTIC: [8] Use of undefined constant i - assumed 'i' D:\wamp\www\sdcn\Application\Home\Controller\NodeController.class.php 第 103 行.
NOTIC: [8] Undefined index: i D:\wamp\www\sdcn\Application\Home\Controller\NodeController.class.php 第 103 行.
NOTIC: [8] Use of undefined constant i - assumed 'i' D:\wamp\www\sdcn\Application\Home\Controller\NodeController.class.php 第 103 行.
NOTIC: [8] Undefined index: i D:\wamp\www\sdcn\Application\Home\Controller\NodeController.class.php 第 103 行.
NOTIC: [8] Use of undefined constant i - assumed 'i' D:\wamp\www\sdcn\Application\Home\Controller\NodeController.class.php 第 111 行.
NOTIC: [8] Undefined index: i D:\wamp\www\sdcn\Application\Home\Controller\NodeController.class.php 第 111 行.
NOTIC: [8] Use of undefined constant i - assumed 'i' D:\wamp\www\sdcn\Application\Home\Controller\NodeController.class.php 第 103 行.
NOTIC: [8] Undefined index: i D:\wamp\www\sdcn\Application\Home\Controller\NodeController.class.php 第 103 行.
NOTIC: [8] Use of undefined constant i - assumed 'i' D:\wamp\www\sdcn\Application\Home\Controller\NodeController.class.php 第 103 行.
NOTIC: [8] Undefined index: i D:\wamp\www\sdcn\Application\Home\Controller\NodeController.class.php 第 103 行.
NOTIC: [8] Use of undefined constant i - assumed 'i' D:\wamp\www\sdcn\Application\Home\Controller\NodeController.class.php 第 103 行.
NOTIC: [8] Undefined index: i D:\wamp\www\sdcn\Application\Home\Controller\NodeController.class.php 第 103 行.
NOTIC: [8] Use of undefined constant i - assumed 'i' D:\wamp\www\sdcn\Application\Home\Controller\NodeController.class.php 第 111 行.
NOTIC: [8] Undefined index: i D:\wamp\www\sdcn\Application\Home\Controller\NodeController.class.php 第 111 行.
NOTIC: [8] Use of undefined constant i - assumed 'i' D:\wamp\www\sdcn\Application\Home\Controller\NodeController.class.php 第 103 行.
NOTIC: [8] Undefined index: i D:\wamp\www\sdcn\Application\Home\Controller\NodeController.class.php 第 103 行.
NOTIC: [8] Use of undefined constant i - assumed 'i' D:\wamp\www\sdcn\Application\Home\Controller\NodeController.class.php 第 111 行.
NOTIC: [8] Undefined index: i D:\wamp\www\sdcn\Application\Home\Controller\NodeController.class.php 第 111 行.
NOTIC: [8] Use of undefined constant i - assumed 'i' D:\wamp\www\sdcn\Application\Home\Controller\NodeController.class.php 第 103 行.
NOTIC: [8] Undefined index: i D:\wamp\www\sdcn\Application\Home\Controller\NodeController.class.php 第 103 行.
NOTIC: [8] Use of undefined constant i - assumed 'i' D:\wamp\www\sdcn\Application\Home\Controller\NodeController.class.php 第 103 行.
NOTIC: [8] Undefined index: i D:\wamp\www\sdcn\Application\Home\Controller\NodeController.class.php 第 103 行.
INFO: [ view_parse ] --START--
INFO: [ template_filter ] --START--
INFO: Run Behavior\ContentReplaceBehavior [ RunTime:0.000173s ]
INFO: [ template_filter ] --END-- [ RunTime:0.000411s ]
INFO: Run Behavior\ParseTemplateBehavior [ RunTime:0.018630s ]
INFO: [ view_parse ] --END-- [ RunTime:0.018911s ]
INFO: [ view_filter ] --START--
INFO: Run Behavior\WriteHtmlCacheBehavior [ RunTime:0.000766s ]
INFO: [ view_filter ] --END-- [ RunTime:0.001162s ]
INFO: [ app_end ] --START--
INFO: Run Behavior\ShowPageTraceBehavior [ RunTime:0.001149s ]
INFO: [ app_end ] --END-- [ RunTime:0.001345s ]

[ 2014-12-30T17:09:09+08:00 ] 127.0.0.1 /sdcn/index.php/Home/Node/cachehit.html?ip=192.168.64.223
INFO: [ app_init ] --START--
INFO: Run Behavior\BuildLiteBehavior [ RunTime:0.000051s ]
INFO: [ app_init ] --END-- [ RunTime:0.001202s ]
INFO: [ app_begin ] --START--
INFO: Run Behavior\ReadHtmlCacheBehavior [ RunTime:0.001233s ]
INFO: [ app_begin ] --END-- [ RunTime:0.001483s ]
SQL: select client_ip,start_time,approach from client_status group by start_time [ RunTime:0.000397s ]
INFO: [ view_parse ] --START--
INFO: [ template_filter ] --START--
INFO: Run Behavior\ContentReplaceBehavior [ RunTime:0.000142s ]
INFO: [ template_filter ] --END-- [ RunTime:0.000388s ]
INFO: Run Behavior\ParseTemplateBehavior [ RunTime:0.022677s ]
INFO: [ view_parse ] --END-- [ RunTime:0.022924s ]
INFO: [ view_filter ] --START--
INFO: Run Behavior\WriteHtmlCacheBehavior [ RunTime:0.000972s ]
INFO: [ view_filter ] --END-- [ RunTime:0.001169s ]
INFO: [ app_end ] --START--
INFO: Run Behavior\ShowPageTraceBehavior [ RunTime:0.001441s ]
INFO: [ app_end ] --END-- [ RunTime:0.001668s ]

