[ 2014-11-02T11:15:37+08:00 ] 127.0.0.1 /SDCN/
INFO: [ app_init ] --START--
INFO: Run Behavior\BuildLiteBehavior [ RunTime:0.000082s ]
INFO: [ app_init ] --END-- [ RunTime:0.000614s ]
INFO: [ app_begin ] --START--
INFO: Run Behavior\ReadHtmlCacheBehavior [ RunTime:0.001865s ]
INFO: [ app_begin ] --END-- [ RunTime:0.002115s ]
INFO: [ view_parse ] --START--
INFO: [ template_filter ] --START--
INFO: Run Behavior\ContentReplaceBehavior [ RunTime:0.000113s ]
INFO: [ template_filter ] --END-- [ RunTime:0.000347s ]
INFO: Run Behavior\ParseTemplateBehavior [ RunTime:0.016841s ]
INFO: [ view_parse ] --END-- [ RunTime:0.017189s ]
INFO: [ view_filter ] --START--
INFO: Run Behavior\WriteHtmlCacheBehavior [ RunTime:0.001401s ]
INFO: [ view_filter ] --END-- [ RunTime:0.001608s ]
INFO: [ app_end ] --START--
INFO: Run Behavior\ShowPageTraceBehavior [ RunTime:0.001881s ]
INFO: [ app_end ] --END-- [ RunTime:0.002104s ]

[ 2014-11-02T14:17:11+08:00 ] 127.0.0.1 /SDCN/index.php/Home/Index/login
INFO: [ app_init ] --START--
INFO: Run Behavior\BuildLiteBehavior [ RunTime:0.000048s ]
INFO: [ app_init ] --END-- [ RunTime:0.001230s ]
INFO: [ app_begin ] --START--
INFO: Run Behavior\ReadHtmlCacheBehavior [ RunTime:0.001801s ]
INFO: [ app_begin ] --END-- [ RunTime:0.002039s ]
INFO: [ view_parse ] --START--
INFO: [ template_filter ] --START--
INFO: Run Behavior\ContentReplaceBehavior [ RunTime:0.000128s ]
INFO: [ template_filter ] --END-- [ RunTime:0.000349s ]
INFO: Run Behavior\ParseTemplateBehavior [ RunTime:0.016534s ]
INFO: [ view_parse ] --END-- [ RunTime:0.016774s ]
INFO: [ view_filter ] --START--
INFO: Run Behavior\WriteHtmlCacheBehavior [ RunTime:0.001075s ]
INFO: [ view_filter ] --END-- [ RunTime:0.001260s ]
INFO: [ app_end ] --START--
INFO: Run Behavior\ShowPageTraceBehavior [ RunTime:0.003637s ]
INFO: [ app_end ] --END-- [ RunTime:0.003979s ]

[ 2014-11-02T14:17:33+08:00 ] 127.0.0.1 /SDCN/index.php/Home/Index/homepage
INFO: [ app_init ] --START--
INFO: Run Behavior\BuildLiteBehavior [ RunTime:0.000048s ]
INFO: [ app_init ] --END-- [ RunTime:0.001114s ]
INFO: [ app_begin ] --START--
INFO: Run Behavior\ReadHtmlCacheBehavior [ RunTime:0.001845s ]
INFO: [ app_begin ] --END-- [ RunTime:0.002208s ]
SQL: SHOW COLUMNS FROM `user` [ RunTime:0.001829s ]
ERR: 1146:Table 'sdcn_controller.user' doesn't exist
 [ SQL语句 ] : SHOW COLUMNS FROM `user`
SQL: SELECT * FROM `user` WHERE ( name = 'shengsr' ) LIMIT 1   [ RunTime:0.000707s ]
ERR: 1146:Table 'sdcn_controller.user' doesn't exist
 [ SQL语句 ] : SELECT * FROM `user` WHERE ( name = 'shengsr' ) LIMIT 1  
SQL: SELECT * FROM `user` WHERE ( email = 'shengsr' ) LIMIT 1   [ RunTime:0.001397s ]
ERR: 1146:Table 'sdcn_controller.user' doesn't exist
 [ SQL语句 ] : SELECT * FROM `user` WHERE ( email = 'shengsr' ) LIMIT 1  
INFO: [ app_end ] --START--
INFO: Run Behavior\ShowPageTraceBehavior [ RunTime:0.003137s ]
INFO: [ app_end ] --END-- [ RunTime:0.003571s ]

[ 2014-11-02T14:17:43+08:00 ] 127.0.0.1 /SDCN/index.php/Home/Index/homepage
INFO: [ app_init ] --START--
INFO: Run Behavior\BuildLiteBehavior [ RunTime:0.000077s ]
INFO: [ app_init ] --END-- [ RunTime:0.002234s ]
INFO: [ app_begin ] --START--
INFO: Run Behavior\ReadHtmlCacheBehavior [ RunTime:0.001328s ]
INFO: [ app_begin ] --END-- [ RunTime:0.001588s ]
SQL: SHOW COLUMNS FROM `user` [ RunTime:0.001124s ]
ERR: 1146:Table 'sdcn_controller.user' doesn't exist
 [ SQL语句 ] : SHOW COLUMNS FROM `user`
SQL: SELECT * FROM `user` WHERE ( name = 'shengsr' ) LIMIT 1   [ RunTime:0.000689s ]
ERR: 1146:Table 'sdcn_controller.user' doesn't exist
 [ SQL语句 ] : SELECT * FROM `user` WHERE ( name = 'shengsr' ) LIMIT 1  
SQL: SELECT * FROM `user` WHERE ( email = 'shengsr' ) LIMIT 1   [ RunTime:0.001375s ]
ERR: 1146:Table 'sdcn_controller.user' doesn't exist
 [ SQL语句 ] : SELECT * FROM `user` WHERE ( email = 'shengsr' ) LIMIT 1  
INFO: [ app_end ] --START--
INFO: Run Behavior\ShowPageTraceBehavior [ RunTime:0.002238s ]
INFO: [ app_end ] --END-- [ RunTime:0.002558s ]

