[ 2014-12-10T09:17:56+08:00 ] 127.0.0.1 /sdcn/index.php/home/User/login
INFO: [ app_init ] --START--
INFO: Run Behavior\BuildLiteBehavior [ RunTime:0.000122s ]
INFO: [ app_init ] --END-- [ RunTime:0.030177s ]
INFO: [ app_begin ] --START--
INFO: Run Behavior\ReadHtmlCacheBehavior [ RunTime:0.008149s ]
INFO: [ app_begin ] --END-- [ RunTime:0.008577s ]
INFO: [ view_parse ] --START--
INFO: [ template_filter ] --START--
INFO: Run Behavior\ContentReplaceBehavior [ RunTime:0.000138s ]
INFO: [ template_filter ] --END-- [ RunTime:0.000360s ]
NOTIC: [8] Undefined variable: errmsg D:\wamp\www\sdcn\Application\Runtime\Cache\Home\5c9ee6d19cd41add49f97afe3aef0b25.php 第 42 行.
INFO: Run Behavior\ParseTemplateBehavior [ RunTime:0.138763s ]
INFO: [ view_parse ] --END-- [ RunTime:0.138983s ]
INFO: [ view_filter ] --START--
INFO: Run Behavior\WriteHtmlCacheBehavior [ RunTime:0.016581s ]
INFO: [ view_filter ] --END-- [ RunTime:0.016820s ]
INFO: [ app_end ] --START--
INFO: Run Behavior\ShowPageTraceBehavior [ RunTime:0.002348s ]
INFO: [ app_end ] --END-- [ RunTime:0.002541s ]

[ 2014-12-10T09:18:08+08:00 ] 127.0.0.1 /sdcn/index.php/Home/User/login
INFO: [ app_init ] --START--
INFO: Run Behavior\BuildLiteBehavior [ RunTime:0.000046s ]
INFO: [ app_init ] --END-- [ RunTime:0.001317s ]
INFO: [ app_begin ] --START--
INFO: Run Behavior\ReadHtmlCacheBehavior [ RunTime:0.001831s ]
INFO: [ app_begin ] --END-- [ RunTime:0.002280s ]
SQL: SHOW COLUMNS FROM `think_user` [ RunTime:0.801283s ]
SQL: SELECT * FROM `think_user` WHERE ( name = 'shengsr' ) LIMIT 1   [ RunTime:0.119233s ]
SQL: SELECT * FROM `think_user` WHERE ( password = '3dcfd63e84d210efffb16514dbeae58d' ) LIMIT 1   [ RunTime:0.000812s ]

[ 2014-12-10T09:18:08+08:00 ] 127.0.0.1 /sdcn/index.php/Home/Index/index.html
INFO: [ app_init ] --START--
INFO: Run Behavior\BuildLiteBehavior [ RunTime:0.000051s ]
INFO: [ app_init ] --END-- [ RunTime:0.001932s ]
INFO: [ app_begin ] --START--
INFO: Run Behavior\ReadHtmlCacheBehavior [ RunTime:0.001284s ]
INFO: [ app_begin ] --END-- [ RunTime:0.001526s ]
SQL: select ip,port,node_type,cache_used_rate,status,description from sdcn_controller.store_node  t1 left join 								      syslog.cnode  t2  on t1.ip = t2.cnode_ip [ RunTime:0.001593s ]
INFO: [ view_parse ] --START--
INFO: [ template_filter ] --START--
INFO: Run Behavior\ContentReplaceBehavior [ RunTime:0.000263s ]
INFO: [ template_filter ] --END-- [ RunTime:0.000556s ]
INFO: Run Behavior\ParseTemplateBehavior [ RunTime:0.173525s ]
INFO: [ view_parse ] --END-- [ RunTime:0.173797s ]
INFO: [ view_filter ] --START--
INFO: Run Behavior\WriteHtmlCacheBehavior [ RunTime:0.000893s ]
INFO: [ view_filter ] --END-- [ RunTime:0.001084s ]
INFO: [ app_end ] --START--
INFO: Run Behavior\ShowPageTraceBehavior [ RunTime:0.001461s ]
INFO: [ app_end ] --END-- [ RunTime:0.001657s ]

[ 2014-12-10T09:18:18+08:00 ] 127.0.0.1 /sdcn/index.php/Home/Node/contentdistribution?ip=192.168.64.223
INFO: [ app_init ] --START--
INFO: Run Behavior\BuildLiteBehavior [ RunTime:0.000045s ]
INFO: [ app_init ] --END-- [ RunTime:0.001159s ]
INFO: [ app_begin ] --START--
INFO: Run Behavior\ReadHtmlCacheBehavior [ RunTime:0.001648s ]
INFO: [ app_begin ] --END-- [ RunTime:0.001874s ]
INFO: [ view_parse ] --START--
INFO: [ template_filter ] --START--
INFO: Run Behavior\ContentReplaceBehavior [ RunTime:0.000146s ]
INFO: [ template_filter ] --END-- [ RunTime:0.000349s ]
NOTIC: [8] Undefined variable: data D:\wamp\www\sdcn\Application\Runtime\Cache\Home\3fab25429d42acf91c8da9d120f3b953.php 第 158 行.
NOTIC: [8] Undefined variable: contentlist_vedio D:\wamp\www\sdcn\Application\Runtime\Cache\Home\3fab25429d42acf91c8da9d120f3b953.php 第 165 行.
NOTIC: [8] Undefined variable: contentlist_app D:\wamp\www\sdcn\Application\Runtime\Cache\Home\3fab25429d42acf91c8da9d120f3b953.php 第 166 行.
NOTIC: [8] Undefined variable: contentlist_picture D:\wamp\www\sdcn\Application\Runtime\Cache\Home\3fab25429d42acf91c8da9d120f3b953.php 第 167 行.
INFO: Run Behavior\ParseTemplateBehavior [ RunTime:0.059588s ]
INFO: [ view_parse ] --END-- [ RunTime:0.059808s ]
INFO: [ view_filter ] --START--
INFO: Run Behavior\WriteHtmlCacheBehavior [ RunTime:0.000893s ]
INFO: [ view_filter ] --END-- [ RunTime:0.001081s ]
INFO: [ app_end ] --START--
INFO: Run Behavior\ShowPageTraceBehavior [ RunTime:0.001307s ]
INFO: [ app_end ] --END-- [ RunTime:0.001484s ]

[ 2014-12-10T09:47:02+08:00 ] 127.0.0.1 /sdcn/index.php/Home/Index/index.html
INFO: [ app_init ] --START--
INFO: Run Behavior\BuildLiteBehavior [ RunTime:0.000050s ]
INFO: [ app_init ] --END-- [ RunTime:0.001559s ]
INFO: [ app_begin ] --START--
INFO: Run Behavior\ReadHtmlCacheBehavior [ RunTime:0.001900s ]
INFO: [ app_begin ] --END-- [ RunTime:0.002133s ]
SQL: select ip,port,node_type,cache_used_rate,status,description from sdcn_controller.store_node  t1 left join 								      syslog.cnode  t2  on t1.ip = t2.cnode_ip [ RunTime:0.001365s ]
INFO: [ view_parse ] --START--
INFO: [ template_filter ] --START--
INFO: Run Behavior\ContentReplaceBehavior [ RunTime:0.000144s ]
INFO: [ template_filter ] --END-- [ RunTime:0.000396s ]
INFO: Run Behavior\ParseTemplateBehavior [ RunTime:0.027968s ]
INFO: [ view_parse ] --END-- [ RunTime:0.028184s ]
INFO: [ view_filter ] --START--
INFO: Run Behavior\WriteHtmlCacheBehavior [ RunTime:0.001321s ]
INFO: [ view_filter ] --END-- [ RunTime:0.001508s ]
INFO: [ app_end ] --START--
INFO: Run Behavior\ShowPageTraceBehavior [ RunTime:0.002074s ]
INFO: [ app_end ] --END-- [ RunTime:0.002271s ]

[ 2014-12-10T09:47:07+08:00 ] 127.0.0.1 /sdcn/index.php/Home/Node/contentdistribution?ip=192.168.64.223
INFO: [ app_init ] --START--
INFO: Run Behavior\BuildLiteBehavior [ RunTime:0.000049s ]
INFO: [ app_init ] --END-- [ RunTime:0.001323s ]
INFO: [ app_begin ] --START--
INFO: Run Behavior\ReadHtmlCacheBehavior [ RunTime:0.001730s ]
INFO: [ app_begin ] --END-- [ RunTime:0.001948s ]
INFO: [ view_parse ] --START--
INFO: [ template_filter ] --START--
INFO: Run Behavior\ContentReplaceBehavior [ RunTime:0.000184s ]
INFO: [ template_filter ] --END-- [ RunTime:0.000428s ]
NOTIC: [8] Undefined variable: data D:\wamp\www\sdcn\Application\Runtime\Cache\Home\3fab25429d42acf91c8da9d120f3b953.php 第 158 行.
NOTIC: [8] Undefined variable: contentlist_vedio D:\wamp\www\sdcn\Application\Runtime\Cache\Home\3fab25429d42acf91c8da9d120f3b953.php 第 165 行.
NOTIC: [8] Undefined variable: contentlist_app D:\wamp\www\sdcn\Application\Runtime\Cache\Home\3fab25429d42acf91c8da9d120f3b953.php 第 166 行.
NOTIC: [8] Undefined variable: contentlist_picture D:\wamp\www\sdcn\Application\Runtime\Cache\Home\3fab25429d42acf91c8da9d120f3b953.php 第 167 行.
INFO: Run Behavior\ParseTemplateBehavior [ RunTime:0.031594s ]
INFO: [ view_parse ] --END-- [ RunTime:0.031817s ]
INFO: [ view_filter ] --START--
INFO: Run Behavior\WriteHtmlCacheBehavior [ RunTime:0.002296s ]
INFO: [ view_filter ] --END-- [ RunTime:0.002575s ]
INFO: [ app_end ] --START--
INFO: Run Behavior\ShowPageTraceBehavior [ RunTime:0.001984s ]
INFO: [ app_end ] --END-- [ RunTime:0.002368s ]

[ 2014-12-10T09:49:15+08:00 ] 127.0.0.1 /sdcn/index.php/Home/Node/contentdistribution?ip=192.168.64.223
INFO: [ app_init ] --START--
INFO: Run Behavior\BuildLiteBehavior [ RunTime:0.000106s ]
INFO: [ app_init ] --END-- [ RunTime:0.001476s ]
INFO: [ app_begin ] --START--
INFO: Run Behavior\ReadHtmlCacheBehavior [ RunTime:0.002382s ]
INFO: [ app_begin ] --END-- [ RunTime:0.002635s ]
INFO: [ view_parse ] --START--
INFO: [ template_filter ] --START--
INFO: Run Behavior\ContentReplaceBehavior [ RunTime:0.000149s ]
INFO: [ template_filter ] --END-- [ RunTime:0.000376s ]
NOTIC: [8] Undefined variable: data D:\wamp\www\sdcn\Application\Runtime\Cache\Home\3fab25429d42acf91c8da9d120f3b953.php 第 154 行.
NOTIC: [8] Undefined variable: contentlist_vedio D:\wamp\www\sdcn\Application\Runtime\Cache\Home\3fab25429d42acf91c8da9d120f3b953.php 第 161 行.
NOTIC: [8] Undefined variable: contentlist_app D:\wamp\www\sdcn\Application\Runtime\Cache\Home\3fab25429d42acf91c8da9d120f3b953.php 第 162 行.
NOTIC: [8] Undefined variable: contentlist_picture D:\wamp\www\sdcn\Application\Runtime\Cache\Home\3fab25429d42acf91c8da9d120f3b953.php 第 163 行.
INFO: Run Behavior\ParseTemplateBehavior [ RunTime:0.030648s ]
INFO: [ view_parse ] --END-- [ RunTime:0.030880s ]
INFO: [ view_filter ] --START--
INFO: Run Behavior\WriteHtmlCacheBehavior [ RunTime:0.001611s ]
INFO: [ view_filter ] --END-- [ RunTime:0.001823s ]
INFO: [ app_end ] --START--
INFO: Run Behavior\ShowPageTraceBehavior [ RunTime:0.001892s ]
INFO: [ app_end ] --END-- [ RunTime:0.002085s ]

[ 2014-12-10T09:55:54+08:00 ] 127.0.0.1 /sdcn/index.php/Home/Node/contentdistribution?ip=192.168.64.223
INFO: [ app_init ] --START--
INFO: Run Behavior\BuildLiteBehavior [ RunTime:0.000052s ]
INFO: [ app_init ] --END-- [ RunTime:0.001398s ]
INFO: [ app_begin ] --START--
INFO: Run Behavior\ReadHtmlCacheBehavior [ RunTime:0.002063s ]
INFO: [ app_begin ] --END-- [ RunTime:0.002332s ]
INFO: [ view_parse ] --START--
INFO: [ template_filter ] --START--
INFO: Run Behavior\ContentReplaceBehavior [ RunTime:0.000240s ]
INFO: [ template_filter ] --END-- [ RunTime:0.000614s ]
NOTIC: [8] Undefined variable: data D:\wamp\www\sdcn\Application\Runtime\Cache\Home\3fab25429d42acf91c8da9d120f3b953.php 第 154 行.
NOTIC: [8] Undefined variable: contentlist_vedio D:\wamp\www\sdcn\Application\Runtime\Cache\Home\3fab25429d42acf91c8da9d120f3b953.php 第 161 行.
NOTIC: [8] Undefined variable: contentlist_app D:\wamp\www\sdcn\Application\Runtime\Cache\Home\3fab25429d42acf91c8da9d120f3b953.php 第 162 行.
NOTIC: [8] Undefined variable: contentlist_picture D:\wamp\www\sdcn\Application\Runtime\Cache\Home\3fab25429d42acf91c8da9d120f3b953.php 第 163 行.
INFO: Run Behavior\ParseTemplateBehavior [ RunTime:0.035175s ]
INFO: [ view_parse ] --END-- [ RunTime:0.035410s ]
INFO: [ view_filter ] --START--
INFO: Run Behavior\WriteHtmlCacheBehavior [ RunTime:0.001735s ]
INFO: [ view_filter ] --END-- [ RunTime:0.001951s ]
INFO: [ app_end ] --START--
INFO: Run Behavior\ShowPageTraceBehavior [ RunTime:0.001900s ]
INFO: [ app_end ] --END-- [ RunTime:0.002121s ]

[ 2014-12-10T09:58:15+08:00 ] 127.0.0.1 /sdcn/index.php/Home/Node/contentdistribution?ip=192.168.64.223
INFO: [ app_init ] --START--
INFO: Run Behavior\BuildLiteBehavior [ RunTime:0.000202s ]
INFO: [ app_init ] --END-- [ RunTime:0.001759s ]
INFO: [ app_begin ] --START--
INFO: Run Behavior\ReadHtmlCacheBehavior [ RunTime:0.001677s ]
INFO: [ app_begin ] --END-- [ RunTime:0.001914s ]
INFO: [ view_parse ] --START--
INFO: [ template_filter ] --START--
INFO: Run Behavior\ContentReplaceBehavior [ RunTime:0.000151s ]
INFO: [ template_filter ] --END-- [ RunTime:0.000388s ]
NOTIC: [8] Undefined variable: data D:\wamp\www\sdcn\Application\Runtime\Cache\Home\3fab25429d42acf91c8da9d120f3b953.php 第 154 行.
NOTIC: [8] Undefined variable: contentlist_vedio D:\wamp\www\sdcn\Application\Runtime\Cache\Home\3fab25429d42acf91c8da9d120f3b953.php 第 161 行.
NOTIC: [8] Undefined variable: contentlist_app D:\wamp\www\sdcn\Application\Runtime\Cache\Home\3fab25429d42acf91c8da9d120f3b953.php 第 162 行.
NOTIC: [8] Undefined variable: contentlist_picture D:\wamp\www\sdcn\Application\Runtime\Cache\Home\3fab25429d42acf91c8da9d120f3b953.php 第 163 行.
INFO: Run Behavior\ParseTemplateBehavior [ RunTime:0.028388s ]
INFO: [ view_parse ] --END-- [ RunTime:0.028600s ]
INFO: [ view_filter ] --START--
INFO: Run Behavior\WriteHtmlCacheBehavior [ RunTime:0.001084s ]
INFO: [ view_filter ] --END-- [ RunTime:0.001304s ]
INFO: [ app_end ] --START--
INFO: Run Behavior\ShowPageTraceBehavior [ RunTime:0.001497s ]
INFO: [ app_end ] --END-- [ RunTime:0.001683s ]

[ 2014-12-10T09:58:59+08:00 ] 127.0.0.1 /sdcn/index.php/Home/Node/contentdistribution?ip=192.168.64.223
INFO: [ app_init ] --START--
INFO: Run Behavior\BuildLiteBehavior [ RunTime:0.000076s ]
INFO: [ app_init ] --END-- [ RunTime:0.001462s ]
INFO: [ app_begin ] --START--
INFO: Run Behavior\ReadHtmlCacheBehavior [ RunTime:0.001410s ]
INFO: [ app_begin ] --END-- [ RunTime:0.001665s ]
INFO: [ view_parse ] --START--
INFO: [ template_filter ] --START--
INFO: Run Behavior\ContentReplaceBehavior [ RunTime:0.000280s ]
INFO: [ template_filter ] --END-- [ RunTime:0.001049s ]
NOTIC: [8] Undefined variable: data D:\wamp\www\sdcn\Application\Runtime\Cache\Home\3fab25429d42acf91c8da9d120f3b953.php 第 154 行.
NOTIC: [8] Undefined variable: contentlist_vedio D:\wamp\www\sdcn\Application\Runtime\Cache\Home\3fab25429d42acf91c8da9d120f3b953.php 第 161 行.
NOTIC: [8] Undefined variable: contentlist_app D:\wamp\www\sdcn\Application\Runtime\Cache\Home\3fab25429d42acf91c8da9d120f3b953.php 第 162 行.
NOTIC: [8] Undefined variable: contentlist_picture D:\wamp\www\sdcn\Application\Runtime\Cache\Home\3fab25429d42acf91c8da9d120f3b953.php 第 163 行.
INFO: Run Behavior\ParseTemplateBehavior [ RunTime:0.028653s ]
INFO: [ view_parse ] --END-- [ RunTime:0.028889s ]
INFO: [ view_filter ] --START--
INFO: Run Behavior\WriteHtmlCacheBehavior [ RunTime:0.001012s ]
INFO: [ view_filter ] --END-- [ RunTime:0.001225s ]
INFO: [ app_end ] --START--
INFO: Run Behavior\ShowPageTraceBehavior [ RunTime:0.001858s ]
INFO: [ app_end ] --END-- [ RunTime:0.002135s ]

[ 2014-12-10T09:59:27+08:00 ] 127.0.0.1 /sdcn/index.php/Home/Node/contentdistribution?ip=192.168.64.223
INFO: [ app_init ] --START--
INFO: Run Behavior\BuildLiteBehavior [ RunTime:0.000049s ]
INFO: [ app_init ] --END-- [ RunTime:0.001233s ]
INFO: [ app_begin ] --START--
INFO: Run Behavior\ReadHtmlCacheBehavior [ RunTime:0.001373s ]
INFO: [ app_begin ] --END-- [ RunTime:0.001630s ]
INFO: [ view_parse ] --START--
INFO: [ template_filter ] --START--
INFO: Run Behavior\ContentReplaceBehavior [ RunTime:0.000227s ]
INFO: [ template_filter ] --END-- [ RunTime:0.000619s ]
NOTIC: [8] Undefined variable: data D:\wamp\www\sdcn\Application\Runtime\Cache\Home\3fab25429d42acf91c8da9d120f3b953.php 第 154 行.
NOTIC: [8] Undefined variable: contentlist_vedio D:\wamp\www\sdcn\Application\Runtime\Cache\Home\3fab25429d42acf91c8da9d120f3b953.php 第 161 行.
NOTIC: [8] Undefined variable: contentlist_app D:\wamp\www\sdcn\Application\Runtime\Cache\Home\3fab25429d42acf91c8da9d120f3b953.php 第 162 行.
NOTIC: [8] Undefined variable: contentlist_picture D:\wamp\www\sdcn\Application\Runtime\Cache\Home\3fab25429d42acf91c8da9d120f3b953.php 第 163 行.
INFO: Run Behavior\ParseTemplateBehavior [ RunTime:0.027521s ]
INFO: [ view_parse ] --END-- [ RunTime:0.027748s ]
INFO: [ view_filter ] --START--
INFO: Run Behavior\WriteHtmlCacheBehavior [ RunTime:0.000967s ]
INFO: [ view_filter ] --END-- [ RunTime:0.001262s ]
INFO: [ app_end ] --START--
INFO: Run Behavior\ShowPageTraceBehavior [ RunTime:0.001382s ]
INFO: [ app_end ] --END-- [ RunTime:0.001631s ]

[ 2014-12-10T09:59:46+08:00 ] 127.0.0.1 /sdcn/index.php/Home/Node/contentdistribution?ip=192.168.64.223
INFO: [ app_init ] --START--
INFO: Run Behavior\BuildLiteBehavior [ RunTime:0.000046s ]
INFO: [ app_init ] --END-- [ RunTime:0.001343s ]
INFO: [ app_begin ] --START--
INFO: Run Behavior\ReadHtmlCacheBehavior [ RunTime:0.001993s ]
INFO: [ app_begin ] --END-- [ RunTime:0.002249s ]
INFO: [ view_parse ] --START--
INFO: [ template_filter ] --START--
INFO: Run Behavior\ContentReplaceBehavior [ RunTime:0.000193s ]
INFO: [ template_filter ] --END-- [ RunTime:0.000454s ]
NOTIC: [8] Undefined variable: data D:\wamp\www\sdcn\Application\Runtime\Cache\Home\3fab25429d42acf91c8da9d120f3b953.php 第 154 行.
NOTIC: [8] Undefined variable: contentlist_vedio D:\wamp\www\sdcn\Application\Runtime\Cache\Home\3fab25429d42acf91c8da9d120f3b953.php 第 161 行.
NOTIC: [8] Undefined variable: contentlist_app D:\wamp\www\sdcn\Application\Runtime\Cache\Home\3fab25429d42acf91c8da9d120f3b953.php 第 162 行.
NOTIC: [8] Undefined variable: contentlist_picture D:\wamp\www\sdcn\Application\Runtime\Cache\Home\3fab25429d42acf91c8da9d120f3b953.php 第 163 行.
INFO: Run Behavior\ParseTemplateBehavior [ RunTime:0.036498s ]
INFO: [ view_parse ] --END-- [ RunTime:0.037600s ]
INFO: [ view_filter ] --START--
INFO: Run Behavior\WriteHtmlCacheBehavior [ RunTime:0.002700s ]
INFO: [ view_filter ] --END-- [ RunTime:0.003084s ]
INFO: [ app_end ] --START--
INFO: Run Behavior\ShowPageTraceBehavior [ RunTime:0.002023s ]
INFO: [ app_end ] --END-- [ RunTime:0.002297s ]

[ 2014-12-10T10:02:12+08:00 ] 127.0.0.1 /sdcn/index.php/Home/Node/contentdistribution?ip=192.168.64.223
INFO: [ app_init ] --START--
INFO: Run Behavior\BuildLiteBehavior [ RunTime:0.000047s ]
INFO: [ app_init ] --END-- [ RunTime:0.001302s ]
INFO: [ app_begin ] --START--
INFO: Run Behavior\ReadHtmlCacheBehavior [ RunTime:0.001857s ]
INFO: [ app_begin ] --END-- [ RunTime:0.002072s ]
INFO: [ view_parse ] --START--
INFO: [ template_filter ] --START--
INFO: Run Behavior\ContentReplaceBehavior [ RunTime:0.000248s ]
INFO: [ template_filter ] --END-- [ RunTime:0.000926s ]
NOTIC: [8] Undefined variable: data D:\wamp\www\sdcn\Application\Runtime\Cache\Home\3fab25429d42acf91c8da9d120f3b953.php 第 154 行.
NOTIC: [8] Undefined variable: contentlist_vedio D:\wamp\www\sdcn\Application\Runtime\Cache\Home\3fab25429d42acf91c8da9d120f3b953.php 第 161 行.
NOTIC: [8] Undefined variable: contentlist_app D:\wamp\www\sdcn\Application\Runtime\Cache\Home\3fab25429d42acf91c8da9d120f3b953.php 第 162 行.
NOTIC: [8] Undefined variable: contentlist_picture D:\wamp\www\sdcn\Application\Runtime\Cache\Home\3fab25429d42acf91c8da9d120f3b953.php 第 163 行.
INFO: Run Behavior\ParseTemplateBehavior [ RunTime:0.033465s ]
INFO: [ view_parse ] --END-- [ RunTime:0.033728s ]
INFO: [ view_filter ] --START--
INFO: Run Behavior\WriteHtmlCacheBehavior [ RunTime:0.001365s ]
INFO: [ view_filter ] --END-- [ RunTime:0.001567s ]
INFO: [ app_end ] --START--
INFO: Run Behavior\ShowPageTraceBehavior [ RunTime:0.001818s ]
INFO: [ app_end ] --END-- [ RunTime:0.002009s ]

[ 2014-12-10T10:12:51+08:00 ] 127.0.0.1 /sdcn/index.php/Home/Node/contentdistribution?ip=192.168.64.223
INFO: [ app_init ] --START--
INFO: Run Behavior\BuildLiteBehavior [ RunTime:0.000045s ]
INFO: [ app_init ] --END-- [ RunTime:0.001253s ]
INFO: [ app_begin ] --START--
INFO: Run Behavior\ReadHtmlCacheBehavior [ RunTime:0.002220s ]
INFO: [ app_begin ] --END-- [ RunTime:0.002554s ]
INFO: [ view_parse ] --START--
INFO: [ template_filter ] --START--
INFO: Run Behavior\ContentReplaceBehavior [ RunTime:0.000153s ]
INFO: [ template_filter ] --END-- [ RunTime:0.000388s ]
NOTIC: [8] Undefined variable: data D:\wamp\www\sdcn\Application\Runtime\Cache\Home\3fab25429d42acf91c8da9d120f3b953.php 第 153 行.
NOTIC: [8] Undefined variable: contentlist_vedio D:\wamp\www\sdcn\Application\Runtime\Cache\Home\3fab25429d42acf91c8da9d120f3b953.php 第 158 行.
NOTIC: [8] Undefined variable: contentlist_app D:\wamp\www\sdcn\Application\Runtime\Cache\Home\3fab25429d42acf91c8da9d120f3b953.php 第 159 行.
NOTIC: [8] Undefined variable: contentlist_picture D:\wamp\www\sdcn\Application\Runtime\Cache\Home\3fab25429d42acf91c8da9d120f3b953.php 第 160 行.
INFO: Run Behavior\ParseTemplateBehavior [ RunTime:0.034339s ]
INFO: [ view_parse ] --END-- [ RunTime:0.034580s ]
INFO: [ view_filter ] --START--
INFO: Run Behavior\WriteHtmlCacheBehavior [ RunTime:0.001852s ]
INFO: [ view_filter ] --END-- [ RunTime:0.002082s ]
INFO: [ app_end ] --START--
INFO: Run Behavior\ShowPageTraceBehavior [ RunTime:0.003087s ]
INFO: [ app_end ] --END-- [ RunTime:0.003499s ]

[ 2014-12-10T10:13:50+08:00 ] 127.0.0.1 /sdcn/index.php/Home/Node/contentdistribution?ip=192.168.64.223
INFO: [ app_init ] --START--
INFO: Run Behavior\BuildLiteBehavior [ RunTime:0.000051s ]
INFO: [ app_init ] --END-- [ RunTime:0.002904s ]
INFO: [ app_begin ] --START--
INFO: Run Behavior\ReadHtmlCacheBehavior [ RunTime:0.001984s ]
INFO: [ app_begin ] --END-- [ RunTime:0.002238s ]
INFO: [ view_parse ] --START--
INFO: [ template_filter ] --START--
INFO: Run Behavior\ContentReplaceBehavior [ RunTime:0.000154s ]
INFO: [ template_filter ] --END-- [ RunTime:0.000381s ]
NOTIC: [8] Undefined variable: data D:\wamp\www\sdcn\Application\Runtime\Cache\Home\3fab25429d42acf91c8da9d120f3b953.php 第 153 行.
NOTIC: [8] Undefined variable: contentlist_vedio D:\wamp\www\sdcn\Application\Runtime\Cache\Home\3fab25429d42acf91c8da9d120f3b953.php 第 158 行.
NOTIC: [8] Undefined variable: contentlist_app D:\wamp\www\sdcn\Application\Runtime\Cache\Home\3fab25429d42acf91c8da9d120f3b953.php 第 159 行.
NOTIC: [8] Undefined variable: contentlist_picture D:\wamp\www\sdcn\Application\Runtime\Cache\Home\3fab25429d42acf91c8da9d120f3b953.php 第 160 行.
INFO: Run Behavior\ParseTemplateBehavior [ RunTime:0.034839s ]
INFO: [ view_parse ] --END-- [ RunTime:0.035085s ]
INFO: [ view_filter ] --START--
INFO: Run Behavior\WriteHtmlCacheBehavior [ RunTime:0.001906s ]
INFO: [ view_filter ] --END-- [ RunTime:0.002377s ]
INFO: [ app_end ] --START--
INFO: Run Behavior\ShowPageTraceBehavior [ RunTime:0.002061s ]
INFO: [ app_end ] --END-- [ RunTime:0.002283s ]

[ 2014-12-10T10:15:32+08:00 ] 127.0.0.1 /sdcn/index.php/Home/Node/content
INFO: [ app_init ] --START--
INFO: Run Behavior\BuildLiteBehavior [ RunTime:0.000047s ]
INFO: [ app_init ] --END-- [ RunTime:0.001331s ]
INFO: [ app_begin ] --START--
INFO: Run Behavior\ReadHtmlCacheBehavior [ RunTime:0.001719s ]
INFO: [ app_begin ] --END-- [ RunTime:0.001927s ]
NOTIC: [8] Undefined index: ip D:\wamp\www\sdcn\Application\Home\Controller\NodeController.class.php 第 10 行.
SQL: SHOW COLUMNS FROM syslog .cnode_content [ RunTime:0.001911s ]
NOTIC: [2] mysql_fetch_array() expects parameter 1 to be resource, boolean given D:\wamp\www\sdcn\Application\Home\Controller\NodeController.class.php 第 36 行.
NOTIC: [8] Undefined variable: arr D:\wamp\www\sdcn\Application\Home\Controller\NodeController.class.php 第 41 行.
INFO: [ view_parse ] --START--
INFO: [ template_filter ] --START--
INFO: Run Behavior\ContentReplaceBehavior [ RunTime:0.000119s ]
INFO: [ template_filter ] --END-- [ RunTime:0.000363s ]
INFO: Run Behavior\ParseTemplateBehavior [ RunTime:0.014824s ]
INFO: [ view_parse ] --END-- [ RunTime:0.015048s ]
INFO: [ view_filter ] --START--
INFO: Run Behavior\WriteHtmlCacheBehavior [ RunTime:0.001417s ]
INFO: [ view_filter ] --END-- [ RunTime:0.001779s ]
INFO: [ app_end ] --START--
INFO: Run Behavior\ShowPageTraceBehavior [ RunTime:0.002511s ]
INFO: [ app_end ] --END-- [ RunTime:0.002894s ]

[ 2014-12-10T10:15:57+08:00 ] 127.0.0.1 /sdcn/index.php/Home/Node/content
INFO: [ app_init ] --START--
INFO: Run Behavior\BuildLiteBehavior [ RunTime:0.000049s ]
INFO: [ app_init ] --END-- [ RunTime:0.001315s ]
INFO: [ app_begin ] --START--
INFO: Run Behavior\ReadHtmlCacheBehavior [ RunTime:0.001394s ]
INFO: [ app_begin ] --END-- [ RunTime:0.001628s ]
NOTIC: [8] Undefined index: ip D:\wamp\www\sdcn\Application\Home\Controller\NodeController.class.php 第 10 行.
SQL: SHOW COLUMNS FROM syslog .cnode_content [ RunTime:0.001690s ]
NOTIC: [2] mysql_fetch_array() expects parameter 1 to be resource, boolean given D:\wamp\www\sdcn\Application\Home\Controller\NodeController.class.php 第 36 行.
NOTIC: [8] Undefined variable: arr D:\wamp\www\sdcn\Application\Home\Controller\NodeController.class.php 第 41 行.
INFO: [ view_parse ] --START--
INFO: [ template_filter ] --START--
INFO: Run Behavior\ContentReplaceBehavior [ RunTime:0.000135s ]
INFO: [ template_filter ] --END-- [ RunTime:0.000488s ]
INFO: Run Behavior\ParseTemplateBehavior [ RunTime:0.016165s ]
INFO: [ view_parse ] --END-- [ RunTime:0.016543s ]
INFO: [ view_filter ] --START--
INFO: Run Behavior\WriteHtmlCacheBehavior [ RunTime:0.001876s ]
INFO: [ view_filter ] --END-- [ RunTime:0.002216s ]
INFO: [ app_end ] --START--
INFO: Run Behavior\ShowPageTraceBehavior [ RunTime:0.001646s ]
INFO: [ app_end ] --END-- [ RunTime:0.001880s ]

[ 2014-12-10T10:16:00+08:00 ] 127.0.0.1 /sdcn/index.php/Home/Node/content
INFO: [ app_init ] --START--
INFO: Run Behavior\BuildLiteBehavior [ RunTime:0.000049s ]
INFO: [ app_init ] --END-- [ RunTime:0.001595s ]
INFO: [ app_begin ] --START--
INFO: Run Behavior\ReadHtmlCacheBehavior [ RunTime:0.001562s ]
INFO: [ app_begin ] --END-- [ RunTime:0.001798s ]
NOTIC: [8] Undefined index: ip D:\wamp\www\sdcn\Application\Home\Controller\NodeController.class.php 第 10 行.
SQL: SHOW COLUMNS FROM syslog .cnode_content [ RunTime:0.001598s ]
NOTIC: [2] mysql_fetch_array() expects parameter 1 to be resource, boolean given D:\wamp\www\sdcn\Application\Home\Controller\NodeController.class.php 第 36 行.
NOTIC: [8] Undefined variable: arr D:\wamp\www\sdcn\Application\Home\Controller\NodeController.class.php 第 41 行.
INFO: [ view_parse ] --START--
INFO: [ template_filter ] --START--
INFO: Run Behavior\ContentReplaceBehavior [ RunTime:0.000196s ]
INFO: [ template_filter ] --END-- [ RunTime:0.000623s ]
INFO: Run Behavior\ParseTemplateBehavior [ RunTime:0.015296s ]
INFO: [ view_parse ] --END-- [ RunTime:0.015558s ]
INFO: [ view_filter ] --START--
INFO: Run Behavior\WriteHtmlCacheBehavior [ RunTime:0.001179s ]
INFO: [ view_filter ] --END-- [ RunTime:0.001507s ]
INFO: [ app_end ] --START--
INFO: Run Behavior\ShowPageTraceBehavior [ RunTime:0.002086s ]
INFO: [ app_end ] --END-- [ RunTime:0.002387s ]

[ 2014-12-10T10:17:05+08:00 ] 127.0.0.1 /sdcn/index.php/Home/Node/content
INFO: [ app_init ] --START--
INFO: Run Behavior\BuildLiteBehavior [ RunTime:0.000051s ]
INFO: [ app_init ] --END-- [ RunTime:0.001259s ]
INFO: [ app_begin ] --START--
INFO: Run Behavior\ReadHtmlCacheBehavior [ RunTime:0.001473s ]
INFO: [ app_begin ] --END-- [ RunTime:0.001710s ]
NOTIC: [8] Undefined index: ip D:\wamp\www\sdcn\Application\Home\Controller\NodeController.class.php 第 10 行.
SQL: SHOW COLUMNS FROM syslog .cnode_content [ RunTime:0.001638s ]
NOTIC: [2] mysql_fetch_array() expects parameter 1 to be resource, boolean given D:\wamp\www\sdcn\Application\Home\Controller\NodeController.class.php 第 37 行.
NOTIC: [8] Undefined variable: arr D:\wamp\www\sdcn\Application\Home\Controller\NodeController.class.php 第 42 行.
INFO: [ view_parse ] --START--
INFO: [ template_filter ] --START--
INFO: Run Behavior\ContentReplaceBehavior [ RunTime:0.000156s ]
INFO: [ template_filter ] --END-- [ RunTime:0.000398s ]
INFO: Run Behavior\ParseTemplateBehavior [ RunTime:0.013607s ]
INFO: [ view_parse ] --END-- [ RunTime:0.013824s ]
INFO: [ view_filter ] --START--
INFO: Run Behavior\WriteHtmlCacheBehavior [ RunTime:0.000903s ]
INFO: [ view_filter ] --END-- [ RunTime:0.001096s ]
INFO: [ app_end ] --START--
INFO: Run Behavior\ShowPageTraceBehavior [ RunTime:0.001663s ]
INFO: [ app_end ] --END-- [ RunTime:0.001902s ]

[ 2014-12-10T10:20:11+08:00 ] 127.0.0.1 /sdcn/index.php/Home/Node/content
INFO: [ app_init ] --START--
INFO: Run Behavior\BuildLiteBehavior [ RunTime:0.000053s ]
INFO: [ app_init ] --END-- [ RunTime:0.001405s ]
INFO: [ app_begin ] --START--
INFO: Run Behavior\ReadHtmlCacheBehavior [ RunTime:0.002683s ]
INFO: [ app_begin ] --END-- [ RunTime:0.002926s ]
NOTIC: [8] Undefined index: ip D:\wamp\www\sdcn\Application\Home\Controller\NodeController.class.php 第 10 行.
SQL: select * from syslog.cnode_content where ip='' [ RunTime:0.000781s ]
ERR: 1054:Unknown column 'ip' in 'where clause'
 [ SQL语句 ] : select * from syslog.cnode_content where ip=''
NOTIC: [2] mysql_fetch_array() expects parameter 1 to be resource, boolean given D:\wamp\www\sdcn\Application\Home\Controller\NodeController.class.php 第 38 行.
NOTIC: [8] Undefined variable: arr D:\wamp\www\sdcn\Application\Home\Controller\NodeController.class.php 第 43 行.
INFO: [ view_parse ] --START--
INFO: [ template_filter ] --START--
INFO: Run Behavior\ContentReplaceBehavior [ RunTime:0.000117s ]
INFO: [ template_filter ] --END-- [ RunTime:0.000350s ]
INFO: Run Behavior\ParseTemplateBehavior [ RunTime:0.016843s ]
INFO: [ view_parse ] --END-- [ RunTime:0.017058s ]
INFO: [ view_filter ] --START--
INFO: Run Behavior\WriteHtmlCacheBehavior [ RunTime:0.001235s ]
INFO: [ view_filter ] --END-- [ RunTime:0.001433s ]
INFO: [ app_end ] --START--
INFO: Run Behavior\ShowPageTraceBehavior [ RunTime:0.001656s ]
INFO: [ app_end ] --END-- [ RunTime:0.001884s ]

[ 2014-12-10T10:20:13+08:00 ] 127.0.0.1 /sdcn/index.php/Home/Node/content
INFO: [ app_init ] --START--
INFO: Run Behavior\BuildLiteBehavior [ RunTime:0.000046s ]
INFO: [ app_init ] --END-- [ RunTime:0.001180s ]
INFO: [ app_begin ] --START--
INFO: Run Behavior\ReadHtmlCacheBehavior [ RunTime:0.001298s ]
INFO: [ app_begin ] --END-- [ RunTime:0.001508s ]
NOTIC: [8] Undefined index: ip D:\wamp\www\sdcn\Application\Home\Controller\NodeController.class.php 第 10 行.
SQL: select * from syslog.cnode_content where ip='' [ RunTime:0.000852s ]
ERR: 1054:Unknown column 'ip' in 'where clause'
 [ SQL语句 ] : select * from syslog.cnode_content where ip=''
NOTIC: [2] mysql_fetch_array() expects parameter 1 to be resource, boolean given D:\wamp\www\sdcn\Application\Home\Controller\NodeController.class.php 第 38 行.
NOTIC: [8] Undefined variable: arr D:\wamp\www\sdcn\Application\Home\Controller\NodeController.class.php 第 43 行.
INFO: [ view_parse ] --START--
INFO: [ template_filter ] --START--
INFO: Run Behavior\ContentReplaceBehavior [ RunTime:0.000116s ]
INFO: [ template_filter ] --END-- [ RunTime:0.000348s ]
INFO: Run Behavior\ParseTemplateBehavior [ RunTime:0.013558s ]
INFO: [ view_parse ] --END-- [ RunTime:0.013771s ]
INFO: [ view_filter ] --START--
INFO: Run Behavior\WriteHtmlCacheBehavior [ RunTime:0.000859s ]
INFO: [ view_filter ] --END-- [ RunTime:0.001089s ]
INFO: [ app_end ] --START--
INFO: Run Behavior\ShowPageTraceBehavior [ RunTime:0.001552s ]
INFO: [ app_end ] --END-- [ RunTime:0.001798s ]

[ 2014-12-10T10:22:33+08:00 ] 127.0.0.1 /sdcn/index.php/Home/Node/content
INFO: [ app_init ] --START--
INFO: Run Behavior\BuildLiteBehavior [ RunTime:0.000049s ]
INFO: [ app_init ] --END-- [ RunTime:0.001471s ]
INFO: [ app_begin ] --START--
INFO: Run Behavior\ReadHtmlCacheBehavior [ RunTime:0.001577s ]
INFO: [ app_begin ] --END-- [ RunTime:0.001773s ]
NOTIC: [8] Undefined index: ip D:\wamp\www\sdcn\Application\Home\Controller\NodeController.class.php 第 10 行.
SQL: select * from syslog.cnode_content where ip=$ip [ RunTime:0.000847s ]
ERR: 1054:Unknown column 'ip' in 'where clause'
 [ SQL语句 ] : select * from syslog.cnode_content where ip=$ip
NOTIC: [2] mysql_fetch_array() expects parameter 1 to be resource, boolean given D:\wamp\www\sdcn\Application\Home\Controller\NodeController.class.php 第 38 行.
NOTIC: [8] Undefined variable: arr D:\wamp\www\sdcn\Application\Home\Controller\NodeController.class.php 第 43 行.
INFO: [ view_parse ] --START--
INFO: [ template_filter ] --START--
INFO: Run Behavior\ContentReplaceBehavior [ RunTime:0.000115s ]
INFO: [ template_filter ] --END-- [ RunTime:0.000406s ]
INFO: Run Behavior\ParseTemplateBehavior [ RunTime:0.016426s ]
INFO: [ view_parse ] --END-- [ RunTime:0.016692s ]
INFO: [ view_filter ] --START--
INFO: Run Behavior\WriteHtmlCacheBehavior [ RunTime:0.001214s ]
INFO: [ view_filter ] --END-- [ RunTime:0.001417s ]
INFO: [ app_end ] --START--
INFO: Run Behavior\ShowPageTraceBehavior [ RunTime:0.001589s ]
INFO: [ app_end ] --END-- [ RunTime:0.001784s ]

[ 2014-12-10T10:22:35+08:00 ] 127.0.0.1 /sdcn/index.php/Home/Node/content
INFO: [ app_init ] --START--
INFO: Run Behavior\BuildLiteBehavior [ RunTime:0.000050s ]
INFO: [ app_init ] --END-- [ RunTime:0.001543s ]
INFO: [ app_begin ] --START--
INFO: Run Behavior\ReadHtmlCacheBehavior [ RunTime:0.001818s ]
INFO: [ app_begin ] --END-- [ RunTime:0.002044s ]
NOTIC: [8] Undefined index: ip D:\wamp\www\sdcn\Application\Home\Controller\NodeController.class.php 第 10 行.
SQL: select * from syslog.cnode_content where ip=$ip [ RunTime:0.000593s ]
ERR: 1054:Unknown column 'ip' in 'where clause'
 [ SQL语句 ] : select * from syslog.cnode_content where ip=$ip
NOTIC: [2] mysql_fetch_array() expects parameter 1 to be resource, boolean given D:\wamp\www\sdcn\Application\Home\Controller\NodeController.class.php 第 38 行.
NOTIC: [8] Undefined variable: arr D:\wamp\www\sdcn\Application\Home\Controller\NodeController.class.php 第 43 行.
INFO: [ view_parse ] --START--
INFO: [ template_filter ] --START--
INFO: Run Behavior\ContentReplaceBehavior [ RunTime:0.000115s ]
INFO: [ template_filter ] --END-- [ RunTime:0.000351s ]
INFO: Run Behavior\ParseTemplateBehavior [ RunTime:0.015059s ]
INFO: [ view_parse ] --END-- [ RunTime:0.015401s ]
INFO: [ view_filter ] --START--
INFO: Run Behavior\WriteHtmlCacheBehavior [ RunTime:0.000962s ]
INFO: [ view_filter ] --END-- [ RunTime:0.001151s ]
INFO: [ app_end ] --START--
INFO: Run Behavior\ShowPageTraceBehavior [ RunTime:0.001549s ]
INFO: [ app_end ] --END-- [ RunTime:0.001751s ]

[ 2014-12-10T10:26:28+08:00 ] 127.0.0.1 /sdcn/index.php/Home/Node/contentdistribution?ip=192.168.64.223
INFO: [ app_init ] --START--
INFO: Run Behavior\BuildLiteBehavior [ RunTime:0.000077s ]
INFO: [ app_init ] --END-- [ RunTime:0.002368s ]
INFO: [ app_begin ] --START--
INFO: Run Behavior\ReadHtmlCacheBehavior [ RunTime:0.002603s ]
INFO: [ app_begin ] --END-- [ RunTime:0.003007s ]
SQL: select * from syslog.cnode_content where ip=$ip [ RunTime:0.000615s ]
ERR: 1054:Unknown column 'ip' in 'where clause'
 [ SQL语句 ] : select * from syslog.cnode_content where ip=$ip
NOTIC: [2] mysql_fetch_array() expects parameter 1 to be resource, boolean given D:\wamp\www\sdcn\Application\Home\Controller\NodeController.class.php 第 10 行.
NOTIC: [8] Undefined variable: arr D:\wamp\www\sdcn\Application\Home\Controller\NodeController.class.php 第 15 行.
INFO: [ view_parse ] --START--
INFO: [ template_filter ] --START--
INFO: Run Behavior\ContentReplaceBehavior [ RunTime:0.000156s ]
INFO: [ template_filter ] --END-- [ RunTime:0.000426s ]
NOTIC: [8] Undefined variable: data D:\wamp\www\sdcn\Application\Runtime\Cache\Home\3fab25429d42acf91c8da9d120f3b953.php 第 153 行.
NOTIC: [8] Undefined variable: contentlist_vedio D:\wamp\www\sdcn\Application\Runtime\Cache\Home\3fab25429d42acf91c8da9d120f3b953.php 第 158 行.
NOTIC: [8] Undefined variable: contentlist_app D:\wamp\www\sdcn\Application\Runtime\Cache\Home\3fab25429d42acf91c8da9d120f3b953.php 第 159 行.
NOTIC: [8] Undefined variable: contentlist_picture D:\wamp\www\sdcn\Application\Runtime\Cache\Home\3fab25429d42acf91c8da9d120f3b953.php 第 160 行.
INFO: Run Behavior\ParseTemplateBehavior [ RunTime:0.026801s ]
INFO: [ view_parse ] --END-- [ RunTime:0.027014s ]
INFO: [ view_filter ] --START--
INFO: Run Behavior\WriteHtmlCacheBehavior [ RunTime:0.001113s ]
INFO: [ view_filter ] --END-- [ RunTime:0.001312s ]
INFO: [ app_end ] --START--
INFO: Run Behavior\ShowPageTraceBehavior [ RunTime:0.001811s ]
INFO: [ app_end ] --END-- [ RunTime:0.002199s ]

[ 2014-12-10T10:27:40+08:00 ] 127.0.0.1 /sdcn/index.php/Home/Node/contentdistribution?ip=192.168.64.223
INFO: [ app_init ] --START--
INFO: Run Behavior\BuildLiteBehavior [ RunTime:0.000079s ]
INFO: [ app_init ] --END-- [ RunTime:0.001562s ]
INFO: [ app_begin ] --START--
INFO: Run Behavior\ReadHtmlCacheBehavior [ RunTime:0.001446s ]
INFO: [ app_begin ] --END-- [ RunTime:0.001680s ]
SQL: select * from syslog.cnode_content where ip='192.168.64.223' [ RunTime:0.000626s ]
ERR: 1054:Unknown column 'ip' in 'where clause'
 [ SQL语句 ] : select * from syslog.cnode_content where ip='192.168.64.223'
NOTIC: [2] mysql_fetch_array() expects parameter 1 to be resource, boolean given D:\wamp\www\sdcn\Application\Home\Controller\NodeController.class.php 第 10 行.
NOTIC: [8] Undefined variable: arr D:\wamp\www\sdcn\Application\Home\Controller\NodeController.class.php 第 15 行.
INFO: [ view_parse ] --START--
INFO: [ template_filter ] --START--
INFO: Run Behavior\ContentReplaceBehavior [ RunTime:0.000195s ]
INFO: [ template_filter ] --END-- [ RunTime:0.000442s ]
NOTIC: [8] Undefined variable: data D:\wamp\www\sdcn\Application\Runtime\Cache\Home\3fab25429d42acf91c8da9d120f3b953.php 第 153 行.
NOTIC: [8] Undefined variable: contentlist_vedio D:\wamp\www\sdcn\Application\Runtime\Cache\Home\3fab25429d42acf91c8da9d120f3b953.php 第 158 行.
NOTIC: [8] Undefined variable: contentlist_app D:\wamp\www\sdcn\Application\Runtime\Cache\Home\3fab25429d42acf91c8da9d120f3b953.php 第 159 行.
NOTIC: [8] Undefined variable: contentlist_picture D:\wamp\www\sdcn\Application\Runtime\Cache\Home\3fab25429d42acf91c8da9d120f3b953.php 第 160 行.
INFO: Run Behavior\ParseTemplateBehavior [ RunTime:0.026367s ]
INFO: [ view_parse ] --END-- [ RunTime:0.026589s ]
INFO: [ view_filter ] --START--
INFO: Run Behavior\WriteHtmlCacheBehavior [ RunTime:0.000870s ]
INFO: [ view_filter ] --END-- [ RunTime:0.001067s ]
INFO: [ app_end ] --START--
INFO: Run Behavior\ShowPageTraceBehavior [ RunTime:0.001356s ]
INFO: [ app_end ] --END-- [ RunTime:0.001561s ]

[ 2014-12-10T10:28:32+08:00 ] 127.0.0.1 /sdcn/index.php/Home/Node/contentdistribution?ip=192.168.64.223
INFO: [ app_init ] --START--
INFO: Run Behavior\BuildLiteBehavior [ RunTime:0.000076s ]
INFO: [ app_init ] --END-- [ RunTime:0.001654s ]
INFO: [ app_begin ] --START--
INFO: Run Behavior\ReadHtmlCacheBehavior [ RunTime:0.003094s ]
INFO: [ app_begin ] --END-- [ RunTime:0.003413s ]
SQL: select * from syslog.cnode_content where ip='192.168.64.223' [ RunTime:0.000743s ]
ERR: 1054:Unknown column 'ip' in 'where clause'
 [ SQL语句 ] : select * from syslog.cnode_content where ip='192.168.64.223'
NOTIC: [2] mysql_fetch_array() expects parameter 1 to be resource, boolean given D:\wamp\www\sdcn\Application\Home\Controller\NodeController.class.php 第 11 行.
NOTIC: [8] Undefined variable: arr D:\wamp\www\sdcn\Application\Home\Controller\NodeController.class.php 第 16 行.
INFO: [ view_parse ] --START--
INFO: [ template_filter ] --START--
INFO: Run Behavior\ContentReplaceBehavior [ RunTime:0.000153s ]
INFO: [ template_filter ] --END-- [ RunTime:0.000402s ]
NOTIC: [8] Undefined variable: data D:\wamp\www\sdcn\Application\Runtime\Cache\Home\3fab25429d42acf91c8da9d120f3b953.php 第 153 行.
NOTIC: [8] Undefined variable: contentlist_vedio D:\wamp\www\sdcn\Application\Runtime\Cache\Home\3fab25429d42acf91c8da9d120f3b953.php 第 158 行.
NOTIC: [8] Undefined variable: contentlist_app D:\wamp\www\sdcn\Application\Runtime\Cache\Home\3fab25429d42acf91c8da9d120f3b953.php 第 159 行.
NOTIC: [8] Undefined variable: contentlist_picture D:\wamp\www\sdcn\Application\Runtime\Cache\Home\3fab25429d42acf91c8da9d120f3b953.php 第 160 行.
INFO: Run Behavior\ParseTemplateBehavior [ RunTime:0.029013s ]
INFO: [ view_parse ] --END-- [ RunTime:0.029357s ]
INFO: [ view_filter ] --START--
INFO: Run Behavior\WriteHtmlCacheBehavior [ RunTime:0.001376s ]
INFO: [ view_filter ] --END-- [ RunTime:0.001592s ]
INFO: [ app_end ] --START--
INFO: Run Behavior\ShowPageTraceBehavior [ RunTime:0.001652s ]
INFO: [ app_end ] --END-- [ RunTime:0.001870s ]

[ 2014-12-10T10:29:43+08:00 ] 127.0.0.1 /sdcn/index.php/Home/Node/contentdistribution?ip=192.168.64.223
INFO: [ app_init ] --START--
INFO: Run Behavior\BuildLiteBehavior [ RunTime:0.000046s ]
INFO: [ app_init ] --END-- [ RunTime:0.001179s ]
INFO: [ app_begin ] --START--
INFO: Run Behavior\ReadHtmlCacheBehavior [ RunTime:0.002220s ]
INFO: [ app_begin ] --END-- [ RunTime:0.002531s ]
NOTIC: [2] mysql_query() [<a href='function.mysql-query'>function.mysql-query</a>]: Access denied for user ''@'localhost' (using password: NO) D:\wamp\www\sdcn\Application\Home\Controller\NodeController.class.php 第 9 行.
NOTIC: [2] mysql_query() [<a href='function.mysql-query'>function.mysql-query</a>]: A link to the server could not be established D:\wamp\www\sdcn\Application\Home\Controller\NodeController.class.php 第 9 行.
NOTIC: [2] mysql_fetch_array() expects parameter 1 to be resource, boolean given D:\wamp\www\sdcn\Application\Home\Controller\NodeController.class.php 第 11 行.
NOTIC: [8] Undefined variable: arr D:\wamp\www\sdcn\Application\Home\Controller\NodeController.class.php 第 16 行.
INFO: [ view_parse ] --START--
INFO: [ template_filter ] --START--
INFO: Run Behavior\ContentReplaceBehavior [ RunTime:0.000171s ]
INFO: [ template_filter ] --END-- [ RunTime:0.000404s ]
NOTIC: [8] Undefined variable: data D:\wamp\www\sdcn\Application\Runtime\Cache\Home\3fab25429d42acf91c8da9d120f3b953.php 第 153 行.
NOTIC: [8] Undefined variable: contentlist_vedio D:\wamp\www\sdcn\Application\Runtime\Cache\Home\3fab25429d42acf91c8da9d120f3b953.php 第 158 行.
NOTIC: [8] Undefined variable: contentlist_app D:\wamp\www\sdcn\Application\Runtime\Cache\Home\3fab25429d42acf91c8da9d120f3b953.php 第 159 行.
NOTIC: [8] Undefined variable: contentlist_picture D:\wamp\www\sdcn\Application\Runtime\Cache\Home\3fab25429d42acf91c8da9d120f3b953.php 第 160 行.
INFO: Run Behavior\ParseTemplateBehavior [ RunTime:0.026508s ]
INFO: [ view_parse ] --END-- [ RunTime:0.026718s ]
INFO: [ view_filter ] --START--
INFO: Run Behavior\WriteHtmlCacheBehavior [ RunTime:0.000876s ]
INFO: [ view_filter ] --END-- [ RunTime:0.001065s ]
INFO: [ app_end ] --START--
INFO: Run Behavior\ShowPageTraceBehavior [ RunTime:0.001596s ]
INFO: [ app_end ] --END-- [ RunTime:0.001791s ]

[ 2014-12-10T10:30:29+08:00 ] 127.0.0.1 /sdcn/index.php/Home/Node/contentdistribution?ip=192.168.64.223
INFO: [ app_init ] --START--
INFO: Run Behavior\BuildLiteBehavior [ RunTime:0.000048s ]
INFO: [ app_init ] --END-- [ RunTime:0.001281s ]
INFO: [ app_begin ] --START--
INFO: Run Behavior\ReadHtmlCacheBehavior [ RunTime:0.001617s ]
INFO: [ app_begin ] --END-- [ RunTime:0.001862s ]
NOTIC: [2] mysql_query() [<a href='function.mysql-query'>function.mysql-query</a>]: Access denied for user ''@'localhost' (using password: NO) D:\wamp\www\sdcn\Application\Home\Controller\NodeController.class.php 第 9 行.
NOTIC: [2] mysql_query() [<a href='function.mysql-query'>function.mysql-query</a>]: A link to the server could not be established D:\wamp\www\sdcn\Application\Home\Controller\NodeController.class.php 第 9 行.
NOTIC: [2] mysql_fetch_array() expects parameter 1 to be resource, boolean given D:\wamp\www\sdcn\Application\Home\Controller\NodeController.class.php 第 11 行.
NOTIC: [8] Undefined variable: arr D:\wamp\www\sdcn\Application\Home\Controller\NodeController.class.php 第 16 行.
INFO: [ view_parse ] --START--
INFO: [ template_filter ] --START--
INFO: Run Behavior\ContentReplaceBehavior [ RunTime:0.000154s ]
INFO: [ template_filter ] --END-- [ RunTime:0.000391s ]
NOTIC: [8] Undefined variable: data D:\wamp\www\sdcn\Application\Runtime\Cache\Home\3fab25429d42acf91c8da9d120f3b953.php 第 153 行.
NOTIC: [8] Undefined variable: contentlist_vedio D:\wamp\www\sdcn\Application\Runtime\Cache\Home\3fab25429d42acf91c8da9d120f3b953.php 第 158 行.
NOTIC: [8] Undefined variable: contentlist_app D:\wamp\www\sdcn\Application\Runtime\Cache\Home\3fab25429d42acf91c8da9d120f3b953.php 第 159 行.
NOTIC: [8] Undefined variable: contentlist_picture D:\wamp\www\sdcn\Application\Runtime\Cache\Home\3fab25429d42acf91c8da9d120f3b953.php 第 160 行.
INFO: Run Behavior\ParseTemplateBehavior [ RunTime:0.024746s ]
INFO: [ view_parse ] --END-- [ RunTime:0.024963s ]
INFO: [ view_filter ] --START--
INFO: Run Behavior\WriteHtmlCacheBehavior [ RunTime:0.000968s ]
INFO: [ view_filter ] --END-- [ RunTime:0.001159s ]
INFO: [ app_end ] --START--
INFO: Run Behavior\ShowPageTraceBehavior [ RunTime:0.001450s ]
INFO: [ app_end ] --END-- [ RunTime:0.001631s ]

[ 2014-12-10T10:31:21+08:00 ] 127.0.0.1 /sdcn/index.php/Home/Node/contentdistribution?ip=192.168.64.223
INFO: [ app_init ] --START--
INFO: Run Behavior\BuildLiteBehavior [ RunTime:0.000049s ]
INFO: [ app_init ] --END-- [ RunTime:0.001373s ]
INFO: [ app_begin ] --START--
INFO: Run Behavior\ReadHtmlCacheBehavior [ RunTime:0.001679s ]
INFO: [ app_begin ] --END-- [ RunTime:0.001940s ]
SQL: select * from syslog.cnode_content where cnode_ip='192.168.64.223' [ RunTime:0.001016s ]
NOTIC: [2] mysql_fetch_array() expects parameter 1 to be resource, array given D:\wamp\www\sdcn\Application\Home\Controller\NodeController.class.php 第 11 行.
NOTIC: [8] Undefined variable: arr D:\wamp\www\sdcn\Application\Home\Controller\NodeController.class.php 第 16 行.
INFO: [ view_parse ] --START--
INFO: [ template_filter ] --START--
INFO: Run Behavior\ContentReplaceBehavior [ RunTime:0.000208s ]
INFO: [ template_filter ] --END-- [ RunTime:0.000450s ]
NOTIC: [8] Undefined variable: data D:\wamp\www\sdcn\Application\Runtime\Cache\Home\3fab25429d42acf91c8da9d120f3b953.php 第 153 行.
NOTIC: [8] Undefined variable: contentlist_vedio D:\wamp\www\sdcn\Application\Runtime\Cache\Home\3fab25429d42acf91c8da9d120f3b953.php 第 158 行.
NOTIC: [8] Undefined variable: contentlist_app D:\wamp\www\sdcn\Application\Runtime\Cache\Home\3fab25429d42acf91c8da9d120f3b953.php 第 159 行.
NOTIC: [8] Undefined variable: contentlist_picture D:\wamp\www\sdcn\Application\Runtime\Cache\Home\3fab25429d42acf91c8da9d120f3b953.php 第 160 行.
INFO: Run Behavior\ParseTemplateBehavior [ RunTime:0.029257s ]
INFO: [ view_parse ] --END-- [ RunTime:0.029477s ]
INFO: [ view_filter ] --START--
INFO: Run Behavior\WriteHtmlCacheBehavior [ RunTime:0.001092s ]
INFO: [ view_filter ] --END-- [ RunTime:0.001343s ]
INFO: [ app_end ] --START--
INFO: Run Behavior\ShowPageTraceBehavior [ RunTime:0.001630s ]
INFO: [ app_end ] --END-- [ RunTime:0.001910s ]

[ 2014-12-10T10:38:59+08:00 ] 127.0.0.1 /sdcn/index.php/Home/Node/contentdistribution?ip=192.168.64.223
INFO: [ app_init ] --START--
INFO: Run Behavior\BuildLiteBehavior [ RunTime:0.000050s ]
INFO: [ app_init ] --END-- [ RunTime:0.001508s ]
INFO: [ app_begin ] --START--
INFO: Run Behavior\ReadHtmlCacheBehavior [ RunTime:0.002857s ]
INFO: [ app_begin ] --END-- [ RunTime:0.003169s ]
SQL: select ip,content_type,content_size from syslog.cnode_content where cnode_ip='192.168.64.223' [ RunTime:0.000730s ]
ERR: 1054:Unknown column 'ip' in 'field list'
 [ SQL语句 ] : select ip,content_type,content_size from syslog.cnode_content where cnode_ip='192.168.64.223'
NOTIC: [2] mysql_fetch_array() expects parameter 1 to be resource, boolean given D:\wamp\www\sdcn\Application\Home\Controller\NodeController.class.php 第 11 行.
NOTIC: [8] Undefined variable: arr D:\wamp\www\sdcn\Application\Home\Controller\NodeController.class.php 第 16 行.
INFO: [ view_parse ] --START--
INFO: [ template_filter ] --START--
INFO: Run Behavior\ContentReplaceBehavior [ RunTime:0.000155s ]
INFO: [ template_filter ] --END-- [ RunTime:0.000390s ]
NOTIC: [8] Undefined variable: data D:\wamp\www\sdcn\Application\Runtime\Cache\Home\3fab25429d42acf91c8da9d120f3b953.php 第 153 行.
NOTIC: [8] Undefined variable: contentlist_vedio D:\wamp\www\sdcn\Application\Runtime\Cache\Home\3fab25429d42acf91c8da9d120f3b953.php 第 158 行.
NOTIC: [8] Undefined variable: contentlist_app D:\wamp\www\sdcn\Application\Runtime\Cache\Home\3fab25429d42acf91c8da9d120f3b953.php 第 159 行.
NOTIC: [8] Undefined variable: contentlist_picture D:\wamp\www\sdcn\Application\Runtime\Cache\Home\3fab25429d42acf91c8da9d120f3b953.php 第 160 行.
INFO: Run Behavior\ParseTemplateBehavior [ RunTime:0.028548s ]
INFO: [ view_parse ] --END-- [ RunTime:0.028826s ]
INFO: [ view_filter ] --START--
INFO: Run Behavior\WriteHtmlCacheBehavior [ RunTime:0.001674s ]
INFO: [ view_filter ] --END-- [ RunTime:0.001987s ]
INFO: [ app_end ] --START--
INFO: Run Behavior\ShowPageTraceBehavior [ RunTime:0.002537s ]
INFO: [ app_end ] --END-- [ RunTime:0.002799s ]

[ 2014-12-10T10:39:21+08:00 ] 127.0.0.1 /sdcn/index.php/Home/Node/contentdistribution?ip=192.168.64.223
INFO: [ app_init ] --START--
INFO: Run Behavior\BuildLiteBehavior [ RunTime:0.000049s ]
INFO: [ app_init ] --END-- [ RunTime:0.001244s ]
INFO: [ app_begin ] --START--
INFO: Run Behavior\ReadHtmlCacheBehavior [ RunTime:0.001503s ]
INFO: [ app_begin ] --END-- [ RunTime:0.001766s ]
SQL: select cnode_ip,content_type,content_size from syslog.cnode_content where cnode_ip='192.168.64.223' [ RunTime:0.000985s ]
NOTIC: [2] mysql_fetch_array() expects parameter 1 to be resource, array given D:\wamp\www\sdcn\Application\Home\Controller\NodeController.class.php 第 11 行.
NOTIC: [8] Undefined variable: arr D:\wamp\www\sdcn\Application\Home\Controller\NodeController.class.php 第 16 行.
INFO: [ view_parse ] --START--
INFO: [ template_filter ] --START--
INFO: Run Behavior\ContentReplaceBehavior [ RunTime:0.000155s ]
INFO: [ template_filter ] --END-- [ RunTime:0.000397s ]
NOTIC: [8] Undefined variable: data D:\wamp\www\sdcn\Application\Runtime\Cache\Home\3fab25429d42acf91c8da9d120f3b953.php 第 153 行.
NOTIC: [8] Undefined variable: contentlist_vedio D:\wamp\www\sdcn\Application\Runtime\Cache\Home\3fab25429d42acf91c8da9d120f3b953.php 第 158 行.
NOTIC: [8] Undefined variable: contentlist_app D:\wamp\www\sdcn\Application\Runtime\Cache\Home\3fab25429d42acf91c8da9d120f3b953.php 第 159 行.
NOTIC: [8] Undefined variable: contentlist_picture D:\wamp\www\sdcn\Application\Runtime\Cache\Home\3fab25429d42acf91c8da9d120f3b953.php 第 160 行.
INFO: Run Behavior\ParseTemplateBehavior [ RunTime:0.029380s ]
INFO: [ view_parse ] --END-- [ RunTime:0.029602s ]
INFO: [ view_filter ] --START--
INFO: Run Behavior\WriteHtmlCacheBehavior [ RunTime:0.001009s ]
INFO: [ view_filter ] --END-- [ RunTime:0.001210s ]
INFO: [ app_end ] --START--
INFO: Run Behavior\ShowPageTraceBehavior [ RunTime:0.001498s ]
INFO: [ app_end ] --END-- [ RunTime:0.001697s ]

[ 2014-12-10T10:40:04+08:00 ] 127.0.0.1 /sdcn/index.php/Home/Node/contentdistribution?ip=192.168.64.223
INFO: [ app_init ] --START--
INFO: Run Behavior\BuildLiteBehavior [ RunTime:0.000052s ]
INFO: [ app_init ] --END-- [ RunTime:0.001578s ]
INFO: [ app_begin ] --START--
INFO: Run Behavior\ReadHtmlCacheBehavior [ RunTime:0.002544s ]
INFO: [ app_begin ] --END-- [ RunTime:0.002818s ]
SQL: select content_type,content_size from syslog.cnode_content where cnode_ip='192.168.64.223' [ RunTime:0.001123s ]
NOTIC: [8] Undefined variable: arr D:\wamp\www\sdcn\Application\Home\Controller\NodeController.class.php 第 11 行.
INFO: [ view_parse ] --START--
INFO: [ template_filter ] --START--
INFO: Run Behavior\ContentReplaceBehavior [ RunTime:0.000162s ]
INFO: [ template_filter ] --END-- [ RunTime:0.000403s ]
NOTIC: [8] Undefined variable: data D:\wamp\www\sdcn\Application\Runtime\Cache\Home\3fab25429d42acf91c8da9d120f3b953.php 第 153 行.
NOTIC: [8] Undefined variable: contentlist_vedio D:\wamp\www\sdcn\Application\Runtime\Cache\Home\3fab25429d42acf91c8da9d120f3b953.php 第 158 行.
NOTIC: [8] Undefined variable: contentlist_app D:\wamp\www\sdcn\Application\Runtime\Cache\Home\3fab25429d42acf91c8da9d120f3b953.php 第 159 行.
NOTIC: [8] Undefined variable: contentlist_picture D:\wamp\www\sdcn\Application\Runtime\Cache\Home\3fab25429d42acf91c8da9d120f3b953.php 第 160 行.
INFO: Run Behavior\ParseTemplateBehavior [ RunTime:0.031238s ]
INFO: [ view_parse ] --END-- [ RunTime:0.031452s ]
INFO: [ view_filter ] --START--
INFO: Run Behavior\WriteHtmlCacheBehavior [ RunTime:0.001908s ]
INFO: [ view_filter ] --END-- [ RunTime:0.002255s ]
INFO: [ app_end ] --START--
INFO: Run Behavior\ShowPageTraceBehavior [ RunTime:0.002698s ]
INFO: [ app_end ] --END-- [ RunTime:0.002936s ]

[ 2014-12-10T10:40:30+08:00 ] 127.0.0.1 /sdcn/index.php/Home/Node/contentdistribution?ip=192.168.64.223
INFO: [ app_init ] --START--
INFO: Run Behavior\BuildLiteBehavior [ RunTime:0.000051s ]
INFO: [ app_init ] --END-- [ RunTime:0.001711s ]
INFO: [ app_begin ] --START--
INFO: Run Behavior\ReadHtmlCacheBehavior [ RunTime:0.001931s ]
INFO: [ app_begin ] --END-- [ RunTime:0.002190s ]
SQL: select content_type,content_size from syslog.cnode_content where cnode_ip='192.168.64.223' [ RunTime:0.001001s ]
INFO: [ view_parse ] --START--
INFO: [ template_filter ] --START--
INFO: Run Behavior\ContentReplaceBehavior [ RunTime:0.000232s ]
INFO: [ template_filter ] --END-- [ RunTime:0.000712s ]
NOTIC: [8] Undefined variable: data D:\wamp\www\sdcn\Application\Runtime\Cache\Home\3fab25429d42acf91c8da9d120f3b953.php 第 153 行.
NOTIC: [8] Undefined variable: contentlist_vedio D:\wamp\www\sdcn\Application\Runtime\Cache\Home\3fab25429d42acf91c8da9d120f3b953.php 第 158 行.
NOTIC: [8] Undefined variable: contentlist_app D:\wamp\www\sdcn\Application\Runtime\Cache\Home\3fab25429d42acf91c8da9d120f3b953.php 第 159 行.
NOTIC: [8] Undefined variable: contentlist_picture D:\wamp\www\sdcn\Application\Runtime\Cache\Home\3fab25429d42acf91c8da9d120f3b953.php 第 160 行.
INFO: Run Behavior\ParseTemplateBehavior [ RunTime:0.033642s ]
INFO: [ view_parse ] --END-- [ RunTime:0.033975s ]
INFO: [ view_filter ] --START--
INFO: Run Behavior\WriteHtmlCacheBehavior [ RunTime:0.001365s ]
INFO: [ view_filter ] --END-- [ RunTime:0.001581s ]
INFO: [ app_end ] --START--
INFO: Run Behavior\ShowPageTraceBehavior [ RunTime:0.002019s ]
INFO: [ app_end ] --END-- [ RunTime:0.002221s ]

[ 2014-12-10T10:41:26+08:00 ] 127.0.0.1 /sdcn/index.php/Home/Node/contentdistribution?ip=192.168.64.223
INFO: [ app_init ] --START--
INFO: Run Behavior\BuildLiteBehavior [ RunTime:0.000049s ]
INFO: [ app_init ] --END-- [ RunTime:0.001399s ]
INFO: [ app_begin ] --START--
INFO: Run Behavior\ReadHtmlCacheBehavior [ RunTime:0.001921s ]
INFO: [ app_begin ] --END-- [ RunTime:0.002229s ]
SQL: select content_type,content_size from syslog.cnode_content where cnode_ip='192.168.64.223' [ RunTime:0.001018s ]
INFO: [ view_parse ] --START--
INFO: [ template_filter ] --START--
INFO: Run Behavior\ContentReplaceBehavior [ RunTime:0.000150s ]
INFO: [ template_filter ] --END-- [ RunTime:0.000388s ]
NOTIC: [8] Undefined variable: data D:\wamp\www\sdcn\Application\Runtime\Cache\Home\3fab25429d42acf91c8da9d120f3b953.php 第 153 行.
NOTIC: [8] Undefined variable: contentlist_vedio D:\wamp\www\sdcn\Application\Runtime\Cache\Home\3fab25429d42acf91c8da9d120f3b953.php 第 158 行.
NOTIC: [8] Undefined variable: contentlist_app D:\wamp\www\sdcn\Application\Runtime\Cache\Home\3fab25429d42acf91c8da9d120f3b953.php 第 159 行.
NOTIC: [8] Undefined variable: contentlist_picture D:\wamp\www\sdcn\Application\Runtime\Cache\Home\3fab25429d42acf91c8da9d120f3b953.php 第 160 行.
INFO: Run Behavior\ParseTemplateBehavior [ RunTime:0.030296s ]
INFO: [ view_parse ] --END-- [ RunTime:0.030667s ]
INFO: [ view_filter ] --START--
INFO: Run Behavior\WriteHtmlCacheBehavior [ RunTime:0.001503s ]
INFO: [ view_filter ] --END-- [ RunTime:0.001720s ]
INFO: [ app_end ] --START--
INFO: Run Behavior\ShowPageTraceBehavior [ RunTime:0.001886s ]
INFO: [ app_end ] --END-- [ RunTime:0.002091s ]

[ 2014-12-10T10:41:33+08:00 ] 127.0.0.1 /sdcn/index.php/Home/Node/contentdistribution?ip=192.168.64.223
INFO: [ app_init ] --START--
INFO: Run Behavior\BuildLiteBehavior [ RunTime:0.000069s ]
INFO: [ app_init ] --END-- [ RunTime:0.001738s ]
INFO: [ app_begin ] --START--
INFO: Run Behavior\ReadHtmlCacheBehavior [ RunTime:0.003134s ]
INFO: [ app_begin ] --END-- [ RunTime:0.003563s ]
SQL: select content_type,content_size from syslog.cnode_content where cnode_ip='192.168.64.223' [ RunTime:0.001057s ]
INFO: [ view_parse ] --START--
INFO: [ template_filter ] --START--
INFO: Run Behavior\ContentReplaceBehavior [ RunTime:0.000258s ]
INFO: [ template_filter ] --END-- [ RunTime:0.000991s ]
NOTIC: [8] Undefined variable: data D:\wamp\www\sdcn\Application\Runtime\Cache\Home\3fab25429d42acf91c8da9d120f3b953.php 第 153 行.
NOTIC: [8] Undefined variable: contentlist_vedio D:\wamp\www\sdcn\Application\Runtime\Cache\Home\3fab25429d42acf91c8da9d120f3b953.php 第 158 行.
NOTIC: [8] Undefined variable: contentlist_app D:\wamp\www\sdcn\Application\Runtime\Cache\Home\3fab25429d42acf91c8da9d120f3b953.php 第 159 行.
NOTIC: [8] Undefined variable: contentlist_picture D:\wamp\www\sdcn\Application\Runtime\Cache\Home\3fab25429d42acf91c8da9d120f3b953.php 第 160 行.
INFO: Run Behavior\ParseTemplateBehavior [ RunTime:0.057074s ]
INFO: [ view_parse ] --END-- [ RunTime:0.057461s ]
INFO: [ view_filter ] --START--
INFO: Run Behavior\WriteHtmlCacheBehavior [ RunTime:0.004372s ]
INFO: [ view_filter ] --END-- [ RunTime:0.004798s ]
INFO: [ app_end ] --START--
INFO: Run Behavior\ShowPageTraceBehavior [ RunTime:0.003230s ]
INFO: [ app_end ] --END-- [ RunTime:0.003586s ]

[ 2014-12-10T10:42:19+08:00 ] 127.0.0.1 /sdcn/index.php/Home/Node/contentdistribution?ip=192.168.64.223
INFO: [ app_init ] --START--
INFO: Run Behavior\BuildLiteBehavior [ RunTime:0.000074s ]
INFO: [ app_init ] --END-- [ RunTime:0.002052s ]
INFO: [ app_begin ] --START--
INFO: Run Behavior\ReadHtmlCacheBehavior [ RunTime:0.001886s ]
INFO: [ app_begin ] --END-- [ RunTime:0.002186s ]
SQL: select content_type,content_size from syslog.cnode_content where cnode_ip='192.168.64.223' [ RunTime:0.000923s ]
INFO: [ view_parse ] --START--
INFO: [ template_filter ] --START--
INFO: Run Behavior\ContentReplaceBehavior [ RunTime:0.000154s ]
INFO: [ template_filter ] --END-- [ RunTime:0.000475s ]
NOTIC: [8] Undefined variable: data D:\wamp\www\sdcn\Application\Runtime\Cache\Home\3fab25429d42acf91c8da9d120f3b953.php 第 153 行.
NOTIC: [8] Undefined variable: contentlist_vedio D:\wamp\www\sdcn\Application\Runtime\Cache\Home\3fab25429d42acf91c8da9d120f3b953.php 第 158 行.
NOTIC: [8] Undefined variable: contentlist_app D:\wamp\www\sdcn\Application\Runtime\Cache\Home\3fab25429d42acf91c8da9d120f3b953.php 第 159 行.
NOTIC: [8] Undefined variable: contentlist_picture D:\wamp\www\sdcn\Application\Runtime\Cache\Home\3fab25429d42acf91c8da9d120f3b953.php 第 160 行.
INFO: Run Behavior\ParseTemplateBehavior [ RunTime:0.036660s ]
INFO: [ view_parse ] --END-- [ RunTime:0.036951s ]
INFO: [ view_filter ] --START--
INFO: Run Behavior\WriteHtmlCacheBehavior [ RunTime:0.001355s ]
INFO: [ view_filter ] --END-- [ RunTime:0.001578s ]
INFO: [ app_end ] --START--
INFO: Run Behavior\ShowPageTraceBehavior [ RunTime:0.002216s ]
INFO: [ app_end ] --END-- [ RunTime:0.002478s ]

[ 2014-12-10T10:47:20+08:00 ] 127.0.0.1 /sdcn/index.php/Home/Node/contentdistribution?ip=192.168.64.223
INFO: [ app_init ] --START--
INFO: Run Behavior\BuildLiteBehavior [ RunTime:0.000050s ]
INFO: [ app_init ] --END-- [ RunTime:0.001562s ]
INFO: [ app_begin ] --START--
INFO: Run Behavior\ReadHtmlCacheBehavior [ RunTime:0.001785s ]
INFO: [ app_begin ] --END-- [ RunTime:0.002089s ]
SQL: SHOW COLUMNS FROM syslog .cnode_content [ RunTime:0.001642s ]
SQL: SELECT `id`,`cnode_ip`,`content_num`,`content_size` FROM syslog .cnode_content WHERE ( cnode_ip = '192.168.64.223' )  [ RunTime:0.001268s ]
INFO: [ view_parse ] --START--
INFO: [ template_filter ] --START--
INFO: Run Behavior\ContentReplaceBehavior [ RunTime:0.000162s ]
INFO: [ template_filter ] --END-- [ RunTime:0.000412s ]
NOTIC: [8] Undefined variable: data D:\wamp\www\sdcn\Application\Runtime\Cache\Home\3fab25429d42acf91c8da9d120f3b953.php 第 153 行.
NOTIC: [8] Undefined variable: contentlist_vedio D:\wamp\www\sdcn\Application\Runtime\Cache\Home\3fab25429d42acf91c8da9d120f3b953.php 第 158 行.
NOTIC: [8] Undefined variable: contentlist_app D:\wamp\www\sdcn\Application\Runtime\Cache\Home\3fab25429d42acf91c8da9d120f3b953.php 第 159 行.
NOTIC: [8] Undefined variable: contentlist_picture D:\wamp\www\sdcn\Application\Runtime\Cache\Home\3fab25429d42acf91c8da9d120f3b953.php 第 160 行.
INFO: Run Behavior\ParseTemplateBehavior [ RunTime:0.031410s ]
INFO: [ view_parse ] --END-- [ RunTime:0.031651s ]
INFO: [ view_filter ] --START--
INFO: Run Behavior\WriteHtmlCacheBehavior [ RunTime:0.001132s ]
INFO: [ view_filter ] --END-- [ RunTime:0.001331s ]
INFO: [ app_end ] --START--
INFO: Run Behavior\ShowPageTraceBehavior [ RunTime:0.001568s ]
INFO: [ app_end ] --END-- [ RunTime:0.001773s ]

[ 2014-12-10T10:49:19+08:00 ] 127.0.0.1 /sdcn/index.php/Home/Node/contentdistribution?ip=192.168.64.223
INFO: [ app_init ] --START--
INFO: Run Behavior\BuildLiteBehavior [ RunTime:0.000049s ]
INFO: [ app_init ] --END-- [ RunTime:0.001261s ]
INFO: [ app_begin ] --START--
INFO: Run Behavior\ReadHtmlCacheBehavior [ RunTime:0.001553s ]
INFO: [ app_begin ] --END-- [ RunTime:0.001887s ]
SQL: SHOW COLUMNS FROM syslog .cnode_content [ RunTime:0.001749s ]
SQL: SELECT `content_type`,`content_size` FROM syslog .cnode_content WHERE ( cnode_ip = '192.168.64.223' )  [ RunTime:0.001058s ]
INFO: [ view_parse ] --START--
INFO: [ template_filter ] --START--
INFO: Run Behavior\ContentReplaceBehavior [ RunTime:0.000176s ]
INFO: [ template_filter ] --END-- [ RunTime:0.000600s ]
NOTIC: [8] Undefined variable: data D:\wamp\www\sdcn\Application\Runtime\Cache\Home\3fab25429d42acf91c8da9d120f3b953.php 第 153 行.
NOTIC: [8] Undefined variable: contentlist_vedio D:\wamp\www\sdcn\Application\Runtime\Cache\Home\3fab25429d42acf91c8da9d120f3b953.php 第 158 行.
NOTIC: [8] Undefined variable: contentlist_app D:\wamp\www\sdcn\Application\Runtime\Cache\Home\3fab25429d42acf91c8da9d120f3b953.php 第 159 行.
NOTIC: [8] Undefined variable: contentlist_picture D:\wamp\www\sdcn\Application\Runtime\Cache\Home\3fab25429d42acf91c8da9d120f3b953.php 第 160 行.
INFO: Run Behavior\ParseTemplateBehavior [ RunTime:0.033743s ]
INFO: [ view_parse ] --END-- [ RunTime:0.034044s ]
INFO: [ view_filter ] --START--
INFO: Run Behavior\WriteHtmlCacheBehavior [ RunTime:0.001402s ]
INFO: [ view_filter ] --END-- [ RunTime:0.001616s ]
INFO: [ app_end ] --START--
INFO: Run Behavior\ShowPageTraceBehavior [ RunTime:0.002067s ]
INFO: [ app_end ] --END-- [ RunTime:0.002380s ]

[ 2014-12-10T10:49:39+08:00 ] 127.0.0.1 /sdcn/index.php/Home/Node/contentdistribution?ip=192.168.64.223
INFO: [ app_init ] --START--
INFO: Run Behavior\BuildLiteBehavior [ RunTime:0.000051s ]
INFO: [ app_init ] --END-- [ RunTime:0.001747s ]
INFO: [ app_begin ] --START--
INFO: Run Behavior\ReadHtmlCacheBehavior [ RunTime:0.001814s ]
INFO: [ app_begin ] --END-- [ RunTime:0.002163s ]
SQL: SHOW COLUMNS FROM syslog .cnode_content [ RunTime:0.001618s ]
SQL: SELECT `content_type`,`content_size` FROM syslog .cnode_content WHERE ( cnode_ip = '192.168.64.223' ) LIMIT 1   [ RunTime:0.000992s ]
INFO: [ view_parse ] --START--
INFO: [ template_filter ] --START--
INFO: Run Behavior\ContentReplaceBehavior [ RunTime:0.000159s ]
INFO: [ template_filter ] --END-- [ RunTime:0.000397s ]
NOTIC: [8] Undefined variable: data D:\wamp\www\sdcn\Application\Runtime\Cache\Home\3fab25429d42acf91c8da9d120f3b953.php 第 153 行.
NOTIC: [8] Undefined variable: contentlist_vedio D:\wamp\www\sdcn\Application\Runtime\Cache\Home\3fab25429d42acf91c8da9d120f3b953.php 第 158 行.
NOTIC: [8] Undefined variable: contentlist_app D:\wamp\www\sdcn\Application\Runtime\Cache\Home\3fab25429d42acf91c8da9d120f3b953.php 第 159 行.
NOTIC: [8] Undefined variable: contentlist_picture D:\wamp\www\sdcn\Application\Runtime\Cache\Home\3fab25429d42acf91c8da9d120f3b953.php 第 160 行.
INFO: Run Behavior\ParseTemplateBehavior [ RunTime:0.027765s ]
INFO: [ view_parse ] --END-- [ RunTime:0.028049s ]
INFO: [ view_filter ] --START--
INFO: Run Behavior\WriteHtmlCacheBehavior [ RunTime:0.001124s ]
INFO: [ view_filter ] --END-- [ RunTime:0.001322s ]
INFO: [ app_end ] --START--
INFO: Run Behavior\ShowPageTraceBehavior [ RunTime:0.001669s ]
INFO: [ app_end ] --END-- [ RunTime:0.001914s ]

[ 2014-12-10T10:50:01+08:00 ] 127.0.0.1 /sdcn/index.php/Home/Node/contentdistribution?ip=192.168.64.223
INFO: [ app_init ] --START--
INFO: Run Behavior\BuildLiteBehavior [ RunTime:0.000086s ]
INFO: [ app_init ] --END-- [ RunTime:0.001456s ]
INFO: [ app_begin ] --START--
INFO: Run Behavior\ReadHtmlCacheBehavior [ RunTime:0.001599s ]
INFO: [ app_begin ] --END-- [ RunTime:0.001877s ]
SQL: SHOW COLUMNS FROM syslog .cnode_content [ RunTime:0.002283s ]
SQL: SELECT `content_type`,`content_size` FROM syslog .cnode_content WHERE ( cnode_ip = '192.168.64.223' )  [ RunTime:0.001209s ]
INFO: [ view_parse ] --START--
INFO: [ template_filter ] --START--
INFO: Run Behavior\ContentReplaceBehavior [ RunTime:0.000168s ]
INFO: [ template_filter ] --END-- [ RunTime:0.000418s ]
NOTIC: [8] Undefined variable: data D:\wamp\www\sdcn\Application\Runtime\Cache\Home\3fab25429d42acf91c8da9d120f3b953.php 第 153 行.
NOTIC: [8] Undefined variable: contentlist_vedio D:\wamp\www\sdcn\Application\Runtime\Cache\Home\3fab25429d42acf91c8da9d120f3b953.php 第 158 行.
NOTIC: [8] Undefined variable: contentlist_app D:\wamp\www\sdcn\Application\Runtime\Cache\Home\3fab25429d42acf91c8da9d120f3b953.php 第 159 行.
NOTIC: [8] Undefined variable: contentlist_picture D:\wamp\www\sdcn\Application\Runtime\Cache\Home\3fab25429d42acf91c8da9d120f3b953.php 第 160 行.
INFO: Run Behavior\ParseTemplateBehavior [ RunTime:0.029185s ]
INFO: [ view_parse ] --END-- [ RunTime:0.029396s ]
INFO: [ view_filter ] --START--
INFO: Run Behavior\WriteHtmlCacheBehavior [ RunTime:0.000973s ]
INFO: [ view_filter ] --END-- [ RunTime:0.001235s ]
INFO: [ app_end ] --START--
INFO: Run Behavior\ShowPageTraceBehavior [ RunTime:0.001840s ]
INFO: [ app_end ] --END-- [ RunTime:0.002155s ]

[ 2014-12-10T10:50:02+08:00 ] 127.0.0.1 /sdcn/index.php/Home/Node/contentdistribution?ip=192.168.64.223
INFO: [ app_init ] --START--
INFO: Run Behavior\BuildLiteBehavior [ RunTime:0.000072s ]
INFO: [ app_init ] --END-- [ RunTime:0.001552s ]
INFO: [ app_begin ] --START--
INFO: Run Behavior\ReadHtmlCacheBehavior [ RunTime:0.001743s ]
INFO: [ app_begin ] --END-- [ RunTime:0.002024s ]
SQL: SHOW COLUMNS FROM syslog .cnode_content [ RunTime:0.001481s ]
SQL: SELECT `content_type`,`content_size` FROM syslog .cnode_content WHERE ( cnode_ip = '192.168.64.223' )  [ RunTime:0.001085s ]
INFO: [ view_parse ] --START--
INFO: [ template_filter ] --START--
INFO: Run Behavior\ContentReplaceBehavior [ RunTime:0.000163s ]
INFO: [ template_filter ] --END-- [ RunTime:0.000421s ]
NOTIC: [8] Undefined variable: data D:\wamp\www\sdcn\Application\Runtime\Cache\Home\3fab25429d42acf91c8da9d120f3b953.php 第 153 行.
NOTIC: [8] Undefined variable: contentlist_vedio D:\wamp\www\sdcn\Application\Runtime\Cache\Home\3fab25429d42acf91c8da9d120f3b953.php 第 158 行.
NOTIC: [8] Undefined variable: contentlist_app D:\wamp\www\sdcn\Application\Runtime\Cache\Home\3fab25429d42acf91c8da9d120f3b953.php 第 159 行.
NOTIC: [8] Undefined variable: contentlist_picture D:\wamp\www\sdcn\Application\Runtime\Cache\Home\3fab25429d42acf91c8da9d120f3b953.php 第 160 行.
INFO: Run Behavior\ParseTemplateBehavior [ RunTime:0.032086s ]
INFO: [ view_parse ] --END-- [ RunTime:0.032384s ]
INFO: [ view_filter ] --START--
INFO: Run Behavior\WriteHtmlCacheBehavior [ RunTime:0.001719s ]
INFO: [ view_filter ] --END-- [ RunTime:0.002100s ]
INFO: [ app_end ] --START--
INFO: Run Behavior\ShowPageTraceBehavior [ RunTime:0.002057s ]
INFO: [ app_end ] --END-- [ RunTime:0.002503s ]

[ 2014-12-10T11:17:38+08:00 ] 127.0.0.1 /sdcn/index.php/Home/Node/contentdistribution?ip=192.168.64.223
INFO: [ app_init ] --START--
INFO: Run Behavior\BuildLiteBehavior [ RunTime:0.000062s ]
INFO: [ app_init ] --END-- [ RunTime:0.001574s ]
INFO: [ app_begin ] --START--
INFO: Run Behavior\ReadHtmlCacheBehavior [ RunTime:0.002423s ]
INFO: [ app_begin ] --END-- [ RunTime:0.002816s ]
SQL: SHOW COLUMNS FROM syslog .cnode_content [ RunTime:0.001686s ]
INFO: [ view_parse ] --START--
INFO: [ template_filter ] --START--
INFO: Run Behavior\ContentReplaceBehavior [ RunTime:0.000159s ]
INFO: [ template_filter ] --END-- [ RunTime:0.000423s ]
NOTIC: [8] Undefined variable: data D:\wamp\www\sdcn\Application\Runtime\Cache\Home\3fab25429d42acf91c8da9d120f3b953.php 第 153 行.
NOTIC: [8] Undefined variable: contentlist_vedio D:\wamp\www\sdcn\Application\Runtime\Cache\Home\3fab25429d42acf91c8da9d120f3b953.php 第 158 行.
NOTIC: [8] Undefined variable: contentlist_app D:\wamp\www\sdcn\Application\Runtime\Cache\Home\3fab25429d42acf91c8da9d120f3b953.php 第 159 行.
NOTIC: [8] Undefined variable: contentlist_picture D:\wamp\www\sdcn\Application\Runtime\Cache\Home\3fab25429d42acf91c8da9d120f3b953.php 第 160 行.
INFO: Run Behavior\ParseTemplateBehavior [ RunTime:0.035491s ]
INFO: [ view_parse ] --END-- [ RunTime:0.035795s ]
INFO: [ view_filter ] --START--
INFO: Run Behavior\WriteHtmlCacheBehavior [ RunTime:0.001668s ]
INFO: [ view_filter ] --END-- [ RunTime:0.001968s ]
INFO: [ app_end ] --START--
INFO: Run Behavior\ShowPageTraceBehavior [ RunTime:0.001841s ]
INFO: [ app_end ] --END-- [ RunTime:0.002062s ]

