[ 2015-01-05T09:08:18+08:00 ] 127.0.0.1 /sdcn/index.php/home/user/login
INFO: [ app_init ] --START--
INFO: Run Behavior\BuildLiteBehavior [ RunTime:0.000052s ]
INFO: [ app_init ] --END-- [ RunTime:0.040999s ]
INFO: [ app_begin ] --START--
INFO: Run Behavior\ReadHtmlCacheBehavior [ RunTime:0.020213s ]
INFO: [ app_begin ] --END-- [ RunTime:0.020521s ]
INFO: [ view_parse ] --START--
INFO: [ template_filter ] --START--
INFO: Run Behavior\ContentReplaceBehavior [ RunTime:0.000126s ]
INFO: [ template_filter ] --END-- [ RunTime:0.000349s ]
NOTIC: [8] Undefined variable: errmsg D:\wamp\www\sdcn\Application\Runtime\Cache\Home\5c9ee6d19cd41add49f97afe3aef0b25.php 第 42 行.
INFO: Run Behavior\ParseTemplateBehavior [ RunTime:0.066620s ]
INFO: [ view_parse ] --END-- [ RunTime:0.066899s ]
INFO: [ view_filter ] --START--
INFO: Run Behavior\WriteHtmlCacheBehavior [ RunTime:0.027222s ]
INFO: [ view_filter ] --END-- [ RunTime:0.027447s ]
INFO: [ app_end ] --START--
INFO: Run Behavior\ShowPageTraceBehavior [ RunTime:0.002392s ]
INFO: [ app_end ] --END-- [ RunTime:0.002706s ]

[ 2015-01-05T09:08:42+08:00 ] 127.0.0.1 /sdcn/index.php/Home/User/login
INFO: [ app_init ] --START--
INFO: Run Behavior\BuildLiteBehavior [ RunTime:0.000047s ]
INFO: [ app_init ] --END-- [ RunTime:0.001103s ]
INFO: [ app_begin ] --START--
INFO: Run Behavior\ReadHtmlCacheBehavior [ RunTime:0.000983s ]
INFO: [ app_begin ] --END-- [ RunTime:0.001250s ]
SQL: SHOW COLUMNS FROM `think_user` [ RunTime:0.016763s ]
SQL: SELECT * FROM `think_user` WHERE ( name = 'shengsr' ) LIMIT 1   [ RunTime:0.000976s ]
SQL: SELECT * FROM `think_user` WHERE ( password = '3dcfd63e84d210efffb16514dbeae58d' ) LIMIT 1   [ RunTime:0.000566s ]

[ 2015-01-05T09:08:42+08:00 ] 127.0.0.1 /sdcn/index.php/Home/Index/index.html
INFO: [ app_init ] --START--
INFO: Run Behavior\BuildLiteBehavior [ RunTime:0.000052s ]
INFO: [ app_init ] --END-- [ RunTime:0.000879s ]
INFO: [ app_begin ] --START--
INFO: Run Behavior\ReadHtmlCacheBehavior [ RunTime:0.001051s ]
INFO: [ app_begin ] --END-- [ RunTime:0.001241s ]
SQL: select ip,node_type,total_cache_num,cache_used_rate,total_cache_size,status from sdcn_controller.store_node  t1 left join 	syslog.cnode  t2  on t1.ip = t2.cnode_ip [ RunTime:0.001408s ]
INFO: [ view_parse ] --START--
INFO: [ template_filter ] --START--
INFO: Run Behavior\ContentReplaceBehavior [ RunTime:0.000140s ]
INFO: [ template_filter ] --END-- [ RunTime:0.000350s ]
INFO: Run Behavior\ParseTemplateBehavior [ RunTime:0.050876s ]
INFO: [ view_parse ] --END-- [ RunTime:0.051245s ]
INFO: [ view_filter ] --START--
INFO: Run Behavior\WriteHtmlCacheBehavior [ RunTime:0.000589s ]
INFO: [ view_filter ] --END-- [ RunTime:0.000784s ]
INFO: [ app_end ] --START--
INFO: Run Behavior\ShowPageTraceBehavior [ RunTime:0.000982s ]
INFO: [ app_end ] --END-- [ RunTime:0.001178s ]

[ 2015-01-05T09:08:45+08:00 ] 127.0.0.1 /sdcn/index.php/Home/Node/contentdistribution?ip=192.168.64.223
INFO: [ app_init ] --START--
INFO: Run Behavior\BuildLiteBehavior [ RunTime:0.000042s ]
INFO: [ app_init ] --END-- [ RunTime:0.000800s ]
INFO: [ app_begin ] --START--
INFO: Run Behavior\ReadHtmlCacheBehavior [ RunTime:0.001018s ]
INFO: [ app_begin ] --END-- [ RunTime:0.001241s ]
INFO: [ view_parse ] --START--
INFO: [ template_filter ] --START--
INFO: Run Behavior\ContentReplaceBehavior [ RunTime:0.000150s ]
INFO: [ template_filter ] --END-- [ RunTime:0.000356s ]
INFO: Run Behavior\ParseTemplateBehavior [ RunTime:0.051279s ]
INFO: [ view_parse ] --END-- [ RunTime:0.051622s ]
INFO: [ view_filter ] --START--
INFO: Run Behavior\WriteHtmlCacheBehavior [ RunTime:0.000488s ]
INFO: [ view_filter ] --END-- [ RunTime:0.000662s ]
INFO: [ app_end ] --START--
INFO: Run Behavior\ShowPageTraceBehavior [ RunTime:0.000945s ]
INFO: [ app_end ] --END-- [ RunTime:0.001146s ]

[ 2015-01-05T09:08:48+08:00 ] 127.0.0.1 /sdcn/index.php/Home/Node/cacherequest.html?ip=192.168.64.223
INFO: [ app_init ] --START--
INFO: Run Behavior\BuildLiteBehavior [ RunTime:0.000042s ]
INFO: [ app_init ] --END-- [ RunTime:0.000866s ]
INFO: [ app_begin ] --START--
INFO: Run Behavior\ReadHtmlCacheBehavior [ RunTime:0.000981s ]
INFO: [ app_begin ] --END-- [ RunTime:0.001184s ]
SQL: select client_ip,start_time,approach from client_status group by start_time [ RunTime:0.035030s ]
INFO: [ view_parse ] --START--
INFO: [ template_filter ] --START--
INFO: Run Behavior\ContentReplaceBehavior [ RunTime:0.000131s ]
INFO: [ template_filter ] --END-- [ RunTime:0.000357s ]
INFO: Run Behavior\ParseTemplateBehavior [ RunTime:0.041290s ]
INFO: [ view_parse ] --END-- [ RunTime:0.041516s ]
INFO: [ view_filter ] --START--
INFO: Run Behavior\WriteHtmlCacheBehavior [ RunTime:0.000517s ]
INFO: [ view_filter ] --END-- [ RunTime:0.000692s ]
INFO: [ app_end ] --START--
INFO: Run Behavior\ShowPageTraceBehavior [ RunTime:0.000941s ]
INFO: [ app_end ] --END-- [ RunTime:0.001123s ]

[ 2015-01-05T09:08:50+08:00 ] 127.0.0.1 /sdcn/index.php/Home/Node/cachehit.html?ip=192.168.64.223
INFO: [ app_init ] --START--
INFO: Run Behavior\BuildLiteBehavior [ RunTime:0.000043s ]
INFO: [ app_init ] --END-- [ RunTime:0.000894s ]
INFO: [ app_begin ] --START--
INFO: Run Behavior\ReadHtmlCacheBehavior [ RunTime:0.000941s ]
INFO: [ app_begin ] --END-- [ RunTime:0.001215s ]
SQL: select client_ip,start_time,approach from client_status group by start_time [ RunTime:0.000448s ]
INFO: [ view_parse ] --START--
INFO: [ template_filter ] --START--
INFO: Run Behavior\ContentReplaceBehavior [ RunTime:0.000133s ]
INFO: [ template_filter ] --END-- [ RunTime:0.000403s ]
INFO: Run Behavior\ParseTemplateBehavior [ RunTime:0.039098s ]
INFO: [ view_parse ] --END-- [ RunTime:0.039407s ]
INFO: [ view_filter ] --START--
INFO: Run Behavior\WriteHtmlCacheBehavior [ RunTime:0.000583s ]
INFO: [ view_filter ] --END-- [ RunTime:0.000761s ]
INFO: [ app_end ] --START--
INFO: Run Behavior\ShowPageTraceBehavior [ RunTime:0.000996s ]
INFO: [ app_end ] --END-- [ RunTime:0.001198s ]

